<?xml version="1.0" encoding="UTF-8"?>
<coverage generated="1751446618821" clover="3.2.0">
  <project timestamp="1751446618822" name="All files">
    <metrics statements="778" coveredstatements="603" conditionals="297" coveredconditionals="164" methods="147" coveredmethods="110" elements="1222" coveredelements="877" complexity="0" loc="778" ncloc="778" packages="10" files="67" classes="67"/>
    <package name="src">
      <metrics statements="20" coveredstatements="19" conditionals="2" coveredconditionals="1" methods="1" coveredmethods="0"/>
      <file name="app.ts" path="C:\Users\antti\Desktop\koulutehtävät\fullstackopen\projekti\backend\src\app.ts">
        <metrics statements="20" coveredstatements="19" conditionals="2" coveredconditionals="1" methods="1" coveredmethods="0"/>
        <line num="21" count="9" type="stmt"/>
        <line num="23" count="9" type="stmt"/>
        <line num="24" count="9" type="stmt"/>
        <line num="26" count="9" type="stmt"/>
        <line num="33" count="9" type="stmt"/>
        <line num="34" count="9" type="stmt"/>
        <line num="35" count="9" type="stmt"/>
        <line num="36" count="9" type="stmt"/>
        <line num="37" count="9" type="stmt"/>
        <line num="38" count="9" type="stmt"/>
        <line num="39" count="9" type="stmt"/>
        <line num="40" count="9" type="stmt"/>
        <line num="41" count="9" type="stmt"/>
        <line num="43" count="9" type="stmt"/>
        <line num="44" count="9" type="stmt"/>
        <line num="46" count="9" type="stmt"/>
        <line num="48" count="9" type="stmt"/>
        <line num="49" count="0" type="stmt"/>
        <line num="52" count="9" type="stmt"/>
        <line num="53" count="9" type="stmt"/>
      </file>
    </package>
    <package name="src.controllers">
      <metrics statements="162" coveredstatements="142" conditionals="19" coveredconditionals="10" methods="31" coveredmethods="27"/>
      <file name="comments.ts" path="C:\Users\antti\Desktop\koulutehtävät\fullstackopen\projekti\backend\src\controllers\comments.ts">
        <metrics statements="18" coveredstatements="18" conditionals="0" coveredconditionals="0" methods="4" coveredmethods="4"/>
        <line num="19" count="9" type="stmt"/>
        <line num="23" count="9" type="stmt"/>
        <line num="29" count="1" type="stmt"/>
        <line num="30" count="1" type="stmt"/>
        <line num="33" count="1" type="stmt"/>
        <line num="41" count="9" type="stmt"/>
        <line num="45" count="1" type="stmt"/>
        <line num="47" count="1" type="stmt"/>
        <line num="55" count="1" type="stmt"/>
        <line num="57" count="1" type="stmt"/>
        <line num="71" count="9" type="stmt"/>
        <line num="77" count="1" type="stmt"/>
        <line num="78" count="1" type="stmt"/>
        <line num="80" count="1" type="stmt"/>
        <line num="94" count="9" type="stmt"/>
        <line num="99" count="1" type="stmt"/>
        <line num="101" count="1" type="stmt"/>
        <line num="102" count="1" type="stmt"/>
      </file>
      <file name="contactForm.ts" path="C:\Users\antti\Desktop\koulutehtävät\fullstackopen\projekti\backend\src\controllers\contactForm.ts">
        <metrics statements="6" coveredstatements="6" conditionals="0" coveredconditionals="0" methods="1" coveredmethods="1"/>
        <line num="12" count="9" type="stmt"/>
        <line num="18" count="9" type="stmt"/>
        <line num="22" count="1" type="stmt"/>
        <line num="25" count="1" type="stmt"/>
        <line num="26" count="1" type="stmt"/>
        <line num="28" count="1" type="stmt"/>
      </file>
      <file name="keywords.ts" path="C:\Users\antti\Desktop\koulutehtävät\fullstackopen\projekti\backend\src\controllers\keywords.ts">
        <metrics statements="13" coveredstatements="13" conditionals="0" coveredconditionals="0" methods="3" coveredmethods="3"/>
        <line num="15" count="9" type="stmt"/>
        <line num="19" count="9" type="stmt"/>
        <line num="20" count="1" type="stmt"/>
        <line num="21" count="1" type="stmt"/>
        <line num="30" count="9" type="stmt"/>
        <line num="36" count="1" type="stmt"/>
        <line num="38" count="1" type="stmt"/>
        <line num="39" count="1" type="stmt"/>
        <line num="42" count="1" type="stmt"/>
        <line num="44" count="1" type="stmt"/>
        <line num="58" count="9" type="stmt"/>
        <line num="64" count="1" type="stmt"/>
        <line num="65" count="1" type="stmt"/>
      </file>
      <file name="login.ts" path="C:\Users\antti\Desktop\koulutehtävät\fullstackopen\projekti\backend\src\controllers\login.ts">
        <metrics statements="9" coveredstatements="9" conditionals="0" coveredconditionals="0" methods="1" coveredmethods="1"/>
        <line num="10" count="9" type="stmt"/>
        <line num="16" count="9" type="stmt"/>
        <line num="20" count="13" type="stmt"/>
        <line num="22" count="13" type="stmt"/>
        <line num="24" count="10" type="stmt"/>
        <line num="26" count="10" type="stmt"/>
        <line num="28" count="10" type="stmt"/>
        <line num="30" count="10" type="stmt"/>
        <line num="32" count="10" type="stmt"/>
      </file>
      <file name="logout.ts" path="C:\Users\antti\Desktop\koulutehtävät\fullstackopen\projekti\backend\src\controllers\logout.ts">
        <metrics statements="10" coveredstatements="10" conditionals="0" coveredconditionals="0" methods="2" coveredmethods="2"/>
        <line num="10" count="9" type="stmt"/>
        <line num="17" count="9" type="stmt"/>
        <line num="22" count="4" type="stmt"/>
        <line num="23" count="4" type="stmt"/>
        <line num="24" count="4" type="stmt"/>
        <line num="26" count="4" type="stmt"/>
        <line num="30" count="9" type="stmt"/>
        <line num="35" count="1" type="stmt"/>
        <line num="36" count="1" type="stmt"/>
        <line num="38" count="1" type="stmt"/>
      </file>
      <file name="pictures.ts" path="C:\Users\antti\Desktop\koulutehtävät\fullstackopen\projekti\backend\src\controllers\pictures.ts">
        <metrics statements="43" coveredstatements="41" conditionals="17" coveredconditionals="9" methods="7" coveredmethods="7"/>
        <line num="23" count="9" type="stmt"/>
        <line num="31" count="9" type="stmt"/>
        <line num="39" count="1" type="stmt"/>
        <line num="42" count="1" type="stmt"/>
        <line num="52" count="1" type="cond" truecount="2" falsecount="2"/>
        <line num="53" count="1" type="cond" truecount="3" falsecount="1"/>
        <line num="54" count="1" type="stmt"/>
        <line num="58" count="1" type="cond" truecount="2" falsecount="3"/>
        <line num="59" count="0" type="stmt"/>
        <line num="63" count="1" type="cond" truecount="1" falsecount="1"/>
        <line num="64" count="0" type="stmt"/>
        <line num="68" count="1" type="stmt"/>
        <line num="69" count="1" type="stmt"/>
        <line num="79" count="9" type="stmt"/>
        <line num="86" count="1" type="stmt"/>
        <line num="87" count="1" type="stmt"/>
        <line num="90" count="1" type="stmt"/>
        <line num="96" count="9" type="stmt"/>
        <line num="97" count="1" type="stmt"/>
        <line num="101" count="1" type="stmt"/>
        <line num="108" count="1" type="stmt"/>
        <line num="113" count="9" type="stmt"/>
        <line num="114" count="1" type="stmt"/>
        <line num="117" count="1" type="stmt"/>
        <line num="124" count="1" type="stmt"/>
        <line num="129" count="9" type="stmt"/>
        <line num="130" count="1" type="stmt"/>
        <line num="132" count="1" type="stmt"/>
        <line num="140" count="1" type="stmt"/>
        <line num="147" count="9" type="stmt"/>
        <line num="151" count="1" type="stmt"/>
        <line num="152" count="1" type="stmt"/>
        <line num="154" count="1" type="stmt"/>
        <line num="155" count="1" type="stmt"/>
        <line num="159" count="1" type="stmt"/>
        <line num="168" count="9" type="stmt"/>
        <line num="173" count="1" type="stmt"/>
        <line num="175" count="1" type="stmt"/>
        <line num="176" count="1" type="cond" truecount="1" falsecount="1"/>
        <line num="178" count="1" type="stmt"/>
        <line num="179" count="1" type="stmt"/>
        <line num="181" count="1" type="stmt"/>
        <line num="182" count="1" type="stmt"/>
      </file>
      <file name="ratings.ts" path="C:\Users\antti\Desktop\koulutehtävät\fullstackopen\projekti\backend\src\controllers\ratings.ts">
        <metrics statements="10" coveredstatements="7" conditionals="0" coveredconditionals="0" methods="2" coveredmethods="1"/>
        <line num="9" count="9" type="stmt"/>
        <line num="11" count="9" type="stmt"/>
        <line num="22" count="9" type="stmt"/>
        <line num="23" count="0" type="stmt"/>
        <line num="25" count="0" type="stmt"/>
        <line num="29" count="0" type="stmt"/>
        <line num="44" count="9" type="stmt"/>
        <line num="50" count="1" type="stmt"/>
        <line num="53" count="1" type="stmt"/>
        <line num="54" count="1" type="stmt"/>
      </file>
      <file name="replies.ts" path="C:\Users\antti\Desktop\koulutehtävät\fullstackopen\projekti\backend\src\controllers\replies.ts">
        <metrics statements="19" coveredstatements="19" conditionals="2" coveredconditionals="1" methods="4" coveredmethods="4"/>
        <line num="20" count="9" type="stmt"/>
        <line num="22" count="9" type="stmt"/>
        <line num="26" count="9" type="stmt"/>
        <line num="27" count="1" type="stmt"/>
        <line num="29" count="1" type="stmt"/>
        <line num="35" count="1" type="stmt"/>
        <line num="40" count="9" type="stmt"/>
        <line num="52" count="1" type="stmt"/>
        <line num="54" count="1" type="stmt"/>
        <line num="64" count="1" type="stmt"/>
        <line num="66" count="1" type="cond" truecount="1" falsecount="1"/>
        <line num="67" count="1" type="stmt"/>
        <line num="70" count="1" type="stmt"/>
        <line num="84" count="9" type="stmt"/>
        <line num="90" count="1" type="stmt"/>
        <line num="91" count="1" type="stmt"/>
        <line num="105" count="9" type="stmt"/>
        <line num="110" count="1" type="stmt"/>
        <line num="111" count="1" type="stmt"/>
      </file>
      <file name="users.ts" path="C:\Users\antti\Desktop\koulutehtävät\fullstackopen\projekti\backend\src\controllers\users.ts">
        <metrics statements="34" coveredstatements="19" conditionals="0" coveredconditionals="0" methods="7" coveredmethods="4"/>
        <line num="22" count="9" type="stmt"/>
        <line num="24" count="9" type="stmt"/>
        <line num="26" count="9" type="stmt"/>
        <line num="27" count="0" type="stmt"/>
        <line num="28" count="0" type="stmt"/>
        <line num="33" count="9" type="stmt"/>
        <line num="34" count="1" type="stmt"/>
        <line num="35" count="1" type="stmt"/>
        <line num="44" count="9" type="stmt"/>
        <line num="50" count="0" type="stmt"/>
        <line num="51" count="0" type="stmt"/>
        <line num="61" count="9" type="stmt"/>
        <line num="67" count="2" type="stmt"/>
        <line num="69" count="2" type="stmt"/>
        <line num="83" count="9" type="stmt"/>
        <line num="89" count="0" type="stmt"/>
        <line num="91" count="0" type="stmt"/>
        <line num="93" count="0" type="stmt"/>
        <line num="94" count="0" type="stmt"/>
        <line num="95" count="0" type="stmt"/>
        <line num="96" count="0" type="stmt"/>
        <line num="97" count="0" type="stmt"/>
        <line num="98" count="0" type="stmt"/>
        <line num="99" count="0" type="stmt"/>
        <line num="101" count="0" type="stmt"/>
        <line num="102" count="0" type="stmt"/>
        <line num="112" count="9" type="stmt"/>
        <line num="117" count="1" type="stmt"/>
        <line num="119" count="1" type="stmt"/>
        <line num="121" count="1" type="stmt"/>
        <line num="129" count="1" type="stmt"/>
        <line num="143" count="9" type="stmt"/>
        <line num="148" count="1" type="stmt"/>
        <line num="149" count="1" type="stmt"/>
      </file>
    </package>
    <package name="src.errors">
      <metrics statements="5" coveredstatements="5" conditionals="5" coveredconditionals="2" methods="1" coveredmethods="1"/>
      <file name="AppError.ts" path="C:\Users\antti\Desktop\koulutehtävät\fullstackopen\projekti\backend\src\errors\AppError.ts">
        <metrics statements="5" coveredstatements="5" conditionals="5" coveredconditionals="2" methods="1" coveredmethods="1"/>
        <line num="20" count="7" type="cond" truecount="1" falsecount="2"/>
        <line num="21" count="7" type="stmt"/>
        <line num="22" count="7" type="stmt"/>
        <line num="23" count="7" type="stmt"/>
        <line num="24" count="7" type="stmt"/>
      </file>
    </package>
    <package name="src.middleware">
      <metrics statements="246" coveredstatements="177" conditionals="157" coveredconditionals="92" methods="30" coveredmethods="25"/>
      <file name="errorHandlers.ts" path="C:\Users\antti\Desktop\koulutehtävät\fullstackopen\projekti\backend\src\middleware\errorHandlers.ts">
        <metrics statements="23" coveredstatements="9" conditionals="10" coveredconditionals="3" methods="4" coveredmethods="2"/>
        <line num="13" count="9" type="stmt"/>
        <line num="14" count="0" type="stmt"/>
        <line num="21" count="9" type="stmt"/>
        <line num="27" count="11" type="cond" truecount="2" falsecount="0"/>
        <line num="28" count="7" type="stmt"/>
        <line num="32" count="7" type="stmt"/>
        <line num="33" count="4" type="cond" truecount="1" falsecount="1"/>
        <line num="34" count="4" type="stmt"/>
        <line num="37" count="5" type="stmt"/>
        <line num="42" count="4" type="stmt"/>
        <line num="43" count="0" type="cond" truecount="0" falsecount="2"/>
        <line num="44" count="0" type="stmt"/>
        <line num="45" count="0" type="stmt"/>
        <line num="50" count="0" type="stmt"/>
        <line num="51" count="0" type="cond" truecount="0" falsecount="2"/>
        <line num="52" count="0" type="stmt"/>
        <line num="57" count="0" type="stmt"/>
        <line num="58" count="0" type="cond" truecount="0" falsecount="2"/>
        <line num="59" count="0" type="stmt"/>
        <line num="64" count="0" type="stmt"/>
        <line num="66" count="0" type="stmt"/>
        <line num="72" count="0" type="stmt"/>
        <line num="73" count="0" type="stmt"/>
      </file>
      <file name="finders.ts" path="C:\Users\antti\Desktop\koulutehtävät\fullstackopen\projekti\backend\src\middleware\finders.ts">
        <metrics statements="20" coveredstatements="19" conditionals="10" coveredconditionals="9" methods="2" coveredmethods="2"/>
        <line num="13" count="9" type="stmt"/>
        <line num="18" count="45" type="stmt"/>
        <line num="19" count="12" type="stmt"/>
        <line num="20" count="12" type="cond" truecount="1" falsecount="1"/>
        <line num="21" count="0" type="stmt"/>
        <line num="24" count="12" type="cond" truecount="2" falsecount="0"/>
        <line num="25" count="3" type="stmt"/>
        <line num="26" count="9" type="cond" truecount="2" falsecount="0"/>
        <line num="27" count="2" type="stmt"/>
        <line num="28" count="7" type="cond" truecount="2" falsecount="0"/>
        <line num="29" count="3" type="stmt"/>
        <line num="30" count="4" type="cond" truecount="2" falsecount="0"/>
        <line num="31" count="3" type="stmt"/>
        <line num="33" count="1" type="stmt"/>
        <line num="35" count="12" type="stmt"/>
        <line num="39" count="9" type="stmt"/>
        <line num="40" count="9" type="stmt"/>
        <line num="41" count="9" type="stmt"/>
        <line num="42" count="9" type="stmt"/>
        <line num="43" count="9" type="stmt"/>
      </file>
      <file name="tokenExtractor.ts" path="C:\Users\antti\Desktop\koulutehtävät\fullstackopen\projekti\backend\src\middleware\tokenExtractor.ts">
        <metrics statements="25" coveredstatements="22" conditionals="15" coveredconditionals="13" methods="2" coveredmethods="2"/>
        <line num="14" count="9" type="stmt"/>
        <line num="19" count="20" type="stmt"/>
        <line num="20" count="20" type="stmt"/>
        <line num="21" count="20" type="stmt"/>
        <line num="22" count="20" type="cond" truecount="2" falsecount="0"/>
        <line num="23" count="17" type="stmt"/>
        <line num="24" count="17" type="stmt"/>
        <line num="26" count="3" type="stmt"/>
        <line num="30" count="9" type="stmt"/>
        <line num="33" count="20" type="cond" truecount="4" falsecount="0"/>
        <line num="34" count="1" type="stmt"/>
        <line num="37" count="19" type="stmt"/>
        <line num="38" count="19" type="stmt"/>
        <line num="40" count="19" type="cond" truecount="2" falsecount="0"/>
        <line num="41" count="1" type="stmt"/>
        <line num="44" count="18" type="stmt"/>
        <line num="45" count="18" type="stmt"/>
        <line num="47" count="17" type="cond" truecount="4" falsecount="1"/>
        <line num="48" count="0" type="stmt"/>
        <line num="51" count="17" type="stmt"/>
        <line num="53" count="1" type="stmt"/>
        <line num="55" count="1" type="cond" truecount="1" falsecount="1"/>
        <line num="56" count="0" type="stmt"/>
        <line num="57" count="0" type="stmt"/>
        <line num="60" count="1" type="stmt"/>
      </file>
      <file name="userExtractor.ts" path="C:\Users\antti\Desktop\koulutehtävät\fullstackopen\projekti\backend\src\middleware\userExtractor.ts">
        <metrics statements="8" coveredstatements="6" conditionals="2" coveredconditionals="1" methods="1" coveredmethods="1"/>
        <line num="5" count="9" type="stmt"/>
        <line num="10" count="7" type="stmt"/>
        <line num="12" count="7" type="stmt"/>
        <line num="13" count="7" type="cond" truecount="1" falsecount="1"/>
        <line num="14" count="0" type="stmt"/>
        <line num="15" count="0" type="stmt"/>
        <line num="18" count="7" type="stmt"/>
        <line num="19" count="7" type="stmt"/>
      </file>
      <file name="validateAuthorisation.ts" path="C:\Users\antti\Desktop\koulutehtävät\fullstackopen\projekti\backend\src\middleware\validateAuthorisation.ts">
        <metrics statements="25" coveredstatements="19" conditionals="16" coveredconditionals="10" methods="6" coveredmethods="6"/>
        <line num="14" count="2" type="stmt"/>
        <line num="16" count="2" type="cond" truecount="1" falsecount="1"/>
        <line num="17" count="0" type="stmt"/>
        <line num="19" count="2" type="stmt"/>
        <line num="23" count="18" type="stmt"/>
        <line num="24" count="3" type="stmt"/>
        <line num="25" count="3" type="cond" truecount="1" falsecount="1"/>
        <line num="26" count="0" type="stmt"/>
        <line num="28" count="3" type="cond" truecount="2" falsecount="0"/>
        <line num="29" count="1" type="stmt"/>
        <line num="35" count="2" type="stmt"/>
        <line num="40" count="18" type="stmt"/>
        <line num="41" count="2" type="stmt"/>
        <line num="42" count="2" type="cond" truecount="1" falsecount="1"/>
        <line num="43" count="0" type="stmt"/>
        <line num="46" count="2" type="stmt"/>
        <line num="49" count="2" type="cond" truecount="1" falsecount="1"/>
        <line num="51" count="2" type="stmt"/>
        <line num="52" count="2" type="cond" truecount="1" falsecount="1"/>
        <line num="53" count="0" type="stmt"/>
        <line num="54" count="0" type="stmt"/>
        <line num="57" count="2" type="stmt"/>
        <line num="58" count="2" type="cond" truecount="3" falsecount="1"/>
        <line num="59" count="0" type="stmt"/>
        <line num="69" count="2" type="stmt"/>
      </file>
      <file name="validateInput.ts" path="C:\Users\antti\Desktop\koulutehtävät\fullstackopen\projekti\backend\src\middleware\validateInput.ts">
        <metrics statements="71" coveredstatements="42" conditionals="27" coveredconditionals="13" methods="10" coveredmethods="7"/>
        <line num="25" count="9" type="stmt"/>
        <line num="30" count="4" type="stmt"/>
        <line num="32" count="3" type="stmt"/>
        <line num="33" count="3" type="cond" truecount="1" falsecount="1"/>
        <line num="34" count="0" type="stmt"/>
        <line num="37" count="3" type="stmt"/>
        <line num="39" count="3" type="stmt"/>
        <line num="47" count="1" type="stmt"/>
        <line num="49" count="1" type="stmt"/>
        <line num="50" count="1" type="cond" truecount="1" falsecount="1"/>
        <line num="51" count="0" type="stmt"/>
        <line num="59" count="1" type="stmt"/>
        <line num="60" count="1" type="stmt"/>
        <line num="63" count="9" type="stmt"/>
        <line num="68" count="1" type="stmt"/>
        <line num="70" count="1" type="stmt"/>
        <line num="71" count="1" type="cond" truecount="1" falsecount="1"/>
        <line num="72" count="0" type="stmt"/>
        <line num="81" count="1" type="stmt"/>
        <line num="82" count="1" type="cond" truecount="1" falsecount="1"/>
        <line num="83" count="0" type="stmt"/>
        <line num="92" count="1" type="stmt"/>
        <line num="93" count="1" type="stmt"/>
        <line num="101" count="1" type="stmt"/>
        <line num="102" count="1" type="stmt"/>
        <line num="103" count="1" type="stmt"/>
        <line num="111" count="15" type="stmt"/>
        <line num="112" count="13" type="stmt"/>
        <line num="113" count="13" type="stmt"/>
        <line num="121" count="1" type="stmt"/>
        <line num="122" count="1" type="stmt"/>
        <line num="124" count="1" type="cond" truecount="3" falsecount="1"/>
        <line num="125" count="0" type="stmt"/>
        <line num="128" count="1" type="cond" truecount="1" falsecount="1"/>
        <line num="129" count="0" type="stmt"/>
        <line num="132" count="1" type="stmt"/>
        <line num="134" count="1" type="cond" truecount="4" falsecount="1"/>
        <line num="135" count="0" type="stmt"/>
        <line num="138" count="1" type="stmt"/>
        <line num="143" count="1" type="cond" truecount="1" falsecount="1"/>
        <line num="144" count="0" type="cond" truecount="0" falsecount="4"/>
        <line num="145" count="0" type="stmt"/>
        <line num="152" count="1" type="stmt"/>
        <line num="153" count="1" type="stmt"/>
        <line num="156" count="9" type="stmt"/>
        <line num="161" count="2" type="stmt"/>
        <line num="162" count="1" type="stmt"/>
        <line num="163" count="1" type="stmt"/>
        <line num="166" count="9" type="stmt"/>
        <line num="171" count="0" type="stmt"/>
        <line num="173" count="0" type="stmt"/>
        <line num="174" count="0" type="stmt"/>
        <line num="176" count="0" type="stmt"/>
        <line num="179" count="9" type="stmt"/>
        <line num="184" count="0" type="stmt"/>
        <line num="185" count="0" type="stmt"/>
        <line num="187" count="0" type="stmt"/>
        <line num="188" count="0" type="cond" truecount="0" falsecount="2"/>
        <line num="189" count="0" type="stmt"/>
        <line num="192" count="0" type="stmt"/>
        <line num="194" count="0" type="stmt"/>
        <line num="195" count="0" type="stmt"/>
        <line num="197" count="0" type="stmt"/>
        <line num="200" count="9" type="stmt"/>
        <line num="205" count="0" type="stmt"/>
        <line num="206" count="0" type="stmt"/>
        <line num="208" count="0" type="stmt"/>
        <line num="209" count="0" type="stmt"/>
        <line num="211" count="0" type="stmt"/>
        <line num="212" count="0" type="stmt"/>
        <line num="214" count="0" type="stmt"/>
      </file>
      <file name="validateUpdateInput.ts" path="C:\Users\antti\Desktop\koulutehtävät\fullstackopen\projekti\backend\src\middleware\validateUpdateInput.ts">
        <metrics statements="74" coveredstatements="60" conditionals="77" coveredconditionals="43" methods="5" coveredmethods="5"/>
        <line num="22" count="9" type="stmt"/>
        <line num="28" count="1" type="stmt"/>
        <line num="29" count="1" type="stmt"/>
        <line num="32" count="1" type="cond" truecount="2" falsecount="3"/>
        <line num="34" count="1" type="stmt"/>
        <line num="37" count="1" type="cond" truecount="6" falsecount="0"/>
        <line num="40" count="1" type="stmt"/>
        <line num="41" count="1" type="stmt"/>
        <line num="42" count="1" type="stmt"/>
        <line num="45" count="1" type="cond" truecount="2" falsecount="2"/>
        <line num="47" count="1" type="cond" truecount="1" falsecount="1"/>
        <line num="48" count="0" type="stmt"/>
        <line num="56" count="1" type="cond" truecount="4" falsecount="1"/>
        <line num="57" count="0" type="stmt"/>
        <line num="62" count="0" type="stmt"/>
        <line num="63" count="1" type="cond" truecount="2" falsecount="3"/>
        <line num="64" count="0" type="stmt"/>
        <line num="65" count="0" type="stmt"/>
        <line num="66" count="1" type="cond" truecount="2" falsecount="2"/>
        <line num="67" count="0" type="cond" truecount="0" falsecount="2"/>
        <line num="68" count="0" type="cond" truecount="0" falsecount="2"/>
        <line num="69" count="0" type="stmt"/>
        <line num="73" count="1" type="cond" truecount="3" falsecount="1"/>
        <line num="74" count="0" type="stmt"/>
        <line num="78" count="1" type="cond" truecount="1" falsecount="1"/>
        <line num="79" count="1" type="stmt"/>
        <line num="83" count="1" type="cond" truecount="1" falsecount="1"/>
        <line num="84" count="0" type="stmt"/>
        <line num="85" count="1" type="cond" truecount="1" falsecount="1"/>
        <line num="86" count="0" type="stmt"/>
        <line num="89" count="1" type="stmt"/>
        <line num="94" count="9" type="stmt"/>
        <line num="99" count="3" type="stmt"/>
        <line num="102" count="3" type="stmt"/>
        <line num="105" count="3" type="cond" truecount="2" falsecount="0"/>
        <line num="106" count="2" type="cond" truecount="2" falsecount="0"/>
        <line num="107" count="1" type="stmt"/>
        <line num="108" count="1" type="stmt"/>
        <line num="109" count="1" type="stmt"/>
        <line num="111" count="1" type="stmt"/>
        <line num="112" count="1" type="stmt"/>
        <line num="113" count="1" type="stmt"/>
        <line num="117" count="1" type="stmt"/>
        <line num="122" count="9" type="stmt"/>
        <line num="127" count="2" type="stmt"/>
        <line num="128" count="2" type="stmt"/>
        <line num="130" count="2" type="stmt"/>
        <line num="132" count="2" type="cond" truecount="1" falsecount="1"/>
        <line num="133" count="2" type="cond" truecount="1" falsecount="1"/>
        <line num="134" count="2" type="cond" truecount="1" falsecount="1"/>
        <line num="136" count="2" type="cond" truecount="1" falsecount="1"/>
        <line num="137" count="0" type="stmt"/>
        <line num="143" count="2" type="stmt"/>
        <line num="144" count="2" type="stmt"/>
        <line num="147" count="9" type="stmt"/>
        <line num="152" count="1" type="stmt"/>
        <line num="153" count="1" type="stmt"/>
        <line num="155" count="1" type="stmt"/>
        <line num="157" count="1" type="cond" truecount="1" falsecount="1"/>
        <line num="158" count="1" type="cond" truecount="1" falsecount="1"/>
        <line num="160" count="1" type="cond" truecount="1" falsecount="1"/>
        <line num="161" count="0" type="stmt"/>
        <line num="167" count="1" type="stmt"/>
        <line num="168" count="1" type="stmt"/>
        <line num="171" count="9" type="stmt"/>
        <line num="176" count="1" type="stmt"/>
        <line num="177" count="1" type="stmt"/>
        <line num="179" count="1" type="stmt"/>
        <line num="181" count="1" type="cond" truecount="1" falsecount="1"/>
        <line num="182" count="1" type="cond" truecount="1" falsecount="1"/>
        <line num="184" count="1" type="cond" truecount="1" falsecount="1"/>
        <line num="185" count="0" type="stmt"/>
        <line num="191" count="1" type="stmt"/>
        <line num="192" count="1" type="stmt"/>
      </file>
    </package>
    <package name="src.migrations">
      <metrics statements="78" coveredstatements="38" conditionals="0" coveredconditionals="0" methods="28" coveredmethods="14"/>
      <file name="20250214_00_initialize_pictures_and_texts.ts" path="C:\Users\antti\Desktop\koulutehtävät\fullstackopen\projekti\backend\src\migrations\20250214_00_initialize_pictures_and_texts.ts">
        <metrics statements="12" coveredstatements="6" conditionals="0" coveredconditionals="0" methods="2" coveredmethods="1"/>
        <line num="8" count="2" type="stmt"/>
        <line num="45" count="2" type="stmt"/>
        <line num="71" count="2" type="stmt"/>
        <line num="76" count="1" type="stmt"/>
        <line num="88" count="1" type="stmt"/>
        <line num="92" count="1" type="stmt"/>
        <line num="110" count="0" type="stmt"/>
        <line num="111" count="0" type="stmt"/>
        <line num="113" count="0" type="stmt"/>
        <line num="114" count="0" type="stmt"/>
        <line num="116" count="0" type="stmt"/>
        <line num="117" count="0" type="stmt"/>
      </file>
      <file name="20250307_00_initialize_ratings.ts" path="C:\Users\antti\Desktop\koulutehtävät\fullstackopen\projekti\backend\src\migrations\20250307_00_initialize_ratings.ts">
        <metrics statements="12" coveredstatements="5" conditionals="0" coveredconditionals="0" methods="2" coveredmethods="1"/>
        <line num="8" count="1" type="stmt"/>
        <line num="34" count="1" type="stmt"/>
        <line num="39" count="1" type="stmt"/>
        <line num="51" count="1" type="stmt"/>
        <line num="56" count="1" type="stmt"/>
        <line num="74" count="0" type="stmt"/>
        <line num="75" count="0" type="stmt"/>
        <line num="76" count="0" type="stmt"/>
        <line num="77" count="0" type="stmt"/>
        <line num="78" count="0" type="stmt"/>
        <line num="79" count="0" type="stmt"/>
        <line num="80" count="0" type="stmt"/>
      </file>
      <file name="20250313_00_initialize_comments.ts" path="C:\Users\antti\Desktop\koulutehtävät\fullstackopen\projekti\backend\src\migrations\20250313_00_initialize_comments.ts">
        <metrics statements="10" coveredstatements="5" conditionals="0" coveredconditionals="0" methods="2" coveredmethods="1"/>
        <line num="8" count="10" type="stmt"/>
        <line num="38" count="10" type="stmt"/>
        <line num="43" count="1" type="stmt"/>
        <line num="55" count="1" type="stmt"/>
        <line num="60" count="1" type="stmt"/>
        <line num="78" count="0" type="stmt"/>
        <line num="79" count="0" type="stmt"/>
        <line num="80" count="0" type="stmt"/>
        <line num="81" count="0" type="stmt"/>
        <line num="82" count="0" type="stmt"/>
      </file>
      <file name="20250314_00_initialize_replies.ts" path="C:\Users\antti\Desktop\koulutehtävät\fullstackopen\projekti\backend\src\migrations\20250314_00_initialize_replies.ts">
        <metrics statements="10" coveredstatements="5" conditionals="0" coveredconditionals="0" methods="2" coveredmethods="1"/>
        <line num="8" count="1" type="stmt"/>
        <line num="42" count="1" type="stmt"/>
        <line num="47" count="1" type="stmt"/>
        <line num="59" count="1" type="stmt"/>
        <line num="64" count="1" type="stmt"/>
        <line num="82" count="0" type="stmt"/>
        <line num="83" count="0" type="stmt"/>
        <line num="84" count="0" type="stmt"/>
        <line num="85" count="0" type="stmt"/>
        <line num="86" count="0" type="stmt"/>
      </file>
      <file name="20250315_00_modify_replies.ts" path="C:\Users\antti\Desktop\koulutehtävät\fullstackopen\projekti\backend\src\migrations\20250315_00_modify_replies.ts">
        <metrics statements="4" coveredstatements="2" conditionals="0" coveredconditionals="0" methods="2" coveredmethods="1"/>
        <line num="8" count="1" type="stmt"/>
        <line num="13" count="1" type="stmt"/>
        <line num="31" count="0" type="stmt"/>
        <line num="32" count="0" type="stmt"/>
      </file>
      <file name="20250318_00_modify_texts.ts" path="C:\Users\antti\Desktop\koulutehtävät\fullstackopen\projekti\backend\src\migrations\20250318_00_modify_texts.ts">
        <metrics statements="8" coveredstatements="4" conditionals="0" coveredconditionals="0" methods="2" coveredmethods="1"/>
        <line num="8" count="1" type="stmt"/>
        <line num="9" count="1" type="stmt"/>
        <line num="11" count="1" type="stmt"/>
        <line num="16" count="1" type="stmt"/>
        <line num="27" count="0" type="stmt"/>
        <line num="28" count="0" type="stmt"/>
        <line num="30" count="0" type="stmt"/>
        <line num="35" count="0" type="stmt"/>
      </file>
      <file name="20250322_01_initialize_keywords.ts" path="C:\Users\antti\Desktop\koulutehtävät\fullstackopen\projekti\backend\src\migrations\20250322_01_initialize_keywords.ts">
        <metrics statements="4" coveredstatements="2" conditionals="0" coveredconditionals="0" methods="2" coveredmethods="1"/>
        <line num="8" count="1" type="stmt"/>
        <line num="20" count="1" type="stmt"/>
        <line num="49" count="0" type="stmt"/>
        <line num="50" count="0" type="stmt"/>
      </file>
      <file name="20250326_00_modify_replies.ts" path="C:\Users\antti\Desktop\koulutehtävät\fullstackopen\projekti\backend\src\migrations\20250326_00_modify_replies.ts">
        <metrics statements="2" coveredstatements="1" conditionals="0" coveredconditionals="0" methods="2" coveredmethods="1"/>
        <line num="8" count="1" type="stmt"/>
        <line num="19" count="0" type="stmt"/>
      </file>
      <file name="20250331_00_initialize_users.ts" path="C:\Users\antti\Desktop\koulutehtävät\fullstackopen\projekti\backend\src\migrations\20250331_00_initialize_users.ts">
        <metrics statements="4" coveredstatements="2" conditionals="0" coveredconditionals="0" methods="2" coveredmethods="1"/>
        <line num="8" count="1" type="stmt"/>
        <line num="36" count="1" type="stmt"/>
        <line num="59" count="0" type="stmt"/>
        <line num="60" count="0" type="stmt"/>
      </file>
      <file name="20250331_01_modify_users.ts" path="C:\Users\antti\Desktop\koulutehtävät\fullstackopen\projekti\backend\src\migrations\20250331_01_modify_users.ts">
        <metrics statements="2" coveredstatements="1" conditionals="0" coveredconditionals="0" methods="2" coveredmethods="1"/>
        <line num="8" count="1" type="stmt"/>
        <line num="20" count="0" type="stmt"/>
      </file>
      <file name="20250402_01_modify_pictures.ts" path="C:\Users\antti\Desktop\koulutehtävät\fullstackopen\projekti\backend\src\migrations\20250402_01_modify_pictures.ts">
        <metrics statements="2" coveredstatements="1" conditionals="0" coveredconditionals="0" methods="2" coveredmethods="1"/>
        <line num="8" count="2" type="stmt"/>
        <line num="20" count="0" type="stmt"/>
      </file>
      <file name="20250408_00_modify_pictures.ts" path="C:\Users\antti\Desktop\koulutehtävät\fullstackopen\projekti\backend\src\migrations\20250408_00_modify_pictures.ts">
        <metrics statements="2" coveredstatements="1" conditionals="0" coveredconditionals="0" methods="2" coveredmethods="1"/>
        <line num="8" count="1" type="stmt"/>
        <line num="19" count="0" type="stmt"/>
      </file>
      <file name="20250507_00_modify_users.ts" path="C:\Users\antti\Desktop\koulutehtävät\fullstackopen\projekti\backend\src\migrations\20250507_00_modify_users.ts">
        <metrics statements="2" coveredstatements="1" conditionals="0" coveredconditionals="0" methods="2" coveredmethods="1"/>
        <line num="8" count="1" type="stmt"/>
        <line num="20" count="0" type="stmt"/>
      </file>
      <file name="20250507_01_modify_pictures_&_texts_relations.ts" path="C:\Users\antti\Desktop\koulutehtävät\fullstackopen\projekti\backend\src\migrations\20250507_01_modify_pictures_&_texts_relations.ts">
        <metrics statements="4" coveredstatements="2" conditionals="0" coveredconditionals="0" methods="2" coveredmethods="1"/>
        <line num="8" count="1" type="stmt"/>
        <line num="10" count="1" type="stmt"/>
        <line num="28" count="0" type="stmt"/>
        <line num="30" count="0" type="stmt"/>
      </file>
    </package>
    <package name="src.models">
      <metrics statements="21" coveredstatements="21" conditionals="0" coveredconditionals="0" methods="0" coveredmethods="0"/>
      <file name="PictureKeyword.ts" path="C:\Users\antti\Desktop\koulutehtävät\fullstackopen\projekti\backend\src\models\PictureKeyword.ts">
        <metrics statements="1" coveredstatements="1" conditionals="0" coveredconditionals="0" methods="0" coveredmethods="0"/>
        <line num="18" count="9" type="stmt"/>
      </file>
      <file name="comment.ts" path="C:\Users\antti\Desktop\koulutehtävät\fullstackopen\projekti\backend\src\models\comment.ts">
        <metrics statements="1" coveredstatements="1" conditionals="0" coveredconditionals="0" methods="0" coveredmethods="0"/>
        <line num="22" count="9" type="stmt"/>
      </file>
      <file name="index.ts" path="C:\Users\antti\Desktop\koulutehtävät\fullstackopen\projekti\backend\src\models\index.ts">
        <metrics statements="12" coveredstatements="12" conditionals="0" coveredconditionals="0" methods="0" coveredmethods="0"/>
        <line num="11" count="9" type="stmt"/>
        <line num="12" count="9" type="stmt"/>
        <line num="14" count="9" type="stmt"/>
        <line num="15" count="9" type="stmt"/>
        <line num="17" count="9" type="stmt"/>
        <line num="18" count="9" type="stmt"/>
        <line num="20" count="9" type="stmt"/>
        <line num="24" count="9" type="stmt"/>
        <line num="26" count="9" type="stmt"/>
        <line num="31" count="9" type="stmt"/>
        <line num="37" count="9" type="stmt"/>
        <line num="38" count="9" type="stmt"/>
      </file>
      <file name="keyword.ts" path="C:\Users\antti\Desktop\koulutehtävät\fullstackopen\projekti\backend\src\models\keyword.ts">
        <metrics statements="1" coveredstatements="1" conditionals="0" coveredconditionals="0" methods="0" coveredmethods="0"/>
        <line num="19" count="9" type="stmt"/>
      </file>
      <file name="picture.ts" path="C:\Users\antti\Desktop\koulutehtävät\fullstackopen\projekti\backend\src\models\picture.ts">
        <metrics statements="1" coveredstatements="1" conditionals="0" coveredconditionals="0" methods="0" coveredmethods="0"/>
        <line num="41" count="9" type="stmt"/>
      </file>
      <file name="rating.ts" path="C:\Users\antti\Desktop\koulutehtävät\fullstackopen\projekti\backend\src\models\rating.ts">
        <metrics statements="1" coveredstatements="1" conditionals="0" coveredconditionals="0" methods="0" coveredmethods="0"/>
        <line num="21" count="9" type="stmt"/>
      </file>
      <file name="reply.ts" path="C:\Users\antti\Desktop\koulutehtävät\fullstackopen\projekti\backend\src\models\reply.ts">
        <metrics statements="1" coveredstatements="1" conditionals="0" coveredconditionals="0" methods="0" coveredmethods="0"/>
        <line num="25" count="9" type="stmt"/>
      </file>
      <file name="session.ts" path="C:\Users\antti\Desktop\koulutehtävät\fullstackopen\projekti\backend\src\models\session.ts">
        <metrics statements="1" coveredstatements="1" conditionals="0" coveredconditionals="0" methods="0" coveredmethods="0"/>
        <line num="19" count="9" type="stmt"/>
      </file>
      <file name="text.ts" path="C:\Users\antti\Desktop\koulutehtävät\fullstackopen\projekti\backend\src\models\text.ts">
        <metrics statements="1" coveredstatements="1" conditionals="0" coveredconditionals="0" methods="0" coveredmethods="0"/>
        <line num="18" count="9" type="stmt"/>
      </file>
      <file name="user.ts" path="C:\Users\antti\Desktop\koulutehtävät\fullstackopen\projekti\backend\src\models\user.ts">
        <metrics statements="1" coveredstatements="1" conditionals="0" coveredconditionals="0" methods="0" coveredmethods="0"/>
        <line num="22" count="11" type="stmt"/>
      </file>
    </package>
    <package name="src.schemas">
      <metrics statements="17" coveredstatements="14" conditionals="0" coveredconditionals="0" methods="4" coveredmethods="1"/>
      <file name="commentSchema.ts" path="C:\Users\antti\Desktop\koulutehtävät\fullstackopen\projekti\backend\src\schemas\commentSchema.ts">
        <metrics statements="4" coveredstatements="4" conditionals="0" coveredconditionals="0" methods="0" coveredmethods="0"/>
        <line num="3" count="9" type="stmt"/>
        <line num="10" count="9" type="stmt"/>
        <line num="16" count="9" type="stmt"/>
        <line num="26" count="9" type="stmt"/>
      </file>
      <file name="contactFormSchema.ts" path="C:\Users\antti\Desktop\koulutehtävät\fullstackopen\projekti\backend\src\schemas\contactFormSchema.ts">
        <metrics statements="1" coveredstatements="1" conditionals="0" coveredconditionals="0" methods="0" coveredmethods="0"/>
        <line num="3" count="9" type="stmt"/>
      </file>
      <file name="loginSchema.ts" path="C:\Users\antti\Desktop\koulutehtävät\fullstackopen\projekti\backend\src\schemas\loginSchema.ts">
        <metrics statements="1" coveredstatements="1" conditionals="0" coveredconditionals="0" methods="0" coveredmethods="0"/>
        <line num="3" count="9" type="stmt"/>
      </file>
      <file name="pictureSchema.ts" path="C:\Users\antti\Desktop\koulutehtävät\fullstackopen\projekti\backend\src\schemas\pictureSchema.ts">
        <metrics statements="2" coveredstatements="2" conditionals="0" coveredconditionals="0" methods="0" coveredmethods="0"/>
        <line num="3" count="9" type="stmt"/>
        <line num="15" count="9" type="stmt"/>
      </file>
      <file name="ratingSchema.ts" path="C:\Users\antti\Desktop\koulutehtävät\fullstackopen\projekti\backend\src\schemas\ratingSchema.ts">
        <metrics statements="1" coveredstatements="1" conditionals="0" coveredconditionals="0" methods="0" coveredmethods="0"/>
        <line num="3" count="9" type="stmt"/>
      </file>
      <file name="userSchema.ts" path="C:\Users\antti\Desktop\koulutehtävät\fullstackopen\projekti\backend\src\schemas\userSchema.ts">
        <metrics statements="8" coveredstatements="5" conditionals="0" coveredconditionals="0" methods="4" coveredmethods="1"/>
        <line num="3" count="9" type="stmt"/>
        <line num="16" count="0" type="stmt"/>
        <line num="20" count="0" type="stmt"/>
        <line num="25" count="9" type="stmt"/>
        <line num="37" count="0" type="stmt"/>
        <line num="42" count="9" type="stmt"/>
        <line num="58" count="2" type="stmt"/>
        <line num="63" count="9" type="stmt"/>
      </file>
    </package>
    <package name="src.services">
      <metrics statements="101" coveredstatements="87" conditionals="49" coveredconditionals="30" methods="29" coveredmethods="23"/>
      <file name="authService.ts" path="C:\Users\antti\Desktop\koulutehtävät\fullstackopen\projekti\backend\src\services\authService.ts">
        <metrics statements="8" coveredstatements="8" conditionals="6" coveredconditionals="6" methods="2" coveredmethods="2"/>
        <line num="12" count="9" type="stmt"/>
        <line num="13" count="13" type="stmt"/>
        <line num="14" count="13" type="cond" truecount="2" falsecount="0"/>
        <line num="18" count="13" type="cond" truecount="4" falsecount="0"/>
        <line num="19" count="3" type="stmt"/>
        <line num="22" count="10" type="stmt"/>
        <line num="25" count="9" type="stmt"/>
        <line num="26" count="10" type="stmt"/>
      </file>
      <file name="emailService.ts" path="C:\Users\antti\Desktop\koulutehtävät\fullstackopen\projekti\backend\src\services\emailService.ts">
        <metrics statements="26" coveredstatements="20" conditionals="25" coveredconditionals="14" methods="5" coveredmethods="5"/>
        <line num="8" count="9" type="stmt"/>
        <line num="11" count="9" type="stmt"/>
        <line num="21" count="9" type="stmt"/>
        <line num="22" count="3" type="stmt"/>
        <line num="23" count="3" type="stmt"/>
        <line num="24" count="3" type="stmt"/>
        <line num="28" count="9" type="stmt"/>
        <line num="33" count="2" type="stmt"/>
        <line num="35" count="2" type="stmt"/>
        <line num="42" count="2" type="stmt"/>
        <line num="43" count="2" type="cond" truecount="1" falsecount="1"/>
        <line num="47" count="0" type="stmt"/>
        <line num="49" count="2" type="stmt"/>
        <line num="51" count="0" type="cond" truecount="0" falsecount="2"/>
        <line num="52" count="0" type="stmt"/>
        <line num="54" count="0" type="stmt"/>
        <line num="60" count="9" type="stmt"/>
        <line num="66" count="1" type="stmt"/>
        <line num="68" count="1" type="stmt"/>
        <line num="75" count="1" type="cond" truecount="3" falsecount="1"/>
        <line num="76" count="0" type="stmt"/>
        <line num="81" count="9" type="stmt"/>
        <line num="88" count="1" type="cond" truecount="1" falsecount="1"/>
        <line num="96" count="1" type="stmt"/>
        <line num="104" count="1" type="cond" truecount="3" falsecount="1"/>
        <line num="105" count="0" type="stmt"/>
      </file>
      <file name="imageService.ts" path="C:\Users\antti\Desktop\koulutehtävät\fullstackopen\projekti\backend\src\services\imageService.ts">
        <metrics statements="6" coveredstatements="6" conditionals="0" coveredconditionals="0" methods="1" coveredmethods="1"/>
        <line num="10" count="9" type="stmt"/>
        <line num="14" count="1" type="stmt"/>
        <line num="15" count="1" type="stmt"/>
        <line num="16" count="1" type="stmt"/>
        <line num="19" count="1" type="stmt"/>
        <line num="21" count="1" type="stmt"/>
      </file>
      <file name="keywordService.ts" path="C:\Users\antti\Desktop\koulutehtävät\fullstackopen\projekti\backend\src\services\keywordService.ts">
        <metrics statements="27" coveredstatements="21" conditionals="8" coveredconditionals="4" methods="10" coveredmethods="5"/>
        <line num="4" count="9" type="stmt"/>
        <line num="9" count="9" type="stmt"/>
        <line num="10" count="0" type="stmt"/>
        <line num="13" count="9" type="stmt"/>
        <line num="14" count="1" type="stmt"/>
        <line num="19" count="9" type="stmt"/>
        <line num="20" count="1" type="stmt"/>
        <line num="26" count="9" type="stmt"/>
        <line num="31" count="1" type="cond" truecount="1" falsecount="1"/>
        <line num="34" count="1" type="cond" truecount="1" falsecount="1"/>
        <line num="35" count="0" type="stmt"/>
        <line num="39" count="1" type="stmt"/>
        <line num="44" count="1" type="stmt"/>
        <line num="45" count="0" type="stmt"/>
        <line num="49" count="3" type="stmt"/>
        <line num="51" count="1" type="stmt"/>
        <line num="54" count="1" type="cond" truecount="1" falsecount="1"/>
        <line num="55" count="1" type="stmt"/>
        <line num="56" count="3" type="stmt"/>
        <line num="61" count="1" type="stmt"/>
        <line num="64" count="1" type="stmt"/>
        <line num="67" count="1" type="stmt"/>
        <line num="68" count="0" type="stmt"/>
        <line num="72" count="1" type="cond" truecount="1" falsecount="1"/>
        <line num="73" count="0" type="stmt"/>
        <line num="74" count="0" type="stmt"/>
        <line num="79" count="1" type="stmt"/>
      </file>
      <file name="pictureService.ts" path="C:\Users\antti\Desktop\koulutehtävät\fullstackopen\projekti\backend\src\services\pictureService.ts">
        <metrics statements="13" coveredstatements="12" conditionals="6" coveredconditionals="3" methods="4" coveredmethods="4"/>
        <line num="10" count="9" type="stmt"/>
        <line num="11" count="3" type="stmt"/>
        <line num="16" count="9" type="stmt"/>
        <line num="17" count="1" type="cond" truecount="1" falsecount="1"/>
        <line num="18" count="1" type="stmt"/>
        <line num="20" count="0" type="stmt"/>
        <line num="23" count="9" type="stmt"/>
        <line num="28" count="1" type="cond" truecount="1" falsecount="1"/>
        <line num="29" count="1" type="cond" truecount="1" falsecount="1"/>
        <line num="31" count="1" type="stmt"/>
        <line num="38" count="9" type="stmt"/>
        <line num="46" count="1" type="stmt"/>
        <line num="48" count="1" type="stmt"/>
      </file>
      <file name="replyService.ts" path="C:\Users\antti\Desktop\koulutehtävät\fullstackopen\projekti\backend\src\services\replyService.ts">
        <metrics statements="3" coveredstatements="3" conditionals="0" coveredconditionals="0" methods="1" coveredmethods="1"/>
        <line num="4" count="9" type="stmt"/>
        <line num="6" count="9" type="stmt"/>
        <line num="7" count="1" type="stmt"/>
      </file>
      <file name="sessionService.ts" path="C:\Users\antti\Desktop\koulutehtävät\fullstackopen\projekti\backend\src\services\sessionService.ts">
        <metrics statements="13" coveredstatements="12" conditionals="4" coveredconditionals="3" methods="4" coveredmethods="3"/>
        <line num="3" count="9" type="stmt"/>
        <line num="4" count="11" type="stmt"/>
        <line num="6" count="11" type="cond" truecount="2" falsecount="0"/>
        <line num="7" count="5" type="stmt"/>
        <line num="9" count="6" type="stmt"/>
        <line num="13" count="9" type="stmt"/>
        <line num="14" count="0" type="stmt"/>
        <line num="17" count="9" type="stmt"/>
        <line num="18" count="19" type="stmt"/>
        <line num="21" count="9" type="stmt"/>
        <line num="22" count="5" type="stmt"/>
        <line num="23" count="5" type="cond" truecount="1" falsecount="1"/>
        <line num="24" count="5" type="stmt"/>
      </file>
      <file name="userService.ts" path="C:\Users\antti\Desktop\koulutehtävät\fullstackopen\projekti\backend\src\services\userService.ts">
        <metrics statements="5" coveredstatements="5" conditionals="0" coveredconditionals="0" methods="2" coveredmethods="2"/>
        <line num="2" count="9" type="stmt"/>
        <line num="4" count="9" type="stmt"/>
        <line num="5" count="7" type="stmt"/>
        <line num="8" count="9" type="stmt"/>
        <line num="9" count="13" type="stmt"/>
      </file>
    </package>
    <package name="src.types">
      <metrics statements="6" coveredstatements="6" conditionals="2" coveredconditionals="2" methods="1" coveredmethods="1"/>
      <file name="types.ts" path="C:\Users\antti\Desktop\koulutehtävät\fullstackopen\projekti\backend\src\types\types.ts">
        <metrics statements="6" coveredstatements="6" conditionals="2" coveredconditionals="2" methods="1" coveredmethods="1"/>
        <line num="1" count="9" type="cond" truecount="2" falsecount="0"/>
        <line num="2" count="9" type="stmt"/>
        <line num="3" count="9" type="stmt"/>
        <line num="4" count="9" type="stmt"/>
        <line num="5" count="9" type="stmt"/>
        <line num="6" count="9" type="stmt"/>
      </file>
    </package>
    <package name="src.utils">
      <metrics statements="122" coveredstatements="94" conditionals="63" coveredconditionals="27" methods="22" coveredmethods="18"/>
      <file name="config.ts" path="C:\Users\antti\Desktop\koulutehtävät\fullstackopen\projekti\backend\src\utils\config.ts">
        <metrics statements="10" coveredstatements="10" conditionals="4" coveredconditionals="2" methods="0" coveredmethods="0"/>
        <line num="5" count="11" type="cond" truecount="1" falsecount="1"/>
        <line num="7" count="11" type="stmt"/>
        <line num="10" count="11" type="cond" truecount="1" falsecount="1"/>
        <line num="11" count="11" type="stmt"/>
        <line num="12" count="11" type="stmt"/>
        <line num="13" count="11" type="stmt"/>
        <line num="14" count="11" type="stmt"/>
        <line num="15" count="11" type="stmt"/>
        <line num="16" count="11" type="stmt"/>
        <line num="17" count="11" type="stmt"/>
      </file>
      <file name="createDefaultUser.ts" path="C:\Users\antti\Desktop\koulutehtävät\fullstackopen\projekti\backend\src\utils\createDefaultUser.ts">
        <metrics statements="7" coveredstatements="7" conditionals="2" coveredconditionals="2" methods="1" coveredmethods="1"/>
        <line num="7" count="11" type="stmt"/>
        <line num="8" count="20" type="stmt"/>
        <line num="9" count="20" type="cond" truecount="2" falsecount="0"/>
        <line num="10" count="1" type="stmt"/>
        <line num="11" count="1" type="stmt"/>
        <line num="18" count="1" type="stmt"/>
        <line num="20" count="19" type="stmt"/>
      </file>
      <file name="db.ts" path="C:\Users\antti\Desktop\koulutehtävät\fullstackopen\projekti\backend\src\utils\db.ts">
        <metrics statements="51" coveredstatements="35" conditionals="24" coveredconditionals="10" methods="10" coveredmethods="7"/>
        <line num="13" count="11" type="stmt"/>
        <line num="14" count="11" type="cond" truecount="1" falsecount="1"/>
        <line num="15" count="11" type="stmt"/>
        <line num="26" count="11" type="stmt"/>
        <line num="38" count="11" type="stmt"/>
        <line num="39" count="11" type="cond" truecount="2" falsecount="2"/>
        <line num="43" count="11" type="stmt"/>
        <line num="53" count="434" type="cond" truecount="1" falsecount="1"/>
        <line num="54" count="0" type="stmt"/>
        <line num="57" count="434" type="stmt"/>
        <line num="58" count="434" type="stmt"/>
        <line num="60" count="25" type="stmt"/>
        <line num="61" count="0" type="stmt"/>
        <line num="70" count="11" type="stmt"/>
        <line num="71" count="31" type="stmt"/>
        <line num="72" count="31" type="stmt"/>
        <line num="73" count="31" type="stmt"/>
        <line num="75" count="20" type="cond" truecount="2" falsecount="0"/>
        <line num="76" count="19" type="stmt"/>
        <line num="78" count="1" type="stmt"/>
        <line num="79" count="14" type="stmt"/>
        <line num="83" count="11" type="stmt"/>
        <line num="87" count="11" type="stmt"/>
        <line num="91" count="11" type="stmt"/>
        <line num="92" count="0" type="stmt"/>
        <line num="93" count="0" type="stmt"/>
        <line num="94" count="0" type="stmt"/>
        <line num="95" count="0" type="stmt"/>
        <line num="97" count="0" type="cond" truecount="0" falsecount="2"/>
        <line num="98" count="0" type="stmt"/>
        <line num="101" count="0" type="cond" truecount="0" falsecount="2"/>
        <line num="102" count="0" type="stmt"/>
        <line num="103" count="0" type="stmt"/>
        <line num="107" count="0" type="stmt"/>
        <line num="114" count="55" type="stmt"/>
        <line num="116" count="11" type="stmt"/>
        <line num="120" count="20" type="stmt"/>
        <line num="122" count="20" type="stmt"/>
        <line num="123" count="75" type="stmt"/>
        <line num="124" count="75" type="stmt"/>
        <line num="125" count="31" type="stmt"/>
        <line num="126" count="20" type="stmt"/>
        <line num="127" count="20" type="stmt"/>
        <line num="129" count="55" type="stmt"/>
        <line num="130" count="55" type="stmt"/>
        <line num="131" count="55" type="cond" truecount="1" falsecount="1"/>
        <line num="132" count="0" type="stmt"/>
        <line num="133" count="0" type="cond" truecount="0" falsecount="2"/>
        <line num="134" count="0" type="stmt"/>
        <line num="136" count="0" type="stmt"/>
        <line num="139" count="55" type="stmt"/>
      </file>
      <file name="fileUtils.ts" path="C:\Users\antti\Desktop\koulutehtävät\fullstackopen\projekti\backend\src\utils\fileUtils.ts">
        <metrics statements="4" coveredstatements="3" conditionals="2" coveredconditionals="1" methods="1" coveredmethods="1"/>
        <line num="3" count="9" type="stmt"/>
        <line num="4" count="2" type="cond" truecount="1" falsecount="1"/>
        <line num="5" count="2" type="stmt"/>
        <line num="7" count="0" type="stmt"/>
      </file>
      <file name="formatMonthYear.ts" path="C:\Users\antti\Desktop\koulutehtävät\fullstackopen\projekti\backend\src\utils\formatMonthYear.ts">
        <metrics statements="7" coveredstatements="2" conditionals="10" coveredconditionals="0" methods="1" coveredmethods="0"/>
        <line num="3" count="9" type="stmt"/>
        <line num="5" count="9" type="stmt"/>
        <line num="6" count="0" type="cond" truecount="0" falsecount="4"/>
        <line num="7" count="0" type="stmt"/>
        <line num="9" count="0" type="cond" truecount="0" falsecount="6"/>
        <line num="10" count="0" type="stmt"/>
        <line num="12" count="0" type="stmt"/>
      </file>
      <file name="includeOptions.ts" path="C:\Users\antti\Desktop\koulutehtävät\fullstackopen\projekti\backend\src\utils\includeOptions.ts">
        <metrics statements="6" coveredstatements="6" conditionals="0" coveredconditionals="0" methods="0" coveredmethods="0"/>
        <line num="3" count="9" type="stmt"/>
        <line num="5" count="9" type="stmt"/>
        <line num="14" count="9" type="stmt"/>
        <line num="40" count="9" type="stmt"/>
        <line num="56" count="9" type="stmt"/>
        <line num="80" count="9" type="stmt"/>
      </file>
      <file name="logger.ts" path="C:\Users\antti\Desktop\koulutehtävät\fullstackopen\projekti\backend\src\utils\logger.ts">
        <metrics statements="6" coveredstatements="4" conditionals="4" coveredconditionals="2" methods="2" coveredmethods="2"/>
        <line num="4" count="11" type="stmt"/>
        <line num="5" count="74" type="cond" truecount="1" falsecount="1"/>
        <line num="6" count="0" type="stmt"/>
        <line num="11" count="11" type="stmt"/>
        <line num="12" count="66" type="cond" truecount="1" falsecount="1"/>
        <line num="13" count="0" type="stmt"/>
      </file>
      <file name="multerConfig.ts" path="C:\Users\antti\Desktop\koulutehtävät\fullstackopen\projekti\backend\src\utils\multerConfig.ts">
        <metrics statements="16" coveredstatements="14" conditionals="6" coveredconditionals="3" methods="4" coveredmethods="4"/>
        <line num="9" count="9" type="stmt"/>
        <line num="10" count="9" type="cond" truecount="1" falsecount="1"/>
        <line num="11" count="9" type="stmt"/>
        <line num="12" count="9" type="stmt"/>
        <line num="15" count="9" type="stmt"/>
        <line num="16" count="18" type="cond" truecount="1" falsecount="1"/>
        <line num="17" count="0" type="stmt"/>
        <line num="22" count="9" type="stmt"/>
        <line num="24" count="1" type="stmt"/>
        <line num="27" count="1" type="stmt"/>
        <line num="31" count="9" type="stmt"/>
        <line num="34" count="1" type="stmt"/>
        <line num="35" count="1" type="cond" truecount="1" falsecount="1"/>
        <line num="36" count="1" type="stmt"/>
        <line num="37" count="1" type="stmt"/>
        <line num="39" count="0" type="stmt"/>
      </file>
      <file name="pathUtils.ts" path="C:\Users\antti\Desktop\koulutehtävät\fullstackopen\projekti\backend\src\utils\pathUtils.ts">
        <metrics statements="5" coveredstatements="5" conditionals="2" coveredconditionals="1" methods="1" coveredmethods="1"/>
        <line num="5" count="9" type="stmt"/>
        <line num="8" count="9" type="stmt"/>
        <line num="9" count="9" type="cond" truecount="1" falsecount="1"/>
        <line num="13" count="9" type="stmt"/>
        <line num="14" count="20" type="stmt"/>
      </file>
      <file name="queryHelpers.ts" path="C:\Users\antti\Desktop\koulutehtävät\fullstackopen\projekti\backend\src\utils\queryHelpers.ts">
        <metrics statements="10" coveredstatements="8" conditionals="9" coveredconditionals="6" methods="2" coveredmethods="2"/>
        <line num="5" count="9" type="stmt"/>
        <line num="11" count="3" type="cond" truecount="1" falsecount="1"/>
        <line num="16" count="3" type="cond" truecount="1" falsecount="1"/>
        <line num="17" count="0" type="stmt"/>
        <line num="19" count="3" type="stmt"/>
        <line num="25" count="3" type="stmt"/>
        <line num="28" count="9" type="stmt"/>
        <line num="29" count="2" type="cond" truecount="4" falsecount="1"/>
        <line num="30" count="2" type="stmt"/>
        <line num="32" count="0" type="stmt"/>
      </file>
    </package>
  </project>
</coverage>
