{"C:\\Users\\antti\\Desktop\\koulutehtävät\\fullstackopen\\projekti\\backend\\src\\app.ts": {"path":"C:\\Users\\antti\\Desktop\\koulutehtävät\\fullstackopen\\projekti\\backend\\src\\app.ts","statementMap":{"0":{"start":{"line":21,"column":12},"end":{"line":21,"column":21}},"1":{"start":{"line":23,"column":0},"end":{"line":23,"column":16}},"2":{"start":{"line":24,"column":0},"end":{"line":24,"column":24}},"3":{"start":{"line":26,"column":0},"end":{"line":31,"column":2}},"4":{"start":{"line":33,"column":0},"end":{"line":33,"column":41}},"5":{"start":{"line":34,"column":0},"end":{"line":34,"column":39}},"6":{"start":{"line":35,"column":0},"end":{"line":35,"column":41}},"7":{"start":{"line":36,"column":0},"end":{"line":36,"column":39}},"8":{"start":{"line":37,"column":0},"end":{"line":37,"column":41}},"9":{"start":{"line":38,"column":0},"end":{"line":38,"column":43}},"10":{"start":{"line":39,"column":0},"end":{"line":39,"column":35}},"11":{"start":{"line":40,"column":0},"end":{"line":40,"column":35}},"12":{"start":{"line":41,"column":0},"end":{"line":41,"column":37}},"13":{"start":{"line":43,"column":0},"end":{"line":43,"column":26}},"14":{"start":{"line":44,"column":0},"end":{"line":44,"column":26}},"15":{"start":{"line":46,"column":0},"end":{"line":46,"column":41}},"16":{"start":{"line":48,"column":0},"end":{"line":50,"column":3}},"17":{"start":{"line":49,"column":2},"end":{"line":49,"column":46}},"18":{"start":{"line":52,"column":0},"end":{"line":52,"column":25}},"19":{"start":{"line":53,"column":0},"end":{"line":53,"column":22}}},"fnMap":{"0":{"name":"(anonymous_0)","decl":{"start":{"line":48,"column":13},"end":{"line":48,"column":14}},"loc":{"start":{"line":48,"column":27},"end":{"line":50,"column":1}}}},"branchMap":{"0":{"loc":{"start":{"line":29,"column":12},"end":{"line":29,"column":64}},"type":"cond-expr","locations":[{"start":{"line":29,"column":52},"end":{"line":29,"column":56}},{"start":{"line":29,"column":59},"end":{"line":29,"column":64}}]}},"s":{"0":9,"1":9,"2":9,"3":9,"4":9,"5":9,"6":9,"7":9,"8":9,"9":9,"10":9,"11":9,"12":9,"13":9,"14":9,"15":9,"16":9,"17":0,"18":9,"19":9},"f":{"0":0},"b":{"0":[0,9]}}
,"C:\\Users\\antti\\Desktop\\koulutehtävät\\fullstackopen\\projekti\\backend\\src\\controllers\\comments.ts": {"path":"C:\\Users\\antti\\Desktop\\koulutehtävät\\fullstackopen\\projekti\\backend\\src\\controllers\\comments.ts","statementMap":{"0":{"start":{"line":19,"column":15},"end":{"line":19,"column":31}},"1":{"start":{"line":23,"column":0},"end":{"line":35,"column":2}},"2":{"start":{"line":29,"column":18},"end":{"line":29,"column":45}},"3":{"start":{"line":30,"column":21},"end":{"line":32,"column":6}},"4":{"start":{"line":33,"column":4},"end":{"line":33,"column":23}},"5":{"start":{"line":41,"column":0},"end":{"line":63,"column":2}},"6":{"start":{"line":45,"column":53},"end":{"line":45,"column":61}},"7":{"start":{"line":47,"column":23},"end":{"line":52,"column":6}},"8":{"start":{"line":55,"column":4},"end":{"line":55,"column":64}},"9":{"start":{"line":57,"column":4},"end":{"line":61,"column":7}},"10":{"start":{"line":71,"column":0},"end":{"line":86,"column":2}},"11":{"start":{"line":77,"column":36},"end":{"line":77,"column":47}},"12":{"start":{"line":78,"column":4},"end":{"line":78,"column":32}},"13":{"start":{"line":80,"column":4},"end":{"line":84,"column":7}},"14":{"start":{"line":94,"column":0},"end":{"line":110,"column":2}},"15":{"start":{"line":99,"column":29},"end":{"line":99,"column":40}},"16":{"start":{"line":101,"column":4},"end":{"line":101,"column":28}},"17":{"start":{"line":102,"column":4},"end":{"line":108,"column":13}}},"fnMap":{"0":{"name":"(anonymous_0)","decl":{"start":{"line":25,"column":2},"end":{"line":25,"column":7}},"loc":{"start":{"line":28,"column":6},"end":{"line":34,"column":3}}},"1":{"name":"(anonymous_1)","decl":{"start":{"line":44,"column":2},"end":{"line":44,"column":7}},"loc":{"start":{"line":44,"column":70},"end":{"line":62,"column":3}}},"2":{"name":"(anonymous_2)","decl":{"start":{"line":76,"column":2},"end":{"line":76,"column":7}},"loc":{"start":{"line":76,"column":70},"end":{"line":85,"column":3}}},"3":{"name":"(anonymous_3)","decl":{"start":{"line":98,"column":2},"end":{"line":98,"column":7}},"loc":{"start":{"line":98,"column":40},"end":{"line":109,"column":3}}}},"branchMap":{},"s":{"0":9,"1":9,"2":1,"3":1,"4":1,"5":9,"6":1,"7":1,"8":1,"9":1,"10":9,"11":1,"12":1,"13":1,"14":9,"15":1,"16":1,"17":1},"f":{"0":1,"1":1,"2":1,"3":1},"b":{}}
,"C:\\Users\\antti\\Desktop\\koulutehtävät\\fullstackopen\\projekti\\backend\\src\\controllers\\contactForm.ts": {"path":"C:\\Users\\antti\\Desktop\\koulutehtävät\\fullstackopen\\projekti\\backend\\src\\controllers\\contactForm.ts","statementMap":{"0":{"start":{"line":12,"column":15},"end":{"line":12,"column":31}},"1":{"start":{"line":18,"column":0},"end":{"line":33,"column":2}},"2":{"start":{"line":22,"column":58},"end":{"line":22,"column":66}},"3":{"start":{"line":25,"column":4},"end":{"line":25,"column":67}},"4":{"start":{"line":26,"column":4},"end":{"line":26,"column":58}},"5":{"start":{"line":28,"column":4},"end":{"line":31,"column":7}}},"fnMap":{"0":{"name":"(anonymous_0)","decl":{"start":{"line":21,"column":2},"end":{"line":21,"column":7}},"loc":{"start":{"line":21,"column":74},"end":{"line":32,"column":3}}}},"branchMap":{},"s":{"0":9,"1":9,"2":1,"3":1,"4":1,"5":1},"f":{"0":1},"b":{}}
,"C:\\Users\\antti\\Desktop\\koulutehtävät\\fullstackopen\\projekti\\backend\\src\\controllers\\keywords.ts": {"path":"C:\\Users\\antti\\Desktop\\koulutehtävät\\fullstackopen\\projekti\\backend\\src\\controllers\\keywords.ts","statementMap":{"0":{"start":{"line":15,"column":15},"end":{"line":15,"column":31}},"1":{"start":{"line":19,"column":0},"end":{"line":22,"column":3}},"2":{"start":{"line":20,"column":19},"end":{"line":20,"column":49}},"3":{"start":{"line":21,"column":2},"end":{"line":21,"column":21}},"4":{"start":{"line":30,"column":0},"end":{"line":50,"column":2}},"5":{"start":{"line":36,"column":29},"end":{"line":36,"column":40}},"6":{"start":{"line":38,"column":4},"end":{"line":38,"column":39}},"7":{"start":{"line":39,"column":4},"end":{"line":39,"column":25}},"8":{"start":{"line":42,"column":27},"end":{"line":42,"column":67}},"9":{"start":{"line":44,"column":4},"end":{"line":48,"column":7}},"10":{"start":{"line":58,"column":0},"end":{"line":73,"column":2}},"11":{"start":{"line":64,"column":4},"end":{"line":64,"column":32}},"12":{"start":{"line":65,"column":4},"end":{"line":71,"column":13}}},"fnMap":{"0":{"name":"(anonymous_0)","decl":{"start":{"line":19,"column":16},"end":{"line":19,"column":21}},"loc":{"start":{"line":19,"column":55},"end":{"line":22,"column":1}}},"1":{"name":"(anonymous_1)","decl":{"start":{"line":35,"column":2},"end":{"line":35,"column":7}},"loc":{"start":{"line":35,"column":70},"end":{"line":49,"column":3}}},"2":{"name":"(anonymous_2)","decl":{"start":{"line":63,"column":2},"end":{"line":63,"column":7}},"loc":{"start":{"line":63,"column":40},"end":{"line":72,"column":3}}}},"branchMap":{},"s":{"0":9,"1":9,"2":1,"3":1,"4":9,"5":1,"6":1,"7":1,"8":1,"9":1,"10":9,"11":1,"12":1},"f":{"0":1,"1":1,"2":1},"b":{}}
,"C:\\Users\\antti\\Desktop\\koulutehtävät\\fullstackopen\\projekti\\backend\\src\\controllers\\login.ts": {"path":"C:\\Users\\antti\\Desktop\\koulutehtävät\\fullstackopen\\projekti\\backend\\src\\controllers\\login.ts","statementMap":{"0":{"start":{"line":10,"column":15},"end":{"line":10,"column":31}},"1":{"start":{"line":16,"column":0},"end":{"line":41,"column":2}},"2":{"start":{"line":20,"column":35},"end":{"line":20,"column":43}},"3":{"start":{"line":22,"column":17},"end":{"line":22,"column":59}},"4":{"start":{"line":24,"column":23},"end":{"line":24,"column":46}},"5":{"start":{"line":26,"column":4},"end":{"line":26,"column":49}},"6":{"start":{"line":28,"column":18},"end":{"line":28,"column":37}},"7":{"start":{"line":30,"column":4},"end":{"line":30,"column":37}},"8":{"start":{"line":32,"column":4},"end":{"line":39,"column":7}}},"fnMap":{"0":{"name":"(anonymous_0)","decl":{"start":{"line":19,"column":2},"end":{"line":19,"column":7}},"loc":{"start":{"line":19,"column":68},"end":{"line":40,"column":3}}}},"branchMap":{},"s":{"0":9,"1":9,"2":13,"3":13,"4":10,"5":10,"6":10,"7":10,"8":10},"f":{"0":13},"b":{}}
,"C:\\Users\\antti\\Desktop\\koulutehtävät\\fullstackopen\\projekti\\backend\\src\\controllers\\logout.ts": {"path":"C:\\Users\\antti\\Desktop\\koulutehtävät\\fullstackopen\\projekti\\backend\\src\\controllers\\logout.ts","statementMap":{"0":{"start":{"line":10,"column":15},"end":{"line":10,"column":31}},"1":{"start":{"line":17,"column":0},"end":{"line":28,"column":2}},"2":{"start":{"line":22,"column":23},"end":{"line":22,"column":31}},"3":{"start":{"line":23,"column":4},"end":{"line":23,"column":41}},"4":{"start":{"line":24,"column":4},"end":{"line":24,"column":53}},"5":{"start":{"line":26,"column":4},"end":{"line":26,"column":65}},"6":{"start":{"line":30,"column":0},"end":{"line":40,"column":2}},"7":{"start":{"line":35,"column":23},"end":{"line":35,"column":31}},"8":{"start":{"line":36,"column":4},"end":{"line":36,"column":41}},"9":{"start":{"line":38,"column":4},"end":{"line":38,"column":56}}},"fnMap":{"0":{"name":"(anonymous_0)","decl":{"start":{"line":21,"column":2},"end":{"line":21,"column":7}},"loc":{"start":{"line":21,"column":40},"end":{"line":27,"column":3}}},"1":{"name":"(anonymous_1)","decl":{"start":{"line":34,"column":2},"end":{"line":34,"column":7}},"loc":{"start":{"line":34,"column":40},"end":{"line":39,"column":3}}}},"branchMap":{},"s":{"0":9,"1":9,"2":4,"3":4,"4":4,"5":4,"6":9,"7":1,"8":1,"9":1},"f":{"0":4,"1":1},"b":{}}
,"C:\\Users\\antti\\Desktop\\koulutehtävät\\fullstackopen\\projekti\\backend\\src\\controllers\\pictures.ts": {"path":"C:\\Users\\antti\\Desktop\\koulutehtävät\\fullstackopen\\projekti\\backend\\src\\controllers\\pictures.ts","statementMap":{"0":{"start":{"line":23,"column":15},"end":{"line":23,"column":31}},"1":{"start":{"line":31,"column":0},"end":{"line":71,"column":2}},"2":{"start":{"line":39,"column":60},"end":{"line":39,"column":68}},"3":{"start":{"line":42,"column":20},"end":{"line":49,"column":6}},"4":{"start":{"line":52,"column":4},"end":{"line":55,"column":5}},"5":{"start":{"line":53,"column":19},"end":{"line":53,"column":77}},"6":{"start":{"line":54,"column":6},"end":{"line":54,"column":31}},"7":{"start":{"line":58,"column":4},"end":{"line":60,"column":5}},"8":{"start":{"line":59,"column":6},"end":{"line":59,"column":55}},"9":{"start":{"line":63,"column":4},"end":{"line":65,"column":5}},"10":{"start":{"line":64,"column":6},"end":{"line":64,"column":55}},"11":{"start":{"line":68,"column":4},"end":{"line":68,"column":25}},"12":{"start":{"line":69,"column":4},"end":{"line":69,"column":66}},"13":{"start":{"line":79,"column":0},"end":{"line":92,"column":2}},"14":{"start":{"line":86,"column":4},"end":{"line":86,"column":29}},"15":{"start":{"line":87,"column":4},"end":{"line":89,"column":7}},"16":{"start":{"line":90,"column":4},"end":{"line":90,"column":68}},"17":{"start":{"line":96,"column":0},"end":{"line":109,"column":3}},"18":{"start":{"line":97,"column":27},"end":{"line":97,"column":57}},"19":{"start":{"line":101,"column":19},"end":{"line":106,"column":4}},"20":{"start":{"line":108,"column":2},"end":{"line":108,"column":21}},"21":{"start":{"line":113,"column":0},"end":{"line":125,"column":3}},"22":{"start":{"line":114,"column":27},"end":{"line":114,"column":57}},"23":{"start":{"line":117,"column":19},"end":{"line":122,"column":4}},"24":{"start":{"line":124,"column":2},"end":{"line":124,"column":21}},"25":{"start":{"line":129,"column":0},"end":{"line":141,"column":3}},"26":{"start":{"line":130,"column":27},"end":{"line":130,"column":57}},"27":{"start":{"line":132,"column":19},"end":{"line":138,"column":4}},"28":{"start":{"line":140,"column":2},"end":{"line":140,"column":21}},"29":{"start":{"line":147,"column":0},"end":{"line":161,"column":2}},"30":{"start":{"line":151,"column":29},"end":{"line":151,"column":40}},"31":{"start":{"line":152,"column":4},"end":{"line":152,"column":46}},"32":{"start":{"line":154,"column":4},"end":{"line":154,"column":25}},"33":{"start":{"line":155,"column":4},"end":{"line":157,"column":7}},"34":{"start":{"line":159,"column":4},"end":{"line":159,"column":22}},"35":{"start":{"line":168,"column":0},"end":{"line":189,"column":2}},"36":{"start":{"line":173,"column":29},"end":{"line":173,"column":40}},"37":{"start":{"line":175,"column":21},"end":{"line":175,"column":41}},"38":{"start":{"line":176,"column":26},"end":{"line":176,"column":61}},"39":{"start":{"line":178,"column":4},"end":{"line":178,"column":25}},"40":{"start":{"line":179,"column":4},"end":{"line":179,"column":30}},"41":{"start":{"line":181,"column":4},"end":{"line":181,"column":28}},"42":{"start":{"line":182,"column":4},"end":{"line":187,"column":13}}},"fnMap":{"0":{"name":"(anonymous_0)","decl":{"start":{"line":37,"column":2},"end":{"line":37,"column":7}},"loc":{"start":{"line":37,"column":70},"end":{"line":70,"column":3}}},"1":{"name":"(anonymous_1)","decl":{"start":{"line":84,"column":2},"end":{"line":84,"column":7}},"loc":{"start":{"line":84,"column":40},"end":{"line":91,"column":3}}},"2":{"name":"(anonymous_2)","decl":{"start":{"line":96,"column":23},"end":{"line":96,"column":28}},"loc":{"start":{"line":96,"column":61},"end":{"line":109,"column":1}}},"3":{"name":"(anonymous_3)","decl":{"start":{"line":113,"column":16},"end":{"line":113,"column":21}},"loc":{"start":{"line":113,"column":54},"end":{"line":125,"column":1}}},"4":{"name":"(anonymous_4)","decl":{"start":{"line":129,"column":22},"end":{"line":129,"column":27}},"loc":{"start":{"line":129,"column":60},"end":{"line":141,"column":1}}},"5":{"name":"(anonymous_5)","decl":{"start":{"line":150,"column":2},"end":{"line":150,"column":7}},"loc":{"start":{"line":150,"column":40},"end":{"line":160,"column":3}}},"6":{"name":"(anonymous_6)","decl":{"start":{"line":172,"column":2},"end":{"line":172,"column":7}},"loc":{"start":{"line":172,"column":40},"end":{"line":188,"column":3}}}},"branchMap":{"0":{"loc":{"start":{"line":52,"column":4},"end":{"line":55,"column":5}},"type":"if","locations":[{"start":{"line":52,"column":4},"end":{"line":55,"column":5}},{"start":{},"end":{}}]},"1":{"loc":{"start":{"line":52,"column":8},"end":{"line":52,"column":24}},"type":"binary-expr","locations":[{"start":{"line":52,"column":8},"end":{"line":52,"column":14}},{"start":{"line":52,"column":18},"end":{"line":52,"column":24}}]},"2":{"loc":{"start":{"line":53,"column":46},"end":{"line":53,"column":60}},"type":"binary-expr","locations":[{"start":{"line":53,"column":46},"end":{"line":53,"column":52}},{"start":{"line":53,"column":56},"end":{"line":53,"column":60}}]},"3":{"loc":{"start":{"line":53,"column":62},"end":{"line":53,"column":76}},"type":"binary-expr","locations":[{"start":{"line":53,"column":62},"end":{"line":53,"column":68}},{"start":{"line":53,"column":72},"end":{"line":53,"column":76}}]},"4":{"loc":{"start":{"line":58,"column":4},"end":{"line":60,"column":5}},"type":"if","locations":[{"start":{"line":58,"column":4},"end":{"line":60,"column":5}},{"start":{},"end":{}}]},"5":{"loc":{"start":{"line":58,"column":8},"end":{"line":58,"column":43}},"type":"binary-expr","locations":[{"start":{"line":58,"column":8},"end":{"line":58,"column":26}},{"start":{"line":58,"column":30},"end":{"line":58,"column":34}},{"start":{"line":58,"column":38},"end":{"line":58,"column":43}}]},"6":{"loc":{"start":{"line":63,"column":4},"end":{"line":65,"column":5}},"type":"if","locations":[{"start":{"line":63,"column":4},"end":{"line":65,"column":5}},{"start":{},"end":{}}]},"7":{"loc":{"start":{"line":176,"column":34},"end":{"line":176,"column":60}},"type":"binary-expr","locations":[{"start":{"line":176,"column":34},"end":{"line":176,"column":54}},{"start":{"line":176,"column":58},"end":{"line":176,"column":60}}]}},"s":{"0":9,"1":9,"2":1,"3":1,"4":1,"5":1,"6":1,"7":1,"8":0,"9":1,"10":0,"11":1,"12":1,"13":9,"14":1,"15":1,"16":1,"17":9,"18":1,"19":1,"20":1,"21":9,"22":1,"23":1,"24":1,"25":9,"26":1,"27":1,"28":1,"29":9,"30":1,"31":1,"32":1,"33":1,"34":1,"35":9,"36":1,"37":1,"38":1,"39":1,"40":1,"41":1,"42":1},"f":{"0":1,"1":1,"2":1,"3":1,"4":1,"5":1,"6":1},"b":{"0":[1,0],"1":[1,0],"2":[1,0],"3":[1,1],"4":[0,1],"5":[1,0,0],"6":[0,1],"7":[1,0]}}
,"C:\\Users\\antti\\Desktop\\koulutehtävät\\fullstackopen\\projekti\\backend\\src\\controllers\\ratings.ts": {"path":"C:\\Users\\antti\\Desktop\\koulutehtävät\\fullstackopen\\projekti\\backend\\src\\controllers\\ratings.ts","statementMap":{"0":{"start":{"line":9,"column":19},"end":{"line":9,"column":25}},"1":{"start":{"line":11,"column":15},"end":{"line":11,"column":31}},"2":{"start":{"line":22,"column":0},"end":{"line":30,"column":3}},"3":{"start":{"line":23,"column":16},"end":{"line":23,"column":43}},"4":{"start":{"line":25,"column":18},"end":{"line":27,"column":4}},"5":{"start":{"line":29,"column":2},"end":{"line":29,"column":20}},"6":{"start":{"line":44,"column":0},"end":{"line":56,"column":2}},"7":{"start":{"line":50,"column":42},"end":{"line":50,"column":50}},"8":{"start":{"line":53,"column":22},"end":{"line":53,"column":72}},"9":{"start":{"line":54,"column":4},"end":{"line":54,"column":61}}},"fnMap":{"0":{"name":"(anonymous_0)","decl":{"start":{"line":22,"column":16},"end":{"line":22,"column":21}},"loc":{"start":{"line":22,"column":54},"end":{"line":30,"column":1}}},"1":{"name":"(anonymous_1)","decl":{"start":{"line":48,"column":2},"end":{"line":48,"column":7}},"loc":{"start":{"line":48,"column":68},"end":{"line":55,"column":3}}}},"branchMap":{},"s":{"0":9,"1":9,"2":9,"3":0,"4":0,"5":0,"6":9,"7":1,"8":1,"9":1},"f":{"0":0,"1":1},"b":{}}
,"C:\\Users\\antti\\Desktop\\koulutehtävät\\fullstackopen\\projekti\\backend\\src\\controllers\\replies.ts": {"path":"C:\\Users\\antti\\Desktop\\koulutehtävät\\fullstackopen\\projekti\\backend\\src\\controllers\\replies.ts","statementMap":{"0":{"start":{"line":20,"column":18},"end":{"line":20,"column":24}},"1":{"start":{"line":22,"column":15},"end":{"line":22,"column":31}},"2":{"start":{"line":26,"column":0},"end":{"line":36,"column":3}},"3":{"start":{"line":27,"column":16},"end":{"line":27,"column":43}},"4":{"start":{"line":29,"column":18},"end":{"line":33,"column":4}},"5":{"start":{"line":35,"column":2},"end":{"line":35,"column":20}},"6":{"start":{"line":40,"column":0},"end":{"line":76,"column":2}},"7":{"start":{"line":52,"column":8},"end":{"line":52,"column":16}},"8":{"start":{"line":54,"column":21},"end":{"line":62,"column":6}},"9":{"start":{"line":64,"column":29},"end":{"line":64,"column":60}},"10":{"start":{"line":66,"column":4},"end":{"line":68,"column":5}},"11":{"start":{"line":67,"column":6},"end":{"line":67,"column":64}},"12":{"start":{"line":70,"column":4},"end":{"line":74,"column":7}},"13":{"start":{"line":84,"column":0},"end":{"line":97,"column":2}},"14":{"start":{"line":90,"column":4},"end":{"line":90,"column":27}},"15":{"start":{"line":91,"column":4},"end":{"line":95,"column":7}},"16":{"start":{"line":105,"column":0},"end":{"line":119,"column":2}},"17":{"start":{"line":110,"column":4},"end":{"line":110,"column":30}},"18":{"start":{"line":111,"column":4},"end":{"line":117,"column":13}}},"fnMap":{"0":{"name":"(anonymous_0)","decl":{"start":{"line":26,"column":16},"end":{"line":26,"column":21}},"loc":{"start":{"line":26,"column":54},"end":{"line":36,"column":1}}},"1":{"name":"(anonymous_1)","decl":{"start":{"line":43,"column":2},"end":{"line":43,"column":7}},"loc":{"start":{"line":43,"column":68},"end":{"line":75,"column":3}}},"2":{"name":"(anonymous_2)","decl":{"start":{"line":89,"column":2},"end":{"line":89,"column":7}},"loc":{"start":{"line":89,"column":68},"end":{"line":96,"column":3}}},"3":{"name":"(anonymous_3)","decl":{"start":{"line":109,"column":2},"end":{"line":109,"column":7}},"loc":{"start":{"line":109,"column":40},"end":{"line":118,"column":3}}}},"branchMap":{"0":{"loc":{"start":{"line":66,"column":4},"end":{"line":68,"column":5}},"type":"if","locations":[{"start":{"line":66,"column":4},"end":{"line":68,"column":5}},{"start":{},"end":{}}]}},"s":{"0":9,"1":9,"2":9,"3":1,"4":1,"5":1,"6":9,"7":1,"8":1,"9":1,"10":1,"11":1,"12":1,"13":9,"14":1,"15":1,"16":9,"17":1,"18":1},"f":{"0":1,"1":1,"2":1,"3":1},"b":{"0":[1,0]}}
,"C:\\Users\\antti\\Desktop\\koulutehtävät\\fullstackopen\\projekti\\backend\\src\\controllers\\users.ts": {"path":"C:\\Users\\antti\\Desktop\\koulutehtävät\\fullstackopen\\projekti\\backend\\src\\controllers\\users.ts","statementMap":{"0":{"start":{"line":22,"column":26},"end":{"line":22,"column":32}},"1":{"start":{"line":24,"column":15},"end":{"line":24,"column":31}},"2":{"start":{"line":26,"column":0},"end":{"line":29,"column":3}},"3":{"start":{"line":27,"column":16},"end":{"line":27,"column":41}},"4":{"start":{"line":28,"column":2},"end":{"line":28,"column":18}},"5":{"start":{"line":33,"column":0},"end":{"line":36,"column":3}},"6":{"start":{"line":34,"column":16},"end":{"line":34,"column":38}},"7":{"start":{"line":35,"column":2},"end":{"line":35,"column":18}},"8":{"start":{"line":44,"column":0},"end":{"line":53,"column":2}},"9":{"start":{"line":50,"column":24},"end":{"line":50,"column":45}},"10":{"start":{"line":51,"column":4},"end":{"line":51,"column":77}},"11":{"start":{"line":61,"column":0},"end":{"line":75,"column":2}},"12":{"start":{"line":67,"column":24},"end":{"line":67,"column":45}},"13":{"start":{"line":69,"column":4},"end":{"line":73,"column":7}},"14":{"start":{"line":83,"column":0},"end":{"line":104,"column":2}},"15":{"start":{"line":89,"column":48},"end":{"line":89,"column":56}},"16":{"start":{"line":91,"column":17},"end":{"line":91,"column":25}},"17":{"start":{"line":93,"column":25},"end":{"line":93,"column":56}},"18":{"start":{"line":94,"column":4},"end":{"line":94,"column":29}},"19":{"start":{"line":95,"column":4},"end":{"line":95,"column":21}},"20":{"start":{"line":96,"column":4},"end":{"line":96,"column":23}},"21":{"start":{"line":97,"column":4},"end":{"line":97,"column":37}},"22":{"start":{"line":98,"column":4},"end":{"line":98,"column":32}},"23":{"start":{"line":99,"column":4},"end":{"line":99,"column":32}},"24":{"start":{"line":101,"column":4},"end":{"line":101,"column":22}},"25":{"start":{"line":102,"column":4},"end":{"line":102,"column":19}},"26":{"start":{"line":112,"column":0},"end":{"line":135,"column":2}},"27":{"start":{"line":117,"column":54},"end":{"line":117,"column":62}},"28":{"start":{"line":119,"column":25},"end":{"line":119,"column":56}},"29":{"start":{"line":121,"column":20},"end":{"line":127,"column":6}},"30":{"start":{"line":129,"column":4},"end":{"line":133,"column":7}},"31":{"start":{"line":143,"column":0},"end":{"line":157,"column":2}},"32":{"start":{"line":148,"column":4},"end":{"line":148,"column":29}},"33":{"start":{"line":149,"column":4},"end":{"line":155,"column":13}}},"fnMap":{"0":{"name":"(anonymous_0)","decl":{"start":{"line":26,"column":23},"end":{"line":26,"column":28}},"loc":{"start":{"line":26,"column":62},"end":{"line":29,"column":1}}},"1":{"name":"(anonymous_1)","decl":{"start":{"line":33,"column":16},"end":{"line":33,"column":21}},"loc":{"start":{"line":33,"column":55},"end":{"line":36,"column":1}}},"2":{"name":"(anonymous_2)","decl":{"start":{"line":49,"column":2},"end":{"line":49,"column":7}},"loc":{"start":{"line":49,"column":77},"end":{"line":52,"column":3}}},"3":{"name":"(anonymous_3)","decl":{"start":{"line":66,"column":2},"end":{"line":66,"column":7}},"loc":{"start":{"line":66,"column":77},"end":{"line":74,"column":3}}},"4":{"name":"(anonymous_4)","decl":{"start":{"line":88,"column":2},"end":{"line":88,"column":7}},"loc":{"start":{"line":88,"column":77},"end":{"line":103,"column":3}}},"5":{"name":"(anonymous_5)","decl":{"start":{"line":116,"column":2},"end":{"line":116,"column":7}},"loc":{"start":{"line":116,"column":67},"end":{"line":134,"column":3}}},"6":{"name":"(anonymous_6)","decl":{"start":{"line":147,"column":2},"end":{"line":147,"column":7}},"loc":{"start":{"line":147,"column":40},"end":{"line":156,"column":3}}}},"branchMap":{},"s":{"0":9,"1":9,"2":9,"3":0,"4":0,"5":9,"6":1,"7":1,"8":9,"9":0,"10":0,"11":9,"12":2,"13":2,"14":9,"15":0,"16":0,"17":0,"18":0,"19":0,"20":0,"21":0,"22":0,"23":0,"24":0,"25":0,"26":9,"27":1,"28":1,"29":1,"30":1,"31":9,"32":1,"33":1},"f":{"0":0,"1":1,"2":0,"3":2,"4":0,"5":1,"6":1},"b":{}}
,"C:\\Users\\antti\\Desktop\\koulutehtävät\\fullstackopen\\projekti\\backend\\src\\errors\\AppError.ts": {"path":"C:\\Users\\antti\\Desktop\\koulutehtävät\\fullstackopen\\projekti\\backend\\src\\errors\\AppError.ts","statementMap":{"0":{"start":{"line":20,"column":4},"end":{"line":20,"column":57}},"1":{"start":{"line":21,"column":4},"end":{"line":21,"column":27}},"2":{"start":{"line":22,"column":4},"end":{"line":22,"column":29}},"3":{"start":{"line":23,"column":4},"end":{"line":23,"column":33}},"4":{"start":{"line":24,"column":4},"end":{"line":24,"column":39}}},"fnMap":{"0":{"name":"(anonymous_0)","decl":{"start":{"line":15,"column":2},"end":{"line":15,"column":null}},"loc":{"start":{"line":18,"column":25},"end":{"line":25,"column":3}}}},"branchMap":{"0":{"loc":{"start":{"line":17,"column":4},"end":{"line":17,"column":20}},"type":"default-arg","locations":[{"start":{"line":17,"column":17},"end":{"line":17,"column":20}}]},"1":{"loc":{"start":{"line":18,"column":4},"end":{"line":18,"column":25}},"type":"default-arg","locations":[{"start":{"line":18,"column":20},"end":{"line":18,"column":25}}]},"2":{"loc":{"start":{"line":20,"column":10},"end":{"line":20,"column":55}},"type":"binary-expr","locations":[{"start":{"line":20,"column":10},"end":{"line":20,"column":21}},{"start":{"line":20,"column":25},"end":{"line":20,"column":36}},{"start":{"line":20,"column":40},"end":{"line":20,"column":55}}]}},"s":{"0":7,"1":7,"2":7,"3":7,"4":7},"f":{"0":7},"b":{"0":[0],"1":[7],"2":[7,0,0]}}
,"C:\\Users\\antti\\Desktop\\koulutehtävät\\fullstackopen\\projekti\\backend\\src\\middleware\\errorHandlers.ts": {"path":"C:\\Users\\antti\\Desktop\\koulutehtävät\\fullstackopen\\projekti\\backend\\src\\middleware\\errorHandlers.ts","statementMap":{"0":{"start":{"line":13,"column":31},"end":{"line":15,"column":1}},"1":{"start":{"line":14,"column":2},"end":{"line":14,"column":54}},"2":{"start":{"line":21,"column":28},"end":{"line":74,"column":1}},"3":{"start":{"line":27,"column":2},"end":{"line":71,"column":3}},"4":{"start":{"line":28,"column":4},"end":{"line":31,"column":7}},"5":{"start":{"line":32,"column":4},"end":{"line":32,"column":11}},"6":{"start":{"line":33,"column":9},"end":{"line":71,"column":3}},"7":{"start":{"line":34,"column":4},"end":{"line":41,"column":7}},"8":{"start":{"line":37,"column":41},"end":{"line":40,"column":8}},"9":{"start":{"line":42,"column":4},"end":{"line":42,"column":11}},"10":{"start":{"line":43,"column":9},"end":{"line":71,"column":3}},"11":{"start":{"line":44,"column":21},"end":{"line":44,"column":59}},"12":{"start":{"line":44,"column":47},"end":{"line":44,"column":58}},"13":{"start":{"line":45,"column":4},"end":{"line":49,"column":7}},"14":{"start":{"line":50,"column":4},"end":{"line":50,"column":11}},"15":{"start":{"line":51,"column":9},"end":{"line":71,"column":3}},"16":{"start":{"line":52,"column":4},"end":{"line":56,"column":7}},"17":{"start":{"line":57,"column":4},"end":{"line":57,"column":11}},"18":{"start":{"line":58,"column":9},"end":{"line":71,"column":3}},"19":{"start":{"line":59,"column":4},"end":{"line":63,"column":7}},"20":{"start":{"line":64,"column":4},"end":{"line":64,"column":11}},"21":{"start":{"line":66,"column":4},"end":{"line":70,"column":7}},"22":{"start":{"line":72,"column":2},"end":{"line":72,"column":33}},"23":{"start":{"line":73,"column":2},"end":{"line":73,"column":14}}},"fnMap":{"0":{"name":"(anonymous_0)","decl":{"start":{"line":13,"column":31},"end":{"line":13,"column":32}},"loc":{"start":{"line":13,"column":70},"end":{"line":15,"column":1}}},"1":{"name":"(anonymous_1)","decl":{"start":{"line":21,"column":28},"end":{"line":21,"column":null}},"loc":{"start":{"line":26,"column":10},"end":{"line":74,"column":1}}},"2":{"name":"(anonymous_2)","decl":{"start":{"line":37,"column":33},"end":{"line":37,"column":34}},"loc":{"start":{"line":37,"column":41},"end":{"line":40,"column":8}}},"3":{"name":"(anonymous_3)","decl":{"start":{"line":44,"column":38},"end":{"line":44,"column":39}},"loc":{"start":{"line":44,"column":47},"end":{"line":44,"column":58}}}},"branchMap":{"0":{"loc":{"start":{"line":27,"column":2},"end":{"line":71,"column":3}},"type":"if","locations":[{"start":{"line":27,"column":2},"end":{"line":71,"column":3}},{"start":{"line":33,"column":9},"end":{"line":71,"column":3}}]},"1":{"loc":{"start":{"line":33,"column":9},"end":{"line":71,"column":3}},"type":"if","locations":[{"start":{"line":33,"column":9},"end":{"line":71,"column":3}},{"start":{"line":43,"column":9},"end":{"line":71,"column":3}}]},"2":{"loc":{"start":{"line":43,"column":9},"end":{"line":71,"column":3}},"type":"if","locations":[{"start":{"line":43,"column":9},"end":{"line":71,"column":3}},{"start":{"line":51,"column":9},"end":{"line":71,"column":3}}]},"3":{"loc":{"start":{"line":51,"column":9},"end":{"line":71,"column":3}},"type":"if","locations":[{"start":{"line":51,"column":9},"end":{"line":71,"column":3}},{"start":{"line":58,"column":9},"end":{"line":71,"column":3}}]},"4":{"loc":{"start":{"line":58,"column":9},"end":{"line":71,"column":3}},"type":"if","locations":[{"start":{"line":58,"column":9},"end":{"line":71,"column":3}},{"start":{"line":65,"column":9},"end":{"line":71,"column":3}}]}},"s":{"0":9,"1":0,"2":9,"3":11,"4":7,"5":7,"6":4,"7":4,"8":5,"9":4,"10":0,"11":0,"12":0,"13":0,"14":0,"15":0,"16":0,"17":0,"18":0,"19":0,"20":0,"21":0,"22":0,"23":0},"f":{"0":0,"1":11,"2":5,"3":0},"b":{"0":[7,4],"1":[4,0],"2":[0,0],"3":[0,0],"4":[0,0]}}
,"C:\\Users\\antti\\Desktop\\koulutehtävät\\fullstackopen\\projekti\\backend\\src\\middleware\\finders.ts": {"path":"C:\\Users\\antti\\Desktop\\koulutehtävät\\fullstackopen\\projekti\\backend\\src\\middleware\\finders.ts","statementMap":{"0":{"start":{"line":13,"column":23},"end":{"line":37,"column":1}},"1":{"start":{"line":18,"column":2},"end":{"line":36,"column":4}},"2":{"start":{"line":19,"column":21},"end":{"line":19,"column":56}},"3":{"start":{"line":20,"column":4},"end":{"line":22,"column":5}},"4":{"start":{"line":21,"column":6},"end":{"line":21,"column":67}},"5":{"start":{"line":24,"column":4},"end":{"line":34,"column":5}},"6":{"start":{"line":25,"column":6},"end":{"line":25,"column":29}},"7":{"start":{"line":26,"column":11},"end":{"line":34,"column":5}},"8":{"start":{"line":27,"column":6},"end":{"line":27,"column":27}},"9":{"start":{"line":28,"column":11},"end":{"line":34,"column":5}},"10":{"start":{"line":29,"column":6},"end":{"line":29,"column":29}},"11":{"start":{"line":30,"column":11},"end":{"line":34,"column":5}},"12":{"start":{"line":31,"column":6},"end":{"line":31,"column":29}},"13":{"start":{"line":33,"column":6},"end":{"line":33,"column":26}},"14":{"start":{"line":35,"column":4},"end":{"line":35,"column":11}},"15":{"start":{"line":39,"column":29},"end":{"line":39,"column":74}},"16":{"start":{"line":40,"column":27},"end":{"line":40,"column":66}},"17":{"start":{"line":41,"column":29},"end":{"line":41,"column":74}},"18":{"start":{"line":42,"column":29},"end":{"line":42,"column":74}},"19":{"start":{"line":43,"column":26},"end":{"line":43,"column":62}}},"fnMap":{"0":{"name":"(anonymous_0)","decl":{"start":{"line":13,"column":23},"end":{"line":13,"column":null}},"loc":{"start":{"line":17,"column":4},"end":{"line":37,"column":1}}},"1":{"name":"(anonymous_1)","decl":{"start":{"line":18,"column":9},"end":{"line":18,"column":14}},"loc":{"start":{"line":18,"column":68},"end":{"line":36,"column":3}}}},"branchMap":{"0":{"loc":{"start":{"line":20,"column":4},"end":{"line":22,"column":5}},"type":"if","locations":[{"start":{"line":20,"column":4},"end":{"line":22,"column":5}},{"start":{},"end":{}}]},"1":{"loc":{"start":{"line":24,"column":4},"end":{"line":34,"column":5}},"type":"if","locations":[{"start":{"line":24,"column":4},"end":{"line":34,"column":5}},{"start":{"line":26,"column":11},"end":{"line":34,"column":5}}]},"2":{"loc":{"start":{"line":26,"column":11},"end":{"line":34,"column":5}},"type":"if","locations":[{"start":{"line":26,"column":11},"end":{"line":34,"column":5}},{"start":{"line":28,"column":11},"end":{"line":34,"column":5}}]},"3":{"loc":{"start":{"line":28,"column":11},"end":{"line":34,"column":5}},"type":"if","locations":[{"start":{"line":28,"column":11},"end":{"line":34,"column":5}},{"start":{"line":30,"column":11},"end":{"line":34,"column":5}}]},"4":{"loc":{"start":{"line":30,"column":11},"end":{"line":34,"column":5}},"type":"if","locations":[{"start":{"line":30,"column":11},"end":{"line":34,"column":5}},{"start":{"line":32,"column":11},"end":{"line":34,"column":5}}]}},"s":{"0":9,"1":45,"2":12,"3":12,"4":0,"5":12,"6":3,"7":9,"8":2,"9":7,"10":3,"11":4,"12":3,"13":1,"14":12,"15":9,"16":9,"17":9,"18":9,"19":9},"f":{"0":45,"1":12},"b":{"0":[0,12],"1":[3,9],"2":[2,7],"3":[3,4],"4":[3,1]}}
,"C:\\Users\\antti\\Desktop\\koulutehtävät\\fullstackopen\\projekti\\backend\\src\\middleware\\tokenExtractor.ts": {"path":"C:\\Users\\antti\\Desktop\\koulutehtävät\\fullstackopen\\projekti\\backend\\src\\middleware\\tokenExtractor.ts","statementMap":{"0":{"start":{"line":14,"column":46},"end":{"line":28,"column":1}},"1":{"start":{"line":19,"column":2},"end":{"line":27,"column":3}},"2":{"start":{"line":20,"column":29},"end":{"line":20,"column":32}},"3":{"start":{"line":21,"column":26},"end":{"line":21,"column":50}},"4":{"start":{"line":22,"column":20},"end":{"line":22,"column":58}},"5":{"start":{"line":23,"column":4},"end":{"line":23,"column":44}},"6":{"start":{"line":24,"column":4},"end":{"line":24,"column":11}},"7":{"start":{"line":26,"column":4},"end":{"line":26,"column":16}},"8":{"start":{"line":30,"column":27},"end":{"line":62,"column":1}},"9":{"start":{"line":33,"column":2},"end":{"line":35,"column":3}},"10":{"start":{"line":34,"column":4},"end":{"line":34,"column":53}},"11":{"start":{"line":37,"column":16},"end":{"line":37,"column":42}},"12":{"start":{"line":38,"column":18},"end":{"line":38,"column":48}},"13":{"start":{"line":40,"column":2},"end":{"line":42,"column":3}},"14":{"start":{"line":41,"column":4},"end":{"line":41,"column":61}},"15":{"start":{"line":44,"column":2},"end":{"line":61,"column":3}},"16":{"start":{"line":45,"column":20},"end":{"line":45,"column":61}},"17":{"start":{"line":47,"column":4},"end":{"line":49,"column":5}},"18":{"start":{"line":48,"column":6},"end":{"line":48,"column":55}},"19":{"start":{"line":51,"column":4},"end":{"line":51,"column":19}},"20":{"start":{"line":53,"column":16},"end":{"line":53,"column":42}},"21":{"start":{"line":55,"column":4},"end":{"line":58,"column":5}},"22":{"start":{"line":56,"column":6},"end":{"line":56,"column":64}},"23":{"start":{"line":57,"column":6},"end":{"line":57,"column":55}},"24":{"start":{"line":60,"column":4},"end":{"line":60,"column":53}}},"fnMap":{"0":{"name":"(anonymous_0)","decl":{"start":{"line":14,"column":46},"end":{"line":14,"column":51}},"loc":{"start":{"line":18,"column":4},"end":{"line":28,"column":1}}},"1":{"name":"(anonymous_1)","decl":{"start":{"line":30,"column":27},"end":{"line":30,"column":32}},"loc":{"start":{"line":32,"column":27},"end":{"line":62,"column":1}}}},"branchMap":{"0":{"loc":{"start":{"line":22,"column":38},"end":{"line":22,"column":57}},"type":"binary-expr","locations":[{"start":{"line":22,"column":38},"end":{"line":22,"column":51}},{"start":{"line":22,"column":55},"end":{"line":22,"column":57}}]},"1":{"loc":{"start":{"line":33,"column":2},"end":{"line":35,"column":3}},"type":"if","locations":[{"start":{"line":33,"column":2},"end":{"line":35,"column":3}},{"start":{},"end":{}}]},"2":{"loc":{"start":{"line":33,"column":6},"end":{"line":33,"column":74}},"type":"binary-expr","locations":[{"start":{"line":33,"column":6},"end":{"line":33,"column":20}},{"start":{"line":33,"column":24},"end":{"line":33,"column":74}}]},"3":{"loc":{"start":{"line":40,"column":2},"end":{"line":42,"column":3}},"type":"if","locations":[{"start":{"line":40,"column":2},"end":{"line":42,"column":3}},{"start":{},"end":{}}]},"4":{"loc":{"start":{"line":47,"column":4},"end":{"line":49,"column":5}},"type":"if","locations":[{"start":{"line":47,"column":4},"end":{"line":49,"column":5}},{"start":{},"end":{}}]},"5":{"loc":{"start":{"line":47,"column":8},"end":{"line":47,"column":62}},"type":"binary-expr","locations":[{"start":{"line":47,"column":8},"end":{"line":47,"column":16}},{"start":{"line":47,"column":20},"end":{"line":47,"column":47}},{"start":{"line":47,"column":51},"end":{"line":47,"column":62}}]},"6":{"loc":{"start":{"line":55,"column":4},"end":{"line":58,"column":5}},"type":"if","locations":[{"start":{"line":55,"column":4},"end":{"line":58,"column":5}},{"start":{},"end":{}}]}},"s":{"0":9,"1":20,"2":20,"3":20,"4":20,"5":17,"6":17,"7":3,"8":9,"9":20,"10":1,"11":19,"12":19,"13":19,"14":1,"15":18,"16":18,"17":17,"18":0,"19":17,"20":1,"21":1,"22":0,"23":0,"24":1},"f":{"0":20,"1":20},"b":{"0":[20,1],"1":[1,19],"2":[20,19],"3":[1,18],"4":[0,17],"5":[17,17,17],"6":[0,1]}}
,"C:\\Users\\antti\\Desktop\\koulutehtävät\\fullstackopen\\projekti\\backend\\src\\middleware\\userExtractor.ts": {"path":"C:\\Users\\antti\\Desktop\\koulutehtävät\\fullstackopen\\projekti\\backend\\src\\middleware\\userExtractor.ts","statementMap":{"0":{"start":{"line":5,"column":29},"end":{"line":20,"column":1}},"1":{"start":{"line":10,"column":16},"end":{"line":10,"column":32}},"2":{"start":{"line":12,"column":15},"end":{"line":12,"column":42}},"3":{"start":{"line":13,"column":2},"end":{"line":16,"column":3}},"4":{"start":{"line":14,"column":4},"end":{"line":14,"column":54}},"5":{"start":{"line":15,"column":4},"end":{"line":15,"column":11}},"6":{"start":{"line":18,"column":2},"end":{"line":18,"column":18}},"7":{"start":{"line":19,"column":2},"end":{"line":19,"column":9}}},"fnMap":{"0":{"name":"(anonymous_0)","decl":{"start":{"line":5,"column":29},"end":{"line":5,"column":34}},"loc":{"start":{"line":9,"column":4},"end":{"line":20,"column":1}}}},"branchMap":{"0":{"loc":{"start":{"line":13,"column":2},"end":{"line":16,"column":3}},"type":"if","locations":[{"start":{"line":13,"column":2},"end":{"line":16,"column":3}},{"start":{},"end":{}}]}},"s":{"0":9,"1":7,"2":7,"3":7,"4":0,"5":0,"6":7,"7":7},"f":{"0":7},"b":{"0":[0,7]}}
,"C:\\Users\\antti\\Desktop\\koulutehtävät\\fullstackopen\\projekti\\backend\\src\\middleware\\validateAuthorisation.ts": {"path":"C:\\Users\\antti\\Desktop\\koulutehtävät\\fullstackopen\\projekti\\backend\\src\\middleware\\validateAuthorisation.ts","statementMap":{"0":{"start":{"line":14,"column":18},"end":{"line":14,"column":34}},"1":{"start":{"line":16,"column":2},"end":{"line":18,"column":3}},"2":{"start":{"line":17,"column":4},"end":{"line":17,"column":52}},"3":{"start":{"line":19,"column":2},"end":{"line":19,"column":9}},"4":{"start":{"line":23,"column":2},"end":{"line":36,"column":4}},"5":{"start":{"line":24,"column":38},"end":{"line":24,"column":54}},"6":{"start":{"line":25,"column":4},"end":{"line":27,"column":5}},"7":{"start":{"line":26,"column":6},"end":{"line":26,"column":74}},"8":{"start":{"line":28,"column":4},"end":{"line":33,"column":5}},"9":{"start":{"line":29,"column":6},"end":{"line":32,"column":8}},"10":{"start":{"line":35,"column":4},"end":{"line":35,"column":11}},"11":{"start":{"line":40,"column":2},"end":{"line":70,"column":4}},"12":{"start":{"line":41,"column":21},"end":{"line":41,"column":37}},"13":{"start":{"line":42,"column":4},"end":{"line":44,"column":5}},"14":{"start":{"line":43,"column":6},"end":{"line":43,"column":74}},"15":{"start":{"line":46,"column":20},"end":{"line":46,"column":55}},"16":{"start":{"line":49,"column":4},"end":{"line":68,"column":5}},"17":{"start":{"line":51,"column":6},"end":{"line":67,"column":9}},"18":{"start":{"line":52,"column":8},"end":{"line":55,"column":9}},"19":{"start":{"line":53,"column":10},"end":{"line":53,"column":20}},"20":{"start":{"line":54,"column":10},"end":{"line":54,"column":17}},"21":{"start":{"line":57,"column":24},"end":{"line":57,"column":40}},"22":{"start":{"line":58,"column":8},"end":{"line":66,"column":9}},"23":{"start":{"line":59,"column":10},"end":{"line":65,"column":12}},"24":{"start":{"line":69,"column":4},"end":{"line":69,"column":11}}},"fnMap":{"0":{"name":"validateIsAdmin","decl":{"start":{"line":9,"column":16},"end":{"line":9,"column":31}},"loc":{"start":{"line":12,"column":20},"end":{"line":20,"column":1}}},"1":{"name":"validateOwner","decl":{"start":{"line":22,"column":16},"end":{"line":22,"column":29}},"loc":{"start":{"line":22,"column":62},"end":{"line":37,"column":1}}},"2":{"name":"(anonymous_2)","decl":{"start":{"line":23,"column":9},"end":{"line":23,"column":14}},"loc":{"start":{"line":23,"column":68},"end":{"line":36,"column":3}}},"3":{"name":"validateOwnerOrAdmin","decl":{"start":{"line":39,"column":16},"end":{"line":39,"column":36}},"loc":{"start":{"line":39,"column":69},"end":{"line":71,"column":1}}},"4":{"name":"(anonymous_4)","decl":{"start":{"line":40,"column":9},"end":{"line":40,"column":14}},"loc":{"start":{"line":40,"column":67},"end":{"line":70,"column":3}}},"5":{"name":"(anonymous_5)","decl":{"start":{"line":51,"column":31},"end":{"line":51,"column":36}},"loc":{"start":{"line":51,"column":45},"end":{"line":67,"column":7}}}},"branchMap":{"0":{"loc":{"start":{"line":16,"column":2},"end":{"line":18,"column":3}},"type":"if","locations":[{"start":{"line":16,"column":2},"end":{"line":18,"column":3}},{"start":{},"end":{}}]},"1":{"loc":{"start":{"line":25,"column":4},"end":{"line":27,"column":5}},"type":"if","locations":[{"start":{"line":25,"column":4},"end":{"line":27,"column":5}},{"start":{},"end":{}}]},"2":{"loc":{"start":{"line":28,"column":4},"end":{"line":33,"column":5}},"type":"if","locations":[{"start":{"line":28,"column":4},"end":{"line":33,"column":5}},{"start":{},"end":{}}]},"3":{"loc":{"start":{"line":42,"column":4},"end":{"line":44,"column":5}},"type":"if","locations":[{"start":{"line":42,"column":4},"end":{"line":44,"column":5}},{"start":{},"end":{}}]},"4":{"loc":{"start":{"line":49,"column":4},"end":{"line":68,"column":5}},"type":"if","locations":[{"start":{"line":49,"column":4},"end":{"line":68,"column":5}},{"start":{},"end":{}}]},"5":{"loc":{"start":{"line":52,"column":8},"end":{"line":55,"column":9}},"type":"if","locations":[{"start":{"line":52,"column":8},"end":{"line":55,"column":9}},{"start":{},"end":{}}]},"6":{"loc":{"start":{"line":58,"column":8},"end":{"line":66,"column":9}},"type":"if","locations":[{"start":{"line":58,"column":8},"end":{"line":66,"column":9}},{"start":{},"end":{}}]},"7":{"loc":{"start":{"line":58,"column":12},"end":{"line":58,"column":32}},"type":"binary-expr","locations":[{"start":{"line":58,"column":12},"end":{"line":58,"column":20}},{"start":{"line":58,"column":24},"end":{"line":58,"column":32}}]}},"s":{"0":2,"1":2,"2":0,"3":2,"4":18,"5":3,"6":3,"7":0,"8":3,"9":1,"10":2,"11":18,"12":2,"13":2,"14":0,"15":2,"16":2,"17":2,"18":2,"19":0,"20":0,"21":2,"22":2,"23":0,"24":2},"f":{"0":2,"1":18,"2":3,"3":18,"4":2,"5":2},"b":{"0":[0,2],"1":[0,3],"2":[1,2],"3":[0,2],"4":[2,0],"5":[0,2],"6":[0,2],"7":[2,2]}}
,"C:\\Users\\antti\\Desktop\\koulutehtävät\\fullstackopen\\projekti\\backend\\src\\middleware\\validateInput.ts": {"path":"C:\\Users\\antti\\Desktop\\koulutehtävät\\fullstackopen\\projekti\\backend\\src\\middleware\\validateInput.ts","statementMap":{"0":{"start":{"line":25,"column":35},"end":{"line":40,"column":1}},"1":{"start":{"line":30,"column":23},"end":{"line":30,"column":51}},"2":{"start":{"line":32,"column":18},"end":{"line":32,"column":62}},"3":{"start":{"line":33,"column":2},"end":{"line":35,"column":3}},"4":{"start":{"line":34,"column":4},"end":{"line":34,"column":79}},"5":{"start":{"line":37,"column":2},"end":{"line":37,"column":26}},"6":{"start":{"line":39,"column":2},"end":{"line":39,"column":9}},"7":{"start":{"line":47,"column":24},"end":{"line":47,"column":53}},"8":{"start":{"line":49,"column":18},"end":{"line":49,"column":65}},"9":{"start":{"line":50,"column":2},"end":{"line":58,"column":3}},"10":{"start":{"line":51,"column":4},"end":{"line":57,"column":6}},"11":{"start":{"line":59,"column":2},"end":{"line":59,"column":27}},"12":{"start":{"line":60,"column":2},"end":{"line":60,"column":9}},"13":{"start":{"line":63,"column":34},"end":{"line":94,"column":1}},"14":{"start":{"line":68,"column":22},"end":{"line":68,"column":49}},"15":{"start":{"line":70,"column":18},"end":{"line":70,"column":63}},"16":{"start":{"line":71,"column":2},"end":{"line":79,"column":3}},"17":{"start":{"line":72,"column":4},"end":{"line":78,"column":6}},"18":{"start":{"line":81,"column":18},"end":{"line":81,"column":63}},"19":{"start":{"line":82,"column":2},"end":{"line":90,"column":3}},"20":{"start":{"line":83,"column":4},"end":{"line":89,"column":6}},"21":{"start":{"line":92,"column":2},"end":{"line":92,"column":25}},"22":{"start":{"line":93,"column":2},"end":{"line":93,"column":9}},"23":{"start":{"line":101,"column":25},"end":{"line":101,"column":58}},"24":{"start":{"line":102,"column":2},"end":{"line":102,"column":28}},"25":{"start":{"line":103,"column":2},"end":{"line":103,"column":9}},"26":{"start":{"line":111,"column":22},"end":{"line":111,"column":49}},"27":{"start":{"line":112,"column":2},"end":{"line":112,"column":25}},"28":{"start":{"line":113,"column":2},"end":{"line":113,"column":9}},"29":{"start":{"line":121,"column":32},"end":{"line":121,"column":61}},"30":{"start":{"line":122,"column":24},"end":{"line":122,"column":53}},"31":{"start":{"line":124,"column":2},"end":{"line":126,"column":3}},"32":{"start":{"line":125,"column":4},"end":{"line":125,"column":62}},"33":{"start":{"line":128,"column":2},"end":{"line":130,"column":3}},"34":{"start":{"line":129,"column":4},"end":{"line":129,"column":68}},"35":{"start":{"line":132,"column":19},"end":{"line":132,"column":56}},"36":{"start":{"line":134,"column":2},"end":{"line":136,"column":3}},"37":{"start":{"line":135,"column":4},"end":{"line":135,"column":71}},"38":{"start":{"line":138,"column":2},"end":{"line":141,"column":4}},"39":{"start":{"line":143,"column":2},"end":{"line":150,"column":3}},"40":{"start":{"line":144,"column":4},"end":{"line":149,"column":5}},"41":{"start":{"line":145,"column":6},"end":{"line":148,"column":8}},"42":{"start":{"line":152,"column":2},"end":{"line":152,"column":27}},"43":{"start":{"line":153,"column":2},"end":{"line":153,"column":9}},"44":{"start":{"line":156,"column":36},"end":{"line":164,"column":1}},"45":{"start":{"line":161,"column":24},"end":{"line":161,"column":55}},"46":{"start":{"line":162,"column":2},"end":{"line":162,"column":27}},"47":{"start":{"line":163,"column":2},"end":{"line":163,"column":9}},"48":{"start":{"line":166,"column":39},"end":{"line":177,"column":1}},"49":{"start":{"line":171,"column":23},"end":{"line":171,"column":60}},"50":{"start":{"line":173,"column":23},"end":{"line":173,"column":54}},"51":{"start":{"line":174,"column":2},"end":{"line":174,"column":34}},"52":{"start":{"line":176,"column":2},"end":{"line":176,"column":9}},"53":{"start":{"line":179,"column":38},"end":{"line":198,"column":1}},"54":{"start":{"line":184,"column":54},"end":{"line":184,"column":62}},"55":{"start":{"line":185,"column":15},"end":{"line":185,"column":23}},"56":{"start":{"line":187,"column":26},"end":{"line":187,"column":78}},"57":{"start":{"line":188,"column":2},"end":{"line":190,"column":3}},"58":{"start":{"line":189,"column":4},"end":{"line":189,"column":60}},"59":{"start":{"line":192,"column":2},"end":{"line":192,"column":68}},"60":{"start":{"line":194,"column":23},"end":{"line":194,"column":58}},"61":{"start":{"line":195,"column":2},"end":{"line":195,"column":35}},"62":{"start":{"line":197,"column":2},"end":{"line":197,"column":9}},"63":{"start":{"line":200,"column":48},"end":{"line":215,"column":1}},"64":{"start":{"line":205,"column":68},"end":{"line":205,"column":76}},"65":{"start":{"line":206,"column":15},"end":{"line":206,"column":23}},"66":{"start":{"line":208,"column":2},"end":{"line":208,"column":66}},"67":{"start":{"line":209,"column":2},"end":{"line":209,"column":56}},"68":{"start":{"line":211,"column":23},"end":{"line":211,"column":54}},"69":{"start":{"line":212,"column":2},"end":{"line":212,"column":35}},"70":{"start":{"line":214,"column":2},"end":{"line":214,"column":9}}},"fnMap":{"0":{"name":"(anonymous_0)","decl":{"start":{"line":25,"column":35},"end":{"line":25,"column":40}},"loc":{"start":{"line":29,"column":4},"end":{"line":40,"column":1}}},"1":{"name":"validateCommentInput","decl":{"start":{"line":42,"column":22},"end":{"line":42,"column":42}},"loc":{"start":{"line":45,"column":20},"end":{"line":61,"column":1}}},"2":{"name":"(anonymous_2)","decl":{"start":{"line":63,"column":34},"end":{"line":63,"column":39}},"loc":{"start":{"line":67,"column":4},"end":{"line":94,"column":1}}},"3":{"name":"validateContactFormInput","decl":{"start":{"line":96,"column":16},"end":{"line":96,"column":40}},"loc":{"start":{"line":99,"column":20},"end":{"line":104,"column":1}}},"4":{"name":"validateLoginInput","decl":{"start":{"line":106,"column":16},"end":{"line":106,"column":34}},"loc":{"start":{"line":109,"column":20},"end":{"line":114,"column":1}}},"5":{"name":"validatePictureUploadInput","decl":{"start":{"line":116,"column":22},"end":{"line":116,"column":48}},"loc":{"start":{"line":119,"column":20},"end":{"line":154,"column":1}}},"6":{"name":"(anonymous_6)","decl":{"start":{"line":156,"column":36},"end":{"line":156,"column":41}},"loc":{"start":{"line":160,"column":4},"end":{"line":164,"column":1}}},"7":{"name":"(anonymous_7)","decl":{"start":{"line":166,"column":39},"end":{"line":166,"column":44}},"loc":{"start":{"line":170,"column":4},"end":{"line":177,"column":1}}},"8":{"name":"(anonymous_8)","decl":{"start":{"line":179,"column":38},"end":{"line":179,"column":43}},"loc":{"start":{"line":183,"column":4},"end":{"line":198,"column":1}}},"9":{"name":"(anonymous_9)","decl":{"start":{"line":200,"column":48},"end":{"line":200,"column":53}},"loc":{"start":{"line":204,"column":4},"end":{"line":215,"column":1}}}},"branchMap":{"0":{"loc":{"start":{"line":33,"column":2},"end":{"line":35,"column":3}},"type":"if","locations":[{"start":{"line":33,"column":2},"end":{"line":35,"column":3}},{"start":{},"end":{}}]},"1":{"loc":{"start":{"line":50,"column":2},"end":{"line":58,"column":3}},"type":"if","locations":[{"start":{"line":50,"column":2},"end":{"line":58,"column":3}},{"start":{},"end":{}}]},"2":{"loc":{"start":{"line":71,"column":2},"end":{"line":79,"column":3}},"type":"if","locations":[{"start":{"line":71,"column":2},"end":{"line":79,"column":3}},{"start":{},"end":{}}]},"3":{"loc":{"start":{"line":82,"column":2},"end":{"line":90,"column":3}},"type":"if","locations":[{"start":{"line":82,"column":2},"end":{"line":90,"column":3}},{"start":{},"end":{}}]},"4":{"loc":{"start":{"line":124,"column":2},"end":{"line":126,"column":3}},"type":"if","locations":[{"start":{"line":124,"column":2},"end":{"line":126,"column":3}},{"start":{},"end":{}}]},"5":{"loc":{"start":{"line":124,"column":6},"end":{"line":124,"column":33}},"type":"binary-expr","locations":[{"start":{"line":124,"column":6},"end":{"line":124,"column":15}},{"start":{"line":124,"column":19},"end":{"line":124,"column":33}}]},"6":{"loc":{"start":{"line":128,"column":2},"end":{"line":130,"column":3}},"type":"if","locations":[{"start":{"line":128,"column":2},"end":{"line":130,"column":3}},{"start":{},"end":{}}]},"7":{"loc":{"start":{"line":134,"column":2},"end":{"line":136,"column":3}},"type":"if","locations":[{"start":{"line":134,"column":2},"end":{"line":136,"column":3}},{"start":{},"end":{}}]},"8":{"loc":{"start":{"line":134,"column":6},"end":{"line":134,"column":54}},"type":"binary-expr","locations":[{"start":{"line":134,"column":6},"end":{"line":134,"column":15}},{"start":{"line":134,"column":19},"end":{"line":134,"column":34}},{"start":{"line":134,"column":38},"end":{"line":134,"column":54}}]},"9":{"loc":{"start":{"line":143,"column":2},"end":{"line":150,"column":3}},"type":"if","locations":[{"start":{"line":143,"column":2},"end":{"line":150,"column":3}},{"start":{},"end":{}}]},"10":{"loc":{"start":{"line":144,"column":4},"end":{"line":149,"column":5}},"type":"if","locations":[{"start":{"line":144,"column":4},"end":{"line":149,"column":5}},{"start":{},"end":{}}]},"11":{"loc":{"start":{"line":144,"column":8},"end":{"line":144,"column":23}},"type":"binary-expr","locations":[{"start":{"line":144,"column":8},"end":{"line":144,"column":13}},{"start":{"line":144,"column":17},"end":{"line":144,"column":23}}]},"12":{"loc":{"start":{"line":188,"column":2},"end":{"line":190,"column":3}},"type":"if","locations":[{"start":{"line":188,"column":2},"end":{"line":190,"column":3}},{"start":{},"end":{}}]}},"s":{"0":9,"1":4,"2":3,"3":3,"4":0,"5":3,"6":3,"7":1,"8":1,"9":1,"10":0,"11":1,"12":1,"13":9,"14":1,"15":1,"16":1,"17":0,"18":1,"19":1,"20":0,"21":1,"22":1,"23":1,"24":1,"25":1,"26":15,"27":13,"28":13,"29":1,"30":1,"31":1,"32":0,"33":1,"34":0,"35":1,"36":1,"37":0,"38":1,"39":1,"40":0,"41":0,"42":1,"43":1,"44":9,"45":2,"46":1,"47":1,"48":9,"49":0,"50":0,"51":0,"52":0,"53":9,"54":0,"55":0,"56":0,"57":0,"58":0,"59":0,"60":0,"61":0,"62":0,"63":9,"64":0,"65":0,"66":0,"67":0,"68":0,"69":0,"70":0},"f":{"0":4,"1":1,"2":1,"3":1,"4":15,"5":1,"6":2,"7":0,"8":0,"9":0},"b":{"0":[0,3],"1":[0,1],"2":[0,1],"3":[0,1],"4":[0,1],"5":[1,1],"6":[0,1],"7":[0,1],"8":[1,1,1],"9":[0,1],"10":[0,0],"11":[0,0],"12":[0,0]}}
,"C:\\Users\\antti\\Desktop\\koulutehtävät\\fullstackopen\\projekti\\backend\\src\\middleware\\validateUpdateInput.ts": {"path":"C:\\Users\\antti\\Desktop\\koulutehtävät\\fullstackopen\\projekti\\backend\\src\\middleware\\validateUpdateInput.ts","statementMap":{"0":{"start":{"line":22,"column":36},"end":{"line":90,"column":1}},"1":{"start":{"line":28,"column":4},"end":{"line":28,"column":39}},"2":{"start":{"line":29,"column":27},"end":{"line":29,"column":38}},"3":{"start":{"line":32,"column":4},"end":{"line":32,"column":77}},"4":{"start":{"line":34,"column":26},"end":{"line":34,"column":62}},"5":{"start":{"line":37,"column":4},"end":{"line":38,"column":47}},"6":{"start":{"line":40,"column":22},"end":{"line":40,"column":43}},"7":{"start":{"line":41,"column":27},"end":{"line":41,"column":61}},"8":{"start":{"line":42,"column":26},"end":{"line":42,"column":43}},"9":{"start":{"line":45,"column":4},"end":{"line":45,"column":73}},"10":{"start":{"line":47,"column":2},"end":{"line":53,"column":6}},"11":{"start":{"line":48,"column":4},"end":{"line":53,"column":6}},"12":{"start":{"line":56,"column":2},"end":{"line":70,"column":3}},"13":{"start":{"line":57,"column":4},"end":{"line":61,"column":7}},"14":{"start":{"line":62,"column":4},"end":{"line":62,"column":29}},"15":{"start":{"line":63,"column":9},"end":{"line":70,"column":3}},"16":{"start":{"line":64,"column":4},"end":{"line":64,"column":25}},"17":{"start":{"line":65,"column":4},"end":{"line":65,"column":26}},"18":{"start":{"line":66,"column":9},"end":{"line":70,"column":3}},"19":{"start":{"line":67,"column":4},"end":{"line":67,"column":39}},"20":{"start":{"line":68,"column":4},"end":{"line":68,"column":39}},"21":{"start":{"line":69,"column":4},"end":{"line":69,"column":22}},"22":{"start":{"line":73,"column":2},"end":{"line":75,"column":3}},"23":{"start":{"line":74,"column":4},"end":{"line":74,"column":53}},"24":{"start":{"line":78,"column":2},"end":{"line":80,"column":3}},"25":{"start":{"line":79,"column":4},"end":{"line":79,"column":24}},"26":{"start":{"line":83,"column":2},"end":{"line":87,"column":3}},"27":{"start":{"line":84,"column":4},"end":{"line":84,"column":37}},"28":{"start":{"line":85,"column":9},"end":{"line":87,"column":3}},"29":{"start":{"line":86,"column":4},"end":{"line":86,"column":29}},"30":{"start":{"line":89,"column":2},"end":{"line":89,"column":9}},"31":{"start":{"line":94,"column":34},"end":{"line":118,"column":1}},"32":{"start":{"line":99,"column":40},"end":{"line":99,"column":48}},"33":{"start":{"line":102,"column":19},"end":{"line":102,"column":73}},"34":{"start":{"line":105,"column":2},"end":{"line":115,"column":3}},"35":{"start":{"line":106,"column":4},"end":{"line":114,"column":5}},"36":{"start":{"line":107,"column":6},"end":{"line":107,"column":31}},"37":{"start":{"line":108,"column":6},"end":{"line":108,"column":75}},"38":{"start":{"line":109,"column":6},"end":{"line":109,"column":13}},"39":{"start":{"line":111,"column":22},"end":{"line":111,"column":55}},"40":{"start":{"line":112,"column":6},"end":{"line":112,"column":63}},"41":{"start":{"line":113,"column":6},"end":{"line":113,"column":13}},"42":{"start":{"line":117,"column":2},"end":{"line":117,"column":9}},"43":{"start":{"line":122,"column":36},"end":{"line":145,"column":1}},"44":{"start":{"line":127,"column":17},"end":{"line":127,"column":53}},"45":{"start":{"line":128,"column":36},"end":{"line":128,"column":42}},"46":{"start":{"line":130,"column":44},"end":{"line":130,"column":46}},"47":{"start":{"line":132,"column":2},"end":{"line":132,"column":66}},"48":{"start":{"line":132,"column":38},"end":{"line":132,"column":66}},"49":{"start":{"line":133,"column":2},"end":{"line":133,"column":50}},"50":{"start":{"line":133,"column":30},"end":{"line":133,"column":50}},"51":{"start":{"line":134,"column":2},"end":{"line":134,"column":54}},"52":{"start":{"line":134,"column":32},"end":{"line":134,"column":54}},"53":{"start":{"line":136,"column":2},"end":{"line":141,"column":3}},"54":{"start":{"line":137,"column":4},"end":{"line":140,"column":6}},"55":{"start":{"line":143,"column":2},"end":{"line":143,"column":35}},"56":{"start":{"line":144,"column":2},"end":{"line":144,"column":9}},"57":{"start":{"line":147,"column":36},"end":{"line":169,"column":1}},"58":{"start":{"line":152,"column":17},"end":{"line":152,"column":52}},"59":{"start":{"line":153,"column":32},"end":{"line":153,"column":38}},"60":{"start":{"line":155,"column":47},"end":{"line":155,"column":49}},"61":{"start":{"line":157,"column":2},"end":{"line":157,"column":69}},"62":{"start":{"line":157,"column":41},"end":{"line":157,"column":69}},"63":{"start":{"line":158,"column":2},"end":{"line":158,"column":65}},"64":{"start":{"line":158,"column":39},"end":{"line":158,"column":65}},"65":{"start":{"line":160,"column":2},"end":{"line":165,"column":3}},"66":{"start":{"line":161,"column":4},"end":{"line":164,"column":6}},"67":{"start":{"line":167,"column":2},"end":{"line":167,"column":38}},"68":{"start":{"line":168,"column":2},"end":{"line":168,"column":9}},"69":{"start":{"line":171,"column":34},"end":{"line":193,"column":1}},"70":{"start":{"line":176,"column":17},"end":{"line":176,"column":50}},"71":{"start":{"line":177,"column":30},"end":{"line":177,"column":36}},"72":{"start":{"line":179,"column":45},"end":{"line":179,"column":47}},"73":{"start":{"line":181,"column":2},"end":{"line":181,"column":67}},"74":{"start":{"line":181,"column":39},"end":{"line":181,"column":67}},"75":{"start":{"line":182,"column":2},"end":{"line":182,"column":55}},"76":{"start":{"line":182,"column":33},"end":{"line":182,"column":55}},"77":{"start":{"line":184,"column":2},"end":{"line":189,"column":3}},"78":{"start":{"line":185,"column":4},"end":{"line":188,"column":6}},"79":{"start":{"line":191,"column":2},"end":{"line":191,"column":36}},"80":{"start":{"line":192,"column":2},"end":{"line":192,"column":9}}},"fnMap":{"0":{"name":"(anonymous_0)","decl":{"start":{"line":22,"column":36},"end":{"line":22,"column":41}},"loc":{"start":{"line":26,"column":4},"end":{"line":90,"column":1}}},"1":{"name":"(anonymous_1)","decl":{"start":{"line":94,"column":34},"end":{"line":94,"column":39}},"loc":{"start":{"line":98,"column":4},"end":{"line":118,"column":1}}},"2":{"name":"(anonymous_2)","decl":{"start":{"line":122,"column":36},"end":{"line":122,"column":null}},"loc":{"start":{"line":126,"column":4},"end":{"line":145,"column":1}}},"3":{"name":"(anonymous_3)","decl":{"start":{"line":147,"column":36},"end":{"line":147,"column":null}},"loc":{"start":{"line":151,"column":4},"end":{"line":169,"column":1}}},"4":{"name":"(anonymous_4)","decl":{"start":{"line":171,"column":34},"end":{"line":171,"column":null}},"loc":{"start":{"line":175,"column":4},"end":{"line":193,"column":1}}}},"branchMap":{"0":{"loc":{"start":{"line":32,"column":4},"end":{"line":32,"column":77}},"type":"cond-expr","locations":[{"start":{"line":32,"column":42},"end":{"line":32,"column":70}},{"start":{"line":32,"column":73},"end":{"line":32,"column":77}}]},"1":{"loc":{"start":{"line":32,"column":4},"end":{"line":32,"column":39}},"type":"binary-expr","locations":[{"start":{"line":32,"column":4},"end":{"line":32,"column":22}},{"start":{"line":32,"column":26},"end":{"line":32,"column":30}},{"start":{"line":32,"column":34},"end":{"line":32,"column":39}}]},"2":{"loc":{"start":{"line":37,"column":4},"end":{"line":38,"column":47}},"type":"binary-expr","locations":[{"start":{"line":37,"column":4},"end":{"line":37,"column":47}},{"start":{"line":38,"column":4},"end":{"line":38,"column":47}}]},"3":{"loc":{"start":{"line":37,"column":5},"end":{"line":37,"column":19}},"type":"binary-expr","locations":[{"start":{"line":37,"column":5},"end":{"line":37,"column":11}},{"start":{"line":37,"column":15},"end":{"line":37,"column":19}}]},"4":{"loc":{"start":{"line":37,"column":26},"end":{"line":37,"column":46}},"type":"binary-expr","locations":[{"start":{"line":37,"column":26},"end":{"line":37,"column":38}},{"start":{"line":37,"column":42},"end":{"line":37,"column":46}}]},"5":{"loc":{"start":{"line":38,"column":5},"end":{"line":38,"column":19}},"type":"binary-expr","locations":[{"start":{"line":38,"column":5},"end":{"line":38,"column":11}},{"start":{"line":38,"column":15},"end":{"line":38,"column":19}}]},"6":{"loc":{"start":{"line":38,"column":26},"end":{"line":38,"column":46}},"type":"binary-expr","locations":[{"start":{"line":38,"column":26},"end":{"line":38,"column":38}},{"start":{"line":38,"column":42},"end":{"line":38,"column":46}}]},"7":{"loc":{"start":{"line":45,"column":4},"end":{"line":45,"column":73}},"type":"binary-expr","locations":[{"start":{"line":45,"column":4},"end":{"line":45,"column":16}},{"start":{"line":45,"column":20},"end":{"line":45,"column":32}},{"start":{"line":45,"column":36},"end":{"line":45,"column":53}},{"start":{"line":45,"column":57},"end":{"line":45,"column":73}}]},"8":{"loc":{"start":{"line":47,"column":2},"end":{"line":53,"column":6}},"type":"if","locations":[{"start":{"line":47,"column":2},"end":{"line":53,"column":6}},{"start":{},"end":{}}]},"9":{"loc":{"start":{"line":56,"column":2},"end":{"line":70,"column":3}},"type":"if","locations":[{"start":{"line":56,"column":2},"end":{"line":70,"column":3}},{"start":{"line":63,"column":9},"end":{"line":70,"column":3}}]},"10":{"loc":{"start":{"line":56,"column":6},"end":{"line":56,"column":33}},"type":"binary-expr","locations":[{"start":{"line":56,"column":6},"end":{"line":56,"column":11}},{"start":{"line":56,"column":16},"end":{"line":56,"column":22}},{"start":{"line":56,"column":26},"end":{"line":56,"column":32}}]},"11":{"loc":{"start":{"line":58,"column":14},"end":{"line":58,"column":36}},"type":"binary-expr","locations":[{"start":{"line":58,"column":14},"end":{"line":58,"column":28}},{"start":{"line":58,"column":32},"end":{"line":58,"column":36}}]},"12":{"loc":{"start":{"line":59,"column":14},"end":{"line":59,"column":36}},"type":"binary-expr","locations":[{"start":{"line":59,"column":14},"end":{"line":59,"column":28}},{"start":{"line":59,"column":32},"end":{"line":59,"column":36}}]},"13":{"loc":{"start":{"line":63,"column":9},"end":{"line":70,"column":3}},"type":"if","locations":[{"start":{"line":63,"column":9},"end":{"line":70,"column":3}},{"start":{"line":66,"column":9},"end":{"line":70,"column":3}}]},"14":{"loc":{"start":{"line":63,"column":13},"end":{"line":63,"column":55}},"type":"binary-expr","locations":[{"start":{"line":63,"column":13},"end":{"line":63,"column":17}},{"start":{"line":63,"column":21},"end":{"line":63,"column":36}},{"start":{"line":63,"column":40},"end":{"line":63,"column":55}}]},"15":{"loc":{"start":{"line":66,"column":9},"end":{"line":70,"column":3}},"type":"if","locations":[{"start":{"line":66,"column":9},"end":{"line":70,"column":3}},{"start":{},"end":{}}]},"16":{"loc":{"start":{"line":66,"column":13},"end":{"line":66,"column":32}},"type":"binary-expr","locations":[{"start":{"line":66,"column":13},"end":{"line":66,"column":24}},{"start":{"line":66,"column":28},"end":{"line":66,"column":32}}]},"17":{"loc":{"start":{"line":67,"column":18},"end":{"line":67,"column":38}},"type":"binary-expr","locations":[{"start":{"line":67,"column":18},"end":{"line":67,"column":32}},{"start":{"line":67,"column":36},"end":{"line":67,"column":38}}]},"18":{"loc":{"start":{"line":68,"column":18},"end":{"line":68,"column":38}},"type":"binary-expr","locations":[{"start":{"line":68,"column":18},"end":{"line":68,"column":32}},{"start":{"line":68,"column":36},"end":{"line":68,"column":38}}]},"19":{"loc":{"start":{"line":73,"column":2},"end":{"line":75,"column":3}},"type":"if","locations":[{"start":{"line":73,"column":2},"end":{"line":75,"column":3}},{"start":{},"end":{}}]},"20":{"loc":{"start":{"line":73,"column":6},"end":{"line":73,"column":33}},"type":"binary-expr","locations":[{"start":{"line":73,"column":6},"end":{"line":73,"column":21}},{"start":{"line":73,"column":25},"end":{"line":73,"column":33}}]},"21":{"loc":{"start":{"line":78,"column":2},"end":{"line":80,"column":3}},"type":"if","locations":[{"start":{"line":78,"column":2},"end":{"line":80,"column":3}},{"start":{},"end":{}}]},"22":{"loc":{"start":{"line":83,"column":2},"end":{"line":87,"column":3}},"type":"if","locations":[{"start":{"line":83,"column":2},"end":{"line":87,"column":3}},{"start":{"line":85,"column":9},"end":{"line":87,"column":3}}]},"23":{"loc":{"start":{"line":85,"column":9},"end":{"line":87,"column":3}},"type":"if","locations":[{"start":{"line":85,"column":9},"end":{"line":87,"column":3}},{"start":{},"end":{}}]},"24":{"loc":{"start":{"line":105,"column":2},"end":{"line":115,"column":3}},"type":"if","locations":[{"start":{"line":105,"column":2},"end":{"line":115,"column":3}},{"start":{},"end":{}}]},"25":{"loc":{"start":{"line":106,"column":4},"end":{"line":114,"column":5}},"type":"if","locations":[{"start":{"line":106,"column":4},"end":{"line":114,"column":5}},{"start":{"line":110,"column":11},"end":{"line":114,"column":5}}]},"26":{"loc":{"start":{"line":132,"column":2},"end":{"line":132,"column":66}},"type":"if","locations":[{"start":{"line":132,"column":2},"end":{"line":132,"column":66}},{"start":{},"end":{}}]},"27":{"loc":{"start":{"line":133,"column":2},"end":{"line":133,"column":50}},"type":"if","locations":[{"start":{"line":133,"column":2},"end":{"line":133,"column":50}},{"start":{},"end":{}}]},"28":{"loc":{"start":{"line":134,"column":2},"end":{"line":134,"column":54}},"type":"if","locations":[{"start":{"line":134,"column":2},"end":{"line":134,"column":54}},{"start":{},"end":{}}]},"29":{"loc":{"start":{"line":136,"column":2},"end":{"line":141,"column":3}},"type":"if","locations":[{"start":{"line":136,"column":2},"end":{"line":141,"column":3}},{"start":{},"end":{}}]},"30":{"loc":{"start":{"line":157,"column":2},"end":{"line":157,"column":69}},"type":"if","locations":[{"start":{"line":157,"column":2},"end":{"line":157,"column":69}},{"start":{},"end":{}}]},"31":{"loc":{"start":{"line":158,"column":2},"end":{"line":158,"column":65}},"type":"if","locations":[{"start":{"line":158,"column":2},"end":{"line":158,"column":65}},{"start":{},"end":{}}]},"32":{"loc":{"start":{"line":160,"column":2},"end":{"line":165,"column":3}},"type":"if","locations":[{"start":{"line":160,"column":2},"end":{"line":165,"column":3}},{"start":{},"end":{}}]},"33":{"loc":{"start":{"line":181,"column":2},"end":{"line":181,"column":67}},"type":"if","locations":[{"start":{"line":181,"column":2},"end":{"line":181,"column":67}},{"start":{},"end":{}}]},"34":{"loc":{"start":{"line":182,"column":2},"end":{"line":182,"column":55}},"type":"if","locations":[{"start":{"line":182,"column":2},"end":{"line":182,"column":55}},{"start":{},"end":{}}]},"35":{"loc":{"start":{"line":184,"column":2},"end":{"line":189,"column":3}},"type":"if","locations":[{"start":{"line":184,"column":2},"end":{"line":189,"column":3}},{"start":{},"end":{}}]}},"s":{"0":9,"1":1,"2":1,"3":1,"4":1,"5":1,"6":1,"7":1,"8":1,"9":1,"10":1,"11":0,"12":1,"13":0,"14":0,"15":1,"16":0,"17":0,"18":1,"19":0,"20":0,"21":0,"22":1,"23":0,"24":1,"25":1,"26":1,"27":0,"28":1,"29":0,"30":1,"31":9,"32":3,"33":3,"34":3,"35":2,"36":1,"37":1,"38":1,"39":1,"40":1,"41":1,"42":1,"43":9,"44":2,"45":2,"46":2,"47":2,"48":0,"49":2,"50":2,"51":2,"52":0,"53":2,"54":0,"55":2,"56":2,"57":9,"58":1,"59":1,"60":1,"61":1,"62":0,"63":1,"64":1,"65":1,"66":0,"67":1,"68":1,"69":9,"70":1,"71":1,"72":1,"73":1,"74":0,"75":1,"76":1,"77":1,"78":0,"79":1,"80":1},"f":{"0":1,"1":3,"2":2,"3":1,"4":1},"b":{"0":[0,1],"1":[1,0,0],"2":[1,1],"3":[1,1],"4":[1,1],"5":[1,1],"6":[1,1],"7":[1,1,0,0],"8":[0,1],"9":[0,1],"10":[1,1,1],"11":[0,0],"12":[0,0],"13":[0,1],"14":[1,0,0],"15":[0,1],"16":[1,0],"17":[0,0],"18":[0,0],"19":[0,1],"20":[1,1],"21":[1,0],"22":[0,1],"23":[0,1],"24":[2,1],"25":[1,1],"26":[0,2],"27":[2,0],"28":[0,2],"29":[0,2],"30":[0,1],"31":[1,0],"32":[0,1],"33":[0,1],"34":[1,0],"35":[0,1]}}
,"C:\\Users\\antti\\Desktop\\koulutehtävät\\fullstackopen\\projekti\\backend\\src\\migrations\\20250214_00_initialize_pictures_and_texts.ts": {"path":"C:\\Users\\antti\\Desktop\\koulutehtävät\\fullstackopen\\projekti\\backend\\src\\migrations\\20250214_00_initialize_pictures_and_texts.ts","statementMap":{"0":{"start":{"line":8,"column":2},"end":{"line":43,"column":5}},"1":{"start":{"line":45,"column":2},"end":{"line":69,"column":5}},"2":{"start":{"line":71,"column":2},"end":{"line":74,"column":5}},"3":{"start":{"line":76,"column":2},"end":{"line":86,"column":5}},"4":{"start":{"line":88,"column":2},"end":{"line":91,"column":5}},"5":{"start":{"line":92,"column":2},"end":{"line":102,"column":5}},"6":{"start":{"line":110,"column":2},"end":{"line":110,"column":59}},"7":{"start":{"line":111,"column":2},"end":{"line":111,"column":52}},"8":{"start":{"line":113,"column":2},"end":{"line":113,"column":59}},"9":{"start":{"line":114,"column":2},"end":{"line":114,"column":52}},"10":{"start":{"line":116,"column":2},"end":{"line":116,"column":38}},"11":{"start":{"line":117,"column":2},"end":{"line":117,"column":35}}},"fnMap":{"0":{"name":"up","decl":{"start":{"line":3,"column":22},"end":{"line":3,"column":24}},"loc":{"start":{"line":7,"column":1},"end":{"line":103,"column":1}}},"1":{"name":"down","decl":{"start":{"line":105,"column":22},"end":{"line":105,"column":26}},"loc":{"start":{"line":109,"column":1},"end":{"line":118,"column":1}}}},"branchMap":{},"s":{"0":2,"1":2,"2":2,"3":1,"4":1,"5":1,"6":0,"7":0,"8":0,"9":0,"10":0,"11":0},"f":{"0":2,"1":0},"b":{}}
,"C:\\Users\\antti\\Desktop\\koulutehtävät\\fullstackopen\\projekti\\backend\\src\\migrations\\20250307_00_initialize_ratings.ts": {"path":"C:\\Users\\antti\\Desktop\\koulutehtävät\\fullstackopen\\projekti\\backend\\src\\migrations\\20250307_00_initialize_ratings.ts","statementMap":{"0":{"start":{"line":8,"column":2},"end":{"line":32,"column":5}},"1":{"start":{"line":34,"column":2},"end":{"line":37,"column":5}},"2":{"start":{"line":39,"column":2},"end":{"line":49,"column":5}},"3":{"start":{"line":51,"column":2},"end":{"line":54,"column":5}},"4":{"start":{"line":56,"column":2},"end":{"line":66,"column":5}},"5":{"start":{"line":74,"column":2},"end":{"line":74,"column":61}},"6":{"start":{"line":75,"column":2},"end":{"line":75,"column":54}},"7":{"start":{"line":76,"column":2},"end":{"line":76,"column":61}},"8":{"start":{"line":77,"column":2},"end":{"line":77,"column":54}},"9":{"start":{"line":78,"column":2},"end":{"line":78,"column":37}},"10":{"start":{"line":79,"column":2},"end":{"line":79,"column":62}},"11":{"start":{"line":80,"column":2},"end":{"line":80,"column":55}}},"fnMap":{"0":{"name":"up","decl":{"start":{"line":3,"column":22},"end":{"line":3,"column":24}},"loc":{"start":{"line":7,"column":1},"end":{"line":67,"column":1}}},"1":{"name":"down","decl":{"start":{"line":69,"column":22},"end":{"line":69,"column":26}},"loc":{"start":{"line":73,"column":1},"end":{"line":81,"column":1}}}},"branchMap":{},"s":{"0":1,"1":1,"2":1,"3":1,"4":1,"5":0,"6":0,"7":0,"8":0,"9":0,"10":0,"11":0},"f":{"0":1,"1":0},"b":{}}
,"C:\\Users\\antti\\Desktop\\koulutehtävät\\fullstackopen\\projekti\\backend\\src\\migrations\\20250313_00_initialize_comments.ts": {"path":"C:\\Users\\antti\\Desktop\\koulutehtävät\\fullstackopen\\projekti\\backend\\src\\migrations\\20250313_00_initialize_comments.ts","statementMap":{"0":{"start":{"line":8,"column":2},"end":{"line":36,"column":5}},"1":{"start":{"line":38,"column":2},"end":{"line":41,"column":5}},"2":{"start":{"line":43,"column":2},"end":{"line":53,"column":5}},"3":{"start":{"line":55,"column":2},"end":{"line":58,"column":5}},"4":{"start":{"line":60,"column":2},"end":{"line":70,"column":5}},"5":{"start":{"line":78,"column":2},"end":{"line":78,"column":62}},"6":{"start":{"line":79,"column":2},"end":{"line":79,"column":55}},"7":{"start":{"line":80,"column":2},"end":{"line":80,"column":70}},"8":{"start":{"line":81,"column":2},"end":{"line":81,"column":63}},"9":{"start":{"line":82,"column":2},"end":{"line":82,"column":38}}},"fnMap":{"0":{"name":"up","decl":{"start":{"line":3,"column":22},"end":{"line":3,"column":24}},"loc":{"start":{"line":7,"column":1},"end":{"line":71,"column":1}}},"1":{"name":"down","decl":{"start":{"line":73,"column":22},"end":{"line":73,"column":26}},"loc":{"start":{"line":77,"column":1},"end":{"line":83,"column":1}}}},"branchMap":{},"s":{"0":10,"1":10,"2":1,"3":1,"4":1,"5":0,"6":0,"7":0,"8":0,"9":0},"f":{"0":10,"1":0},"b":{}}
,"C:\\Users\\antti\\Desktop\\koulutehtävät\\fullstackopen\\projekti\\backend\\src\\migrations\\20250314_00_initialize_replies.ts": {"path":"C:\\Users\\antti\\Desktop\\koulutehtävät\\fullstackopen\\projekti\\backend\\src\\migrations\\20250314_00_initialize_replies.ts","statementMap":{"0":{"start":{"line":8,"column":2},"end":{"line":40,"column":5}},"1":{"start":{"line":42,"column":2},"end":{"line":45,"column":5}},"2":{"start":{"line":47,"column":2},"end":{"line":57,"column":5}},"3":{"start":{"line":59,"column":2},"end":{"line":62,"column":5}},"4":{"start":{"line":64,"column":2},"end":{"line":74,"column":5}},"5":{"start":{"line":82,"column":2},"end":{"line":82,"column":60}},"6":{"start":{"line":83,"column":2},"end":{"line":83,"column":53}},"7":{"start":{"line":84,"column":2},"end":{"line":84,"column":67}},"8":{"start":{"line":85,"column":2},"end":{"line":85,"column":54}},"9":{"start":{"line":86,"column":2},"end":{"line":86,"column":37}}},"fnMap":{"0":{"name":"up","decl":{"start":{"line":3,"column":22},"end":{"line":3,"column":24}},"loc":{"start":{"line":7,"column":1},"end":{"line":75,"column":1}}},"1":{"name":"down","decl":{"start":{"line":77,"column":22},"end":{"line":77,"column":26}},"loc":{"start":{"line":81,"column":1},"end":{"line":87,"column":1}}}},"branchMap":{},"s":{"0":1,"1":1,"2":1,"3":1,"4":1,"5":0,"6":0,"7":0,"8":0,"9":0},"f":{"0":1,"1":0},"b":{}}
,"C:\\Users\\antti\\Desktop\\koulutehtävät\\fullstackopen\\projekti\\backend\\src\\migrations\\20250315_00_modify_replies.ts": {"path":"C:\\Users\\antti\\Desktop\\koulutehtävät\\fullstackopen\\projekti\\backend\\src\\migrations\\20250315_00_modify_replies.ts","statementMap":{"0":{"start":{"line":8,"column":2},"end":{"line":11,"column":5}},"1":{"start":{"line":13,"column":2},"end":{"line":23,"column":5}},"2":{"start":{"line":31,"column":2},"end":{"line":31,"column":66}},"3":{"start":{"line":32,"column":2},"end":{"line":32,"column":59}}},"fnMap":{"0":{"name":"up","decl":{"start":{"line":3,"column":22},"end":{"line":3,"column":24}},"loc":{"start":{"line":7,"column":1},"end":{"line":24,"column":1}}},"1":{"name":"down","decl":{"start":{"line":26,"column":22},"end":{"line":26,"column":26}},"loc":{"start":{"line":30,"column":1},"end":{"line":33,"column":1}}}},"branchMap":{},"s":{"0":1,"1":1,"2":0,"3":0},"f":{"0":1,"1":0},"b":{}}
,"C:\\Users\\antti\\Desktop\\koulutehtävät\\fullstackopen\\projekti\\backend\\src\\migrations\\20250318_00_modify_texts.ts": {"path":"C:\\Users\\antti\\Desktop\\koulutehtävät\\fullstackopen\\projekti\\backend\\src\\migrations\\20250318_00_modify_texts.ts","statementMap":{"0":{"start":{"line":8,"column":2},"end":{"line":8,"column":49}},"1":{"start":{"line":9,"column":2},"end":{"line":9,"column":49}},"2":{"start":{"line":11,"column":2},"end":{"line":14,"column":5}},"3":{"start":{"line":16,"column":2},"end":{"line":19,"column":5}},"4":{"start":{"line":27,"column":2},"end":{"line":27,"column":49}},"5":{"start":{"line":28,"column":2},"end":{"line":28,"column":49}},"6":{"start":{"line":30,"column":2},"end":{"line":33,"column":5}},"7":{"start":{"line":35,"column":2},"end":{"line":38,"column":5}}},"fnMap":{"0":{"name":"up","decl":{"start":{"line":3,"column":22},"end":{"line":3,"column":24}},"loc":{"start":{"line":7,"column":1},"end":{"line":20,"column":1}}},"1":{"name":"down","decl":{"start":{"line":22,"column":22},"end":{"line":22,"column":26}},"loc":{"start":{"line":26,"column":1},"end":{"line":39,"column":1}}}},"branchMap":{},"s":{"0":1,"1":1,"2":1,"3":1,"4":0,"5":0,"6":0,"7":0},"f":{"0":1,"1":0},"b":{}}
,"C:\\Users\\antti\\Desktop\\koulutehtävät\\fullstackopen\\projekti\\backend\\src\\migrations\\20250322_01_initialize_keywords.ts": {"path":"C:\\Users\\antti\\Desktop\\koulutehtävät\\fullstackopen\\projekti\\backend\\src\\migrations\\20250322_01_initialize_keywords.ts","statementMap":{"0":{"start":{"line":8,"column":2},"end":{"line":18,"column":5}},"1":{"start":{"line":20,"column":2},"end":{"line":41,"column":5}},"2":{"start":{"line":49,"column":2},"end":{"line":49,"column":46}},"3":{"start":{"line":50,"column":2},"end":{"line":50,"column":38}}},"fnMap":{"0":{"name":"up","decl":{"start":{"line":3,"column":22},"end":{"line":3,"column":24}},"loc":{"start":{"line":7,"column":1},"end":{"line":42,"column":1}}},"1":{"name":"down","decl":{"start":{"line":44,"column":22},"end":{"line":44,"column":26}},"loc":{"start":{"line":48,"column":1},"end":{"line":51,"column":1}}}},"branchMap":{},"s":{"0":1,"1":1,"2":0,"3":0},"f":{"0":1,"1":0},"b":{}}
,"C:\\Users\\antti\\Desktop\\koulutehtävät\\fullstackopen\\projekti\\backend\\src\\migrations\\20250326_00_modify_replies.ts": {"path":"C:\\Users\\antti\\Desktop\\koulutehtävät\\fullstackopen\\projekti\\backend\\src\\migrations\\20250326_00_modify_replies.ts","statementMap":{"0":{"start":{"line":8,"column":2},"end":{"line":11,"column":5}},"1":{"start":{"line":19,"column":2},"end":{"line":19,"column":55}}},"fnMap":{"0":{"name":"up","decl":{"start":{"line":3,"column":22},"end":{"line":3,"column":24}},"loc":{"start":{"line":7,"column":1},"end":{"line":12,"column":1}}},"1":{"name":"down","decl":{"start":{"line":14,"column":22},"end":{"line":14,"column":26}},"loc":{"start":{"line":18,"column":1},"end":{"line":20,"column":1}}}},"branchMap":{},"s":{"0":1,"1":0},"f":{"0":1,"1":0},"b":{}}
,"C:\\Users\\antti\\Desktop\\koulutehtävät\\fullstackopen\\projekti\\backend\\src\\migrations\\20250331_00_initialize_users.ts": {"path":"C:\\Users\\antti\\Desktop\\koulutehtävät\\fullstackopen\\projekti\\backend\\src\\migrations\\20250331_00_initialize_users.ts","statementMap":{"0":{"start":{"line":8,"column":2},"end":{"line":35,"column":5}},"1":{"start":{"line":36,"column":2},"end":{"line":51,"column":5}},"2":{"start":{"line":59,"column":2},"end":{"line":59,"column":35}},"3":{"start":{"line":60,"column":2},"end":{"line":60,"column":38}}},"fnMap":{"0":{"name":"up","decl":{"start":{"line":3,"column":22},"end":{"line":3,"column":24}},"loc":{"start":{"line":7,"column":1},"end":{"line":52,"column":1}}},"1":{"name":"down","decl":{"start":{"line":54,"column":22},"end":{"line":54,"column":26}},"loc":{"start":{"line":58,"column":1},"end":{"line":61,"column":1}}}},"branchMap":{},"s":{"0":1,"1":1,"2":0,"3":0},"f":{"0":1,"1":0},"b":{}}
[...]
end":{"line":24,"column":2}},"3":{"start":{"line":26,"column":36},"end":{"line":35,"column":null}},"4":{"start":{"line":38,"column":17},"end":{"line":38,"column":55}},"5":{"start":{"line":39,"column":13},"end":{"line":39,"column":78}},"6":{"start":{"line":43,"column":22},"end":{"line":68,"column":2}},"7":{"start":{"line":53,"column":6},"end":{"line":55,"column":7}},"8":{"start":{"line":54,"column":8},"end":{"line":54,"column":55}},"9":{"start":{"line":57,"column":31},"end":{"line":57,"column":67}},"10":{"start":{"line":58,"column":6},"end":{"line":62,"column":8}},"11":{"start":{"line":60,"column":24},"end":{"line":60,"column":64}},"12":{"start":{"line":61,"column":26},"end":{"line":61,"column":68}},"13":{"start":{"line":70,"column":29},"end":{"line":89,"column":1}},"14":{"start":{"line":71,"column":2},"end":{"line":88,"column":3}},"15":{"start":{"line":72,"column":21},"end":{"line":72,"column":45}},"16":{"start":{"line":73,"column":23},"end":{"line":73,"column":42}},"17":{"start":{"line":75,"column":4},"end":{"line":81,"column":5}},"18":{"start":{"line":76,"column":6},"end":{"line":76,"column":78}},"19":{"start":{"line":78,"column":6},"end":{"line":80,"column":8}},"20":{"start":{"line":79,"column":56},"end":{"line":79,"column":64}},"21":{"start":{"line":83,"column":4},"end":{"line":86,"column":6}},"22":{"start":{"line":87,"column":4},"end":{"line":87,"column":16}},"23":{"start":{"line":91,"column":33},"end":{"line":112,"column":1}},"24":{"start":{"line":92,"column":2},"end":{"line":111,"column":3}},"25":{"start":{"line":93,"column":4},"end":{"line":93,"column":35}},"26":{"start":{"line":94,"column":21},"end":{"line":94,"column":45}},"27":{"start":{"line":95,"column":22},"end":{"line":95,"column":43}},"28":{"start":{"line":97,"column":4},"end":{"line":105,"column":5}},"29":{"start":{"line":98,"column":6},"end":{"line":100,"column":8}},"30":{"start":{"line":101,"column":11},"end":{"line":105,"column":5}},"31":{"start":{"line":102,"column":6},"end":{"line":104,"column":8}},"32":{"start":{"line":103,"column":56},"end":{"line":103,"column":62}},"33":{"start":{"line":107,"column":4},"end":{"line":110,"column":6}},"34":{"start":{"line":114,"column":13},"end":{"line":114,"column":78}},"35":{"start":{"line":114,"column":29},"end":{"line":114,"column":78}},"36":{"start":{"line":114,"column":54},"end":{"line":114,"column":77}},"37":{"start":{"line":116,"column":33},"end":{"line":143,"column":1}},"38":{"start":{"line":120,"column":16},"end":{"line":120,"column":17}},"39":{"start":{"line":122,"column":2},"end":{"line":142,"column":3}},"40":{"start":{"line":123,"column":4},"end":{"line":141,"column":5}},"41":{"start":{"line":124,"column":6},"end":{"line":124,"column":37}},"42":{"start":{"line":125,"column":6},"end":{"line":125,"column":28}},"43":{"start":{"line":126,"column":6},"end":{"line":126,"column":40}},"44":{"start":{"line":127,"column":6},"end":{"line":127,"column":13}},"45":{"start":{"line":129,"column":6},"end":{"line":129,"column":16}},"46":{"start":{"line":130,"column":6},"end":{"line":130,"column":69}},"47":{"start":{"line":131,"column":6},"end":{"line":140,"column":7}},"48":{"start":{"line":132,"column":8},"end":{"line":132,"column":66}},"49":{"start":{"line":133,"column":8},"end":{"line":137,"column":9}},"50":{"start":{"line":134,"column":10},"end":{"line":134,"column":26}},"51":{"start":{"line":136,"column":10},"end":{"line":136,"column":22}},"52":{"start":{"line":139,"column":8},"end":{"line":139,"column":33}}},"fnMap":{"0":{"name":"(anonymous_0)","decl":{"start":{"line":46,"column":13},"end":{"line":46,"column":14}},"loc":{"start":{"line":52,"column":9},"end":{"line":63,"column":5}}},"1":{"name":"(anonymous_1)","decl":{"start":{"line":60,"column":12},"end":{"line":60,"column":17}},"loc":{"start":{"line":60,"column":24},"end":{"line":60,"column":64}}},"2":{"name":"(anonymous_2)","decl":{"start":{"line":61,"column":14},"end":{"line":61,"column":19}},"loc":{"start":{"line":61,"column":26},"end":{"line":61,"column":68}}},"3":{"name":"(anonymous_3)","decl":{"start":{"line":70,"column":29},"end":{"line":70,"column":34}},"loc":{"start":{"line":70,"column":55},"end":{"line":89,"column":1}}},"4":{"name":"(anonymous_4)","decl":{"start":{"line":79,"column":47},"end":{"line":79,"column":48}},"loc":{"start":{"line":79,"column":56},"end":{"line":79,"column":64}}},"5":{"name":"(anonymous_5)","decl":{"start":{"line":91,"column":33},"end":{"line":91,"column":38}},"loc":{"start":{"line":91,"column":59},"end":{"line":112,"column":1}}},"6":{"name":"(anonymous_6)","decl":{"start":{"line":103,"column":49},"end":{"line":103,"column":50}},"loc":{"start":{"line":103,"column":56},"end":{"line":103,"column":62}}},"7":{"name":"(anonymous_7)","decl":{"start":{"line":114,"column":13},"end":{"line":114,"column":14}},"loc":{"start":{"line":114,"column":29},"end":{"line":114,"column":78}}},"8":{"name":"(anonymous_8)","decl":{"start":{"line":114,"column":41},"end":{"line":114,"column":42}},"loc":{"start":{"line":114,"column":54},"end":{"line":114,"column":77}}},"9":{"name":"(anonymous_9)","decl":{"start":{"line":116,"column":33},"end":{"line":116,"column":38}},"loc":{"start":{"line":119,"column":19},"end":{"line":143,"column":1}}}},"branchMap":{"0":{"loc":{"start":{"line":14,"column":13},"end":{"line":14,"column":36}},"type":"cond-expr","locations":[{"start":{"line":14,"column":25},"end":{"line":14,"column":29}},{"start":{"line":14,"column":32},"end":{"line":14,"column":36}}]},"1":{"loc":{"start":{"line":39,"column":13},"end":{"line":39,"column":78}},"type":"cond-expr","locations":[{"start":{"line":39,"column":37},"end":{"line":39,"column":58}},{"start":{"line":39,"column":61},"end":{"line":39,"column":78}}]},"2":{"loc":{"start":{"line":39,"column":13},"end":{"line":39,"column":34}},"type":"binary-expr","locations":[{"start":{"line":39,"column":13},"end":{"line":39,"column":22}},{"start":{"line":39,"column":26},"end":{"line":39,"column":34}}]},"3":{"loc":{"start":{"line":53,"column":6},"end":{"line":55,"column":7}},"type":"if","locations":[{"start":{"line":53,"column":6},"end":{"line":55,"column":7}},{"start":{},"end":{}}]},"4":{"loc":{"start":{"line":75,"column":4},"end":{"line":81,"column":5}},"type":"if","locations":[{"start":{"line":75,"column":4},"end":{"line":81,"column":5}},{"start":{"line":77,"column":11},"end":{"line":81,"column":5}}]},"5":{"loc":{"start":{"line":85,"column":6},"end":{"line":85,"column":60}},"type":"cond-expr","locations":[{"start":{"line":85,"column":31},"end":{"line":85,"column":44}},{"start":{"line":85,"column":47},"end":{"line":85,"column":60}}]},"6":{"loc":{"start":{"line":97,"column":4},"end":{"line":105,"column":5}},"type":"if","locations":[{"start":{"line":97,"column":4},"end":{"line":105,"column":5}},{"start":{"line":101,"column":11},"end":{"line":105,"column":5}}]},"7":{"loc":{"start":{"line":101,"column":11},"end":{"line":105,"column":5}},"type":"if","locations":[{"start":{"line":101,"column":11},"end":{"line":105,"column":5}},{"start":{},"end":{}}]},"8":{"loc":{"start":{"line":109,"column":6},"end":{"line":109,"column":60}},"type":"cond-expr","locations":[{"start":{"line":109,"column":31},"end":{"line":109,"column":44}},{"start":{"line":109,"column":47},"end":{"line":109,"column":60}}]},"9":{"loc":{"start":{"line":117,"column":2},"end":{"line":117,"column":17}},"type":"default-arg","locations":[{"start":{"line":117,"column":15},"end":{"line":117,"column":17}}]},"10":{"loc":{"start":{"line":118,"column":2},"end":{"line":118,"column":21}},"type":"default-arg","locations":[{"start":{"line":118,"column":17},"end":{"line":118,"column":21}}]},"11":{"loc":{"start":{"line":131,"column":6},"end":{"line":140,"column":7}},"type":"if","locations":[{"start":{"line":131,"column":6},"end":{"line":140,"column":7}},{"start":{"line":138,"column":13},"end":{"line":140,"column":7}}]},"12":{"loc":{"start":{"line":133,"column":8},"end":{"line":137,"column":9}},"type":"if","locations":[{"start":{"line":133,"column":8},"end":{"line":137,"column":9}},{"start":{"line":135,"column":15},"end":{"line":137,"column":9}}]}},"s":{"0":11,"1":11,"2":11,"3":11,"4":11,"5":11,"6":11,"7":434,"8":0,"9":434,"10":434,"11":25,"12":0,"13":11,"14":31,"15":31,"16":31,"17":20,"18":19,"19":1,"20":14,"21":11,"22":11,"23":11,"24":0,"25":0,"26":0,"27":0,"28":0,"29":0,"30":0,"31":0,"32":0,"33":0,"34":11,"35":55,"36":55,"37":11,"38":20,"39":20,"40":75,"41":75,"42":31,"43":20,"44":20,"45":55,"46":55,"47":55,"48":0,"49":0,"50":0,"51":0,"52":55},"f":{"0":434,"1":25,"2":0,"3":31,"4":14,"5":0,"6":0,"7":55,"8":55,"9":20},"b":{"0":[11,0],"1":[11,0],"2":[11,0],"3":[0,434],"4":[19,1],"5":[11,0],"6":[0,0],"7":[0,0],"8":[0,0],"9":[20],"10":[20],"11":[0,55],"12":[0,0]}}
,"C:\\Users\\antti\\Desktop\\koulutehtävät\\fullstackopen\\projekti\\backend\\src\\utils\\fileUtils.ts": {"path":"C:\\Users\\antti\\Desktop\\koulutehtävät\\fullstackopen\\projekti\\backend\\src\\utils\\fileUtils.ts","statementMap":{"0":{"start":{"line":3,"column":26},"end":{"line":9,"column":1}},"1":{"start":{"line":4,"column":2},"end":{"line":8,"column":3}},"2":{"start":{"line":5,"column":4},"end":{"line":5,"column":28}},"3":{"start":{"line":7,"column":4},"end":{"line":7,"column":48}}},"fnMap":{"0":{"name":"(anonymous_0)","decl":{"start":{"line":3,"column":26},"end":{"line":3,"column":27}},"loc":{"start":{"line":3,"column":47},"end":{"line":9,"column":1}}}},"branchMap":{"0":{"loc":{"start":{"line":4,"column":2},"end":{"line":8,"column":3}},"type":"if","locations":[{"start":{"line":4,"column":2},"end":{"line":8,"column":3}},{"start":{"line":6,"column":9},"end":{"line":8,"column":3}}]}},"s":{"0":9,"1":2,"2":2,"3":0},"f":{"0":2},"b":{"0":[2,0]}}
,"C:\\Users\\antti\\Desktop\\koulutehtävät\\fullstackopen\\projekti\\backend\\src\\utils\\formatMonthYear.ts": {"path":"C:\\Users\\antti\\Desktop\\koulutehtävät\\fullstackopen\\projekti\\backend\\src\\utils\\formatMonthYear.ts","statementMap":{"0":{"start":{"line":3,"column":20},"end":{"line":3,"column":44}},"1":{"start":{"line":5,"column":31},"end":{"line":13,"column":1}},"2":{"start":{"line":6,"column":2},"end":{"line":8,"column":3}},"3":{"start":{"line":7,"column":4},"end":{"line":7,"column":56}},"4":{"start":{"line":9,"column":2},"end":{"line":11,"column":3}},"5":{"start":{"line":10,"column":4},"end":{"line":10,"column":56}},"6":{"start":{"line":12,"column":2},"end":{"line":12,"column":44}}},"fnMap":{"0":{"name":"(anonymous_0)","decl":{"start":{"line":5,"column":31},"end":{"line":5,"column":32}},"loc":{"start":{"line":5,"column":71},"end":{"line":13,"column":1}}}},"branchMap":{"0":{"loc":{"start":{"line":6,"column":2},"end":{"line":8,"column":3}},"type":"if","locations":[{"start":{"line":6,"column":2},"end":{"line":8,"column":3}},{"start":{},"end":{}}]},"1":{"loc":{"start":{"line":6,"column":6},"end":{"line":6,"column":21}},"type":"binary-expr","locations":[{"start":{"line":6,"column":6},"end":{"line":6,"column":11}},{"start":{"line":6,"column":15},"end":{"line":6,"column":21}}]},"2":{"loc":{"start":{"line":9,"column":2},"end":{"line":11,"column":3}},"type":"if","locations":[{"start":{"line":9,"column":2},"end":{"line":11,"column":3}},{"start":{},"end":{}}]},"3":{"loc":{"start":{"line":9,"column":6},"end":{"line":9,"column":66}},"type":"binary-expr","locations":[{"start":{"line":9,"column":6},"end":{"line":9,"column":17}},{"start":{"line":9,"column":21},"end":{"line":9,"column":39}},{"start":{"line":9,"column":43},"end":{"line":9,"column":52}},{"start":{"line":9,"column":56},"end":{"line":9,"column":66}}]}},"s":{"0":9,"1":9,"2":0,"3":0,"4":0,"5":0,"6":0},"f":{"0":0},"b":{"0":[0,0],"1":[0,0],"2":[0,0],"3":[0,0,0,0]}}
,"C:\\Users\\antti\\Desktop\\koulutehtävät\\fullstackopen\\projekti\\backend\\src\\utils\\includeOptions.ts": {"path":"C:\\Users\\antti\\Desktop\\koulutehtävät\\fullstackopen\\projekti\\backend\\src\\utils\\includeOptions.ts","statementMap":{"0":{"start":{"line":3,"column":59},"end":{"line":3,"column":65}},"1":{"start":{"line":5,"column":31},"end":{"line":12,"column":2}},"2":{"start":{"line":14,"column":29},"end":{"line":38,"column":2}},"3":{"start":{"line":40,"column":28},"end":{"line":54,"column":2}},"4":{"start":{"line":56,"column":31},"end":{"line":78,"column":2}},"5":{"start":{"line":80,"column":30},"end":{"line":84,"column":2}}},"fnMap":{},"branchMap":{},"s":{"0":9,"1":9,"2":9,"3":9,"4":9,"5":9},"f":{},"b":{}}
,"C:\\Users\\antti\\Desktop\\koulutehtävät\\fullstackopen\\projekti\\backend\\src\\utils\\logger.ts": {"path":"C:\\Users\\antti\\Desktop\\koulutehtävät\\fullstackopen\\projekti\\backend\\src\\utils\\logger.ts","statementMap":{"0":{"start":{"line":4,"column":13},"end":{"line":8,"column":1}},"1":{"start":{"line":5,"column":2},"end":{"line":7,"column":3}},"2":{"start":{"line":6,"column":4},"end":{"line":6,"column":28}},"3":{"start":{"line":11,"column":14},"end":{"line":15,"column":1}},"4":{"start":{"line":12,"column":2},"end":{"line":14,"column":3}},"5":{"start":{"line":13,"column":4},"end":{"line":13,"column":29}}},"fnMap":{"0":{"name":"(anonymous_0)","decl":{"start":{"line":4,"column":13},"end":{"line":4,"column":14}},"loc":{"start":{"line":4,"column":43},"end":{"line":8,"column":1}}},"1":{"name":"(anonymous_1)","decl":{"start":{"line":11,"column":14},"end":{"line":11,"column":15}},"loc":{"start":{"line":11,"column":44},"end":{"line":15,"column":1}}}},"branchMap":{"0":{"loc":{"start":{"line":5,"column":2},"end":{"line":7,"column":3}},"type":"if","locations":[{"start":{"line":5,"column":2},"end":{"line":7,"column":3}},{"start":{},"end":{}}]},"1":{"loc":{"start":{"line":12,"column":2},"end":{"line":14,"column":3}},"type":"if","locations":[{"start":{"line":12,"column":2},"end":{"line":14,"column":3}},{"start":{},"end":{}}]}},"s":{"0":11,"1":74,"2":0,"3":11,"4":66,"5":0},"f":{"0":74,"1":66},"b":{"0":[0,74],"1":[0,66]}}
,"C:\\Users\\antti\\Desktop\\koulutehtävät\\fullstackopen\\projekti\\backend\\src\\utils\\multerConfig.ts": {"path":"C:\\Users\\antti\\Desktop\\koulutehtävät\\fullstackopen\\projekti\\backend\\src\\utils\\multerConfig.ts","statementMap":{"0":{"start":{"line":9,"column":18},"end":{"line":9,"column":49}},"1":{"start":{"line":10,"column":19},"end":{"line":10,"column":64}},"2":{"start":{"line":11,"column":29},"end":{"line":11,"column":62}},"3":{"start":{"line":12,"column":30},"end":{"line":12,"column":64}},"4":{"start":{"line":15,"column":0},"end":{"line":19,"column":3}},"5":{"start":{"line":16,"column":2},"end":{"line":18,"column":3}},"6":{"start":{"line":17,"column":4},"end":{"line":17,"column":46}},"7":{"start":{"line":22,"column":16},"end":{"line":29,"column":2}},"8":{"start":{"line":24,"column":4},"end":{"line":24,"column":35}},"9":{"start":{"line":27,"column":4},"end":{"line":27,"column":59}},"10":{"start":{"line":31,"column":15},"end":{"line":42,"column":2}},"11":{"start":{"line":34,"column":20},"end":{"line":34,"column":34}},"12":{"start":{"line":35,"column":4},"end":{"line":40,"column":5}},"13":{"start":{"line":36,"column":6},"end":{"line":36,"column":56}},"14":{"start":{"line":37,"column":6},"end":{"line":37,"column":21}},"15":{"start":{"line":39,"column":6},"end":{"line":39,"column":52}}},"fnMap":{"0":{"name":"(anonymous_0)","decl":{"start":{"line":15,"column":54},"end":{"line":15,"column":55}},"loc":{"start":{"line":15,"column":65},"end":{"line":19,"column":1}}},"1":{"name":"(anonymous_1)","decl":{"start":{"line":23,"column":15},"end":{"line":23,"column":16}},"loc":{"start":{"line":23,"column":35},"end":{"line":25,"column":3}}},"2":{"name":"(anonymous_2)","decl":{"start":{"line":26,"column":12},"end":{"line":26,"column":13}},"loc":{"start":{"line":26,"column":31},"end":{"line":28,"column":3}}},"3":{"name":"(anonymous_3)","decl":{"start":{"line":33,"column":14},"end":{"line":33,"column":15}},"loc":{"start":{"line":33,"column":33},"end":{"line":41,"column":3}}}},"branchMap":{"0":{"loc":{"start":{"line":10,"column":19},"end":{"line":10,"column":64}},"type":"cond-expr","locations":[{"start":{"line":10,"column":31},"end":{"line":10,"column":49}},{"start":{"line":10,"column":52},"end":{"line":10,"column":64}}]},"1":{"loc":{"start":{"line":16,"column":2},"end":{"line":18,"column":3}},"type":"if","locations":[{"start":{"line":16,"column":2},"end":{"line":18,"column":3}},{"start":{},"end":{}}]},"2":{"loc":{"start":{"line":35,"column":4},"end":{"line":40,"column":5}},"type":"if","locations":[{"start":{"line":35,"column":4},"end":{"line":40,"column":5}},{"start":{"line":38,"column":11},"end":{"line":40,"column":5}}]}},"s":{"0":9,"1":9,"2":9,"3":9,"4":9,"5":18,"6":0,"7":9,"8":1,"9":1,"10":9,"11":1,"12":1,"13":1,"14":1,"15":0},"f":{"0":18,"1":1,"2":1,"3":1},"b":{"0":[9,0],"1":[0,18],"2":[1,0]}}
,"C:\\Users\\antti\\Desktop\\koulutehtävät\\fullstackopen\\projekti\\backend\\src\\utils\\pathUtils.ts": {"path":"C:\\Users\\antti\\Desktop\\koulutehtävät\\fullstackopen\\projekti\\backend\\src\\utils\\pathUtils.ts","statementMap":{"0":{"start":{"line":5,"column":18},"end":{"line":5,"column":62}},"1":{"start":{"line":8,"column":18},"end":{"line":8,"column":49}},"2":{"start":{"line":9,"column":16},"end":{"line":11,"column":33}},"3":{"start":{"line":13,"column":23},"end":{"line":15,"column":1}},"4":{"start":{"line":14,"column":2},"end":{"line":14,"column":38}}},"fnMap":{"0":{"name":"(anonymous_0)","decl":{"start":{"line":13,"column":23},"end":{"line":13,"column":24}},"loc":{"start":{"line":13,"column":54},"end":{"line":15,"column":1}}}},"branchMap":{"0":{"loc":{"start":{"line":9,"column":16},"end":{"line":11,"column":33}},"type":"cond-expr","locations":[{"start":{"line":10,"column":4},"end":{"line":10,"column":42}},{"start":{"line":11,"column":4},"end":{"line":11,"column":33}}]}},"s":{"0":9,"1":9,"2":9,"3":9,"4":20},"f":{"0":20},"b":{"0":[9,0]}}
,"C:\\Users\\antti\\Desktop\\koulutehtävät\\fullstackopen\\projekti\\backend\\src\\utils\\queryHelpers.ts": {"path":"C:\\Users\\antti\\Desktop\\koulutehtävät\\fullstackopen\\projekti\\backend\\src\\utils\\queryHelpers.ts","statementMap":{"0":{"start":{"line":5,"column":35},"end":{"line":26,"column":1}},"1":{"start":{"line":11,"column":30},"end":{"line":13,"column":8}},"2":{"start":{"line":16,"column":2},"end":{"line":23,"column":3}},"3":{"start":{"line":17,"column":4},"end":{"line":17,"column":36}},"4":{"start":{"line":19,"column":4},"end":{"line":22,"column":6}},"5":{"start":{"line":25,"column":2},"end":{"line":25,"column":26}},"6":{"start":{"line":28,"column":32},"end":{"line":33,"column":1}},"7":{"start":{"line":29,"column":2},"end":{"line":31,"column":3}},"8":{"start":{"line":30,"column":4},"end":{"line":30,"column":62}},"9":{"start":{"line":32,"column":2},"end":{"line":32,"column":12}}},"fnMap":{"0":{"name":"(anonymous_0)","decl":{"start":{"line":5,"column":35},"end":{"line":5,"column":null}},"loc":{"start":{"line":10,"column":4},"end":{"line":26,"column":1}}},"1":{"name":"(anonymous_1)","decl":{"start":{"line":28,"column":32},"end":{"line":28,"column":33}},"loc":{"start":{"line":28,"column":72},"end":{"line":33,"column":1}}}},"branchMap":{"0":{"loc":{"start":{"line":11,"column":30},"end":{"line":13,"column":8}},"type":"cond-expr","locations":[{"start":{"line":12,"column":6},"end":{"line":12,"column":56}},{"start":{"line":13,"column":6},"end":{"line":13,"column":8}}]},"1":{"loc":{"start":{"line":16,"column":2},"end":{"line":23,"column":3}},"type":"if","locations":[{"start":{"line":16,"column":2},"end":{"line":23,"column":3}},{"start":{"line":18,"column":9},"end":{"line":23,"column":3}}]},"2":{"loc":{"start":{"line":29,"column":2},"end":{"line":31,"column":3}},"type":"if","locations":[{"start":{"line":29,"column":2},"end":{"line":31,"column":3}},{"start":{},"end":{}}]},"3":{"loc":{"start":{"line":29,"column":6},"end":{"line":29,"column":59}},"type":"binary-expr","locations":[{"start":{"line":29,"column":6},"end":{"line":29,"column":11}},{"start":{"line":29,"column":15},"end":{"line":29,"column":27}},{"start":{"line":29,"column":31},"end":{"line":29,"column":59}}]}},"s":{"0":9,"1":3,"2":3,"3":0,"4":3,"5":3,"6":9,"7":2,"8":2,"9":0},"f":{"0":3,"1":2},"b":{"0":[0,3],"1":[0,3],"2":[2,0],"3":[2,2,2]}}
}
