TN:
SF:src\app.ts
FN:48,(anonymous_0)
FNF:1
FNH:0
FNDA:0,(anonymous_0)
DA:21,9
DA:23,9
DA:24,9
DA:26,9
DA:33,9
DA:34,9
DA:35,9
DA:36,9
DA:37,9
DA:38,9
DA:39,9
DA:40,9
DA:41,9
DA:43,9
DA:44,9
DA:46,9
DA:48,9
DA:49,0
DA:52,9
DA:53,9
LF:20
LH:19
BRDA:29,0,0,0
BRDA:29,0,1,9
BRF:2
BRH:1
end_of_record
TN:
SF:src\controllers\comments.ts
FN:25,(anonymous_0)
FN:44,(anonymous_1)
FN:76,(anonymous_2)
FN:98,(anonymous_3)
FNF:4
FNH:4
FNDA:1,(anonymous_0)
FNDA:1,(anonymous_1)
FNDA:1,(anonymous_2)
FNDA:1,(anonymous_3)
DA:19,9
DA:23,9
DA:29,1
DA:30,1
DA:33,1
DA:41,9
DA:45,1
DA:47,1
DA:55,1
DA:57,1
DA:71,9
DA:77,1
DA:78,1
DA:80,1
DA:94,9
DA:99,1
DA:101,1
DA:102,1
LF:18
LH:18
BRF:0
BRH:0
end_of_record
TN:
SF:src\controllers\contactForm.ts
FN:21,(anonymous_0)
FNF:1
FNH:1
FNDA:1,(anonymous_0)
DA:12,9
DA:18,9
DA:22,1
DA:25,1
DA:26,1
DA:28,1
LF:6
LH:6
BRF:0
BRH:0
end_of_record
TN:
SF:src\controllers\keywords.ts
FN:19,(anonymous_0)
FN:35,(anonymous_1)
FN:63,(anonymous_2)
FNF:3
FNH:3
FNDA:1,(anonymous_0)
FNDA:1,(anonymous_1)
FNDA:1,(anonymous_2)
DA:15,9
DA:19,9
DA:20,1
DA:21,1
DA:30,9
DA:36,1
DA:38,1
DA:39,1
DA:42,1
DA:44,1
DA:58,9
DA:64,1
DA:65,1
LF:13
LH:13
BRF:0
BRH:0
end_of_record
TN:
SF:src\controllers\login.ts
FN:19,(anonymous_0)
FNF:1
FNH:1
FNDA:13,(anonymous_0)
DA:10,9
DA:16,9
DA:20,13
DA:22,13
DA:24,10
DA:26,10
DA:28,10
DA:30,10
DA:32,10
LF:9
LH:9
BRF:0
BRH:0
end_of_record
TN:
SF:src\controllers\logout.ts
FN:21,(anonymous_0)
FN:34,(anonymous_1)
FNF:2
FNH:2
FNDA:4,(anonymous_0)
FNDA:1,(anonymous_1)
DA:10,9
DA:17,9
DA:22,4
DA:23,4
DA:24,4
DA:26,4
DA:30,9
DA:35,1
DA:36,1
DA:38,1
LF:10
LH:10
BRF:0
BRH:0
end_of_record
TN:
SF:src\controllers\pictures.ts
FN:37,(anonymous_0)
FN:84,(anonymous_1)
FN:96,(anonymous_2)
FN:113,(anonymous_3)
FN:129,(anonymous_4)
FN:150,(anonymous_5)
FN:172,(anonymous_6)
FNF:7
FNH:7
FNDA:1,(anonymous_0)
FNDA:1,(anonymous_1)
FNDA:1,(anonymous_2)
FNDA:1,(anonymous_3)
FNDA:1,(anonymous_4)
FNDA:1,(anonymous_5)
FNDA:1,(anonymous_6)
DA:23,9
DA:31,9
DA:39,1
DA:42,1
DA:52,1
DA:53,1
DA:54,1
DA:58,1
DA:59,0
DA:63,1
DA:64,0
DA:68,1
DA:69,1
DA:79,9
DA:86,1
DA:87,1
DA:90,1
DA:96,9
DA:97,1
DA:101,1
DA:108,1
DA:113,9
DA:114,1
DA:117,1
DA:124,1
DA:129,9
DA:130,1
DA:132,1
DA:140,1
DA:147,9
DA:151,1
DA:152,1
DA:154,1
DA:155,1
DA:159,1
DA:168,9
DA:173,1
DA:175,1
DA:176,1
DA:178,1
DA:179,1
DA:181,1
DA:182,1
LF:43
LH:41
BRDA:52,0,0,1
BRDA:52,0,1,0
BRDA:52,1,0,1
BRDA:52,1,1,0
BRDA:53,2,0,1
BRDA:53,2,1,0
BRDA:53,3,0,1
BRDA:53,3,1,1
BRDA:58,4,0,0
BRDA:58,4,1,1
BRDA:58,5,0,1
BRDA:58,5,1,0
BRDA:58,5,2,0
BRDA:63,6,0,0
BRDA:63,6,1,1
BRDA:176,7,0,1
BRDA:176,7,1,0
BRF:17
BRH:9
end_of_record
TN:
SF:src\controllers\ratings.ts
FN:22,(anonymous_0)
FN:48,(anonymous_1)
FNF:2
FNH:1
FNDA:0,(anonymous_0)
FNDA:1,(anonymous_1)
DA:9,9
DA:11,9
DA:22,9
DA:23,0
DA:25,0
DA:29,0
DA:44,9
DA:50,1
DA:53,1
DA:54,1
LF:10
LH:7
BRF:0
BRH:0
end_of_record
TN:
SF:src\controllers\replies.ts
FN:26,(anonymous_0)
FN:43,(anonymous_1)
FN:89,(anonymous_2)
FN:109,(anonymous_3)
FNF:4
FNH:4
FNDA:1,(anonymous_0)
FNDA:1,(anonymous_1)
FNDA:1,(anonymous_2)
FNDA:1,(anonymous_3)
DA:20,9
DA:22,9
DA:26,9
DA:27,1
DA:29,1
DA:35,1
DA:40,9
DA:52,1
DA:54,1
DA:64,1
DA:66,1
DA:67,1
DA:70,1
DA:84,9
DA:90,1
DA:91,1
DA:105,9
DA:110,1
DA:111,1
LF:19
LH:19
BRDA:66,0,0,1
BRDA:66,0,1,0
BRF:2
BRH:1
end_of_record
TN:
SF:src\controllers\users.ts
FN:26,(anonymous_0)
FN:33,(anonymous_1)
FN:49,(anonymous_2)
FN:66,(anonymous_3)
FN:88,(anonymous_4)
FN:116,(anonymous_5)
FN:147,(anonymous_6)
FNF:7
FNH:4
FNDA:0,(anonymous_0)
FNDA:1,(anonymous_1)
FNDA:0,(anonymous_2)
FNDA:2,(anonymous_3)
FNDA:0,(anonymous_4)
FNDA:1,(anonymous_5)
FNDA:1,(anonymous_6)
DA:22,9
DA:24,9
DA:26,9
DA:27,0
DA:28,0
DA:33,9
DA:34,1
DA:35,1
DA:44,9
DA:50,0
DA:51,0
DA:61,9
DA:67,2
DA:69,2
DA:83,9
DA:89,0
DA:91,0
DA:93,0
DA:94,0
DA:95,0
DA:96,0
DA:97,0
DA:98,0
DA:99,0
DA:101,0
DA:102,0
DA:112,9
DA:117,1
DA:119,1
DA:121,1
DA:129,1
DA:143,9
DA:148,1
DA:149,1
LF:34
LH:19
BRF:0
BRH:0
end_of_record
TN:
SF:src\errors\AppError.ts
FN:15,(anonymous_0)
FNF:1
FNH:1
FNDA:7,(anonymous_0)
DA:20,7
DA:21,7
DA:22,7
DA:23,7
DA:24,7
LF:5
LH:5
BRDA:17,0,0,0
BRDA:18,1,0,7
BRDA:20,2,0,7
BRDA:20,2,1,0
BRDA:20,2,2,0
BRF:5
BRH:2
end_of_record
TN:
SF:src\middleware\errorHandlers.ts
FN:13,(anonymous_0)
FN:21,(anonymous_1)
FN:37,(anonymous_2)
FN:44,(anonymous_3)
FNF:4
FNH:2
FNDA:0,(anonymous_0)
FNDA:11,(anonymous_1)
FNDA:5,(anonymous_2)
FNDA:0,(anonymous_3)
DA:13,9
DA:14,0
DA:21,9
DA:27,11
DA:28,7
DA:32,7
DA:33,4
DA:34,4
DA:37,5
DA:42,4
DA:43,0
DA:44,0
DA:45,0
DA:50,0
DA:51,0
DA:52,0
DA:57,0
DA:58,0
DA:59,0
DA:64,0
DA:66,0
DA:72,0
DA:73,0
LF:23
LH:9
BRDA:27,0,0,7
BRDA:27,0,1,4
BRDA:33,1,0,4
BRDA:33,1,1,0
BRDA:43,2,0,0
BRDA:43,2,1,0
BRDA:51,3,0,0
BRDA:51,3,1,0
BRDA:58,4,0,0
BRDA:58,4,1,0
BRF:10
BRH:3
end_of_record
TN:
SF:src\middleware\finders.ts
FN:13,(anonymous_0)
FN:18,(anonymous_1)
FNF:2
FNH:2
FNDA:45,(anonymous_0)
FNDA:12,(anonymous_1)
DA:13,9
DA:18,45
DA:19,12
DA:20,12
DA:21,0
DA:24,12
DA:25,3
DA:26,9
DA:27,2
DA:28,7
DA:29,3
DA:30,4
DA:31,3
DA:33,1
DA:35,12
DA:39,9
DA:40,9
DA:41,9
DA:42,9
DA:43,9
LF:20
LH:19
BRDA:20,0,0,0
BRDA:20,0,1,12
BRDA:24,1,0,3
BRDA:24,1,1,9
BRDA:26,2,0,2
BRDA:26,2,1,7
BRDA:28,3,0,3
BRDA:28,3,1,4
BRDA:30,4,0,3
BRDA:30,4,1,1
BRF:10
BRH:9
end_of_record
TN:
SF:src\middleware\tokenExtractor.ts
FN:14,(anonymous_0)
FN:30,(anonymous_1)
FNF:2
FNH:2
FNDA:20,(anonymous_0)
FNDA:20,(anonymous_1)
DA:14,9
DA:19,20
DA:20,20
DA:21,20
DA:22,20
DA:23,17
DA:24,17
DA:26,3
DA:30,9
DA:33,20
DA:34,1
DA:37,19
DA:38,19
DA:40,19
DA:41,1
DA:44,18
DA:45,18
DA:47,17
DA:48,0
DA:51,17
DA:53,1
DA:55,1
DA:56,0
DA:57,0
DA:60,1
LF:25
LH:22
BRDA:22,0,0,20
BRDA:22,0,1,1
BRDA:33,1,0,1
BRDA:33,1,1,19
BRDA:33,2,0,20
BRDA:33,2,1,19
BRDA:40,3,0,1
BRDA:40,3,1,18
BRDA:47,4,0,0
BRDA:47,4,1,17
BRDA:47,5,0,17
BRDA:47,5,1,17
BRDA:47,5,2,17
BRDA:55,6,0,0
BRDA:55,6,1,1
BRF:15
BRH:13
end_of_record
TN:
SF:src\middleware\userExtractor.ts
FN:5,(anonymous_0)
FNF:1
FNH:1
FNDA:7,(anonymous_0)
DA:5,9
DA:10,7
DA:12,7
DA:13,7
DA:14,0
DA:15,0
DA:18,7
DA:19,7
LF:8
LH:6
BRDA:13,0,0,0
BRDA:13,0,1,7
BRF:2
BRH:1
end_of_record
TN:
SF:src\middleware\validateAuthorisation.ts
FN:9,validateIsAdmin
FN:22,validateOwner
FN:23,(anonymous_2)
FN:39,validateOwnerOrAdmin
FN:40,(anonymous_4)
FN:51,(anonymous_5)
FNF:6
FNH:6
FNDA:2,validateIsAdmin
FNDA:18,validateOwner
FNDA:3,(anonymous_2)
FNDA:18,validateOwnerOrAdmin
FNDA:2,(anonymous_4)
FNDA:2,(anonymous_5)
DA:14,2
DA:16,2
DA:17,0
DA:19,2
DA:23,18
DA:24,3
DA:25,3
DA:26,0
DA:28,3
DA:29,1
DA:35,2
DA:40,18
DA:41,2
DA:42,2
DA:43,0
DA:46,2
DA:49,2
DA:51,2
DA:52,2
DA:53,0
DA:54,0
DA:57,2
DA:58,2
DA:59,0
DA:69,2
LF:25
LH:19
BRDA:16,0,0,0
BRDA:16,0,1,2
BRDA:25,1,0,0
BRDA:25,1,1,3
BRDA:28,2,0,1
BRDA:28,2,1,2
BRDA:42,3,0,0
BRDA:42,3,1,2
BRDA:49,4,0,2
BRDA:49,4,1,0
BRDA:52,5,0,0
BRDA:52,5,1,2
BRDA:58,6,0,0
BRDA:58,6,1,2
BRDA:58,7,0,2
BRDA:58,7,1,2
BRF:16
BRH:10
end_of_record
TN:
SF:src\middleware\validateInput.ts
FN:25,(anonymous_0)
FN:42,validateCommentInput
FN:63,(anonymous_2)
FN:96,validateContactFormInput
FN:106,validateLoginInput
FN:116,validatePictureUploadInput
FN:156,(anonymous_6)
FN:166,(anonymous_7)
FN:179,(anonymous_8)
FN:200,(anonymous_9)
FNF:10
FNH:7
FNDA:4,(anonymous_0)
FNDA:1,validateCommentInput
FNDA:1,(anonymous_2)
FNDA:1,validateContactFormInput
FNDA:15,validateLoginInput
FNDA:1,validatePictureUploadInput
FNDA:2,(anonymous_6)
FNDA:0,(anonymous_7)
FNDA:0,(anonymous_8)
FNDA:0,(anonymous_9)
DA:25,9
DA:30,4
DA:32,3
DA:33,3
DA:34,0
DA:37,3
DA:39,3
DA:47,1
DA:49,1
DA:50,1
DA:51,0
DA:59,1
DA:60,1
DA:63,9
DA:68,1
DA:70,1
DA:71,1
DA:72,0
DA:81,1
DA:82,1
DA:83,0
DA:92,1
DA:93,1
DA:101,1
DA:102,1
DA:103,1
DA:111,15
DA:112,13
DA:113,13
DA:121,1
DA:122,1
DA:124,1
DA:125,0
DA:128,1
DA:129,0
DA:132,1
DA:134,1
DA:135,0
DA:138,1
DA:143,1
DA:144,0
DA:145,0
DA:152,1
DA:153,1
DA:156,9
DA:161,2
DA:162,1
DA:163,1
DA:166,9
DA:171,0
DA:173,0
DA:174,0
DA:176,0
DA:179,9
DA:184,0
DA:185,0
DA:187,0
DA:188,0
DA:189,0
DA:192,0
DA:194,0
DA:195,0
DA:197,0
DA:200,9
DA:205,0
DA:206,0
DA:208,0
DA:209,0
DA:211,0
DA:212,0
DA:214,0
LF:71
LH:42
BRDA:33,0,0,0
BRDA:33,0,1,3
BRDA:50,1,0,0
BRDA:50,1,1,1
BRDA:71,2,0,0
BRDA:71,2,1,1
BRDA:82,3,0,0
BRDA:82,3,1,1
BRDA:124,4,0,0
BRDA:124,4,1,1
BRDA:124,5,0,1
BRDA:124,5,1,1
BRDA:128,6,0,0
BRDA:128,6,1,1
BRDA:134,7,0,0
BRDA:134,7,1,1
BRDA:134,8,0,1
BRDA:134,8,1,1
BRDA:134,8,2,1
BRDA:143,9,0,0
BRDA:143,9,1,1
BRDA:144,10,0,0
BRDA:144,10,1,0
BRDA:144,11,0,0
BRDA:144,11,1,0
BRDA:188,12,0,0
BRDA:188,12,1,0
BRF:27
BRH:13
end_of_record
TN:
SF:src\middleware\validateUpdateInput.ts
FN:22,(anonymous_0)
FN:94,(anonymous_1)
FN:122,(anonymous_2)
FN:147,(anonymous_3)
FN:171,(anonymous_4)
FNF:5
FNH:5
FNDA:1,(anonymous_0)
FNDA:3,(anonymous_1)
FNDA:2,(anonymous_2)
FNDA:1,(anonymous_3)
FNDA:1,(anonymous_4)
DA:22,9
DA:28,1
DA:29,1
DA:32,1
DA:34,1
DA:37,1
DA:40,1
DA:41,1
DA:42,1
DA:45,1
DA:47,1
DA:48,0
DA:56,1
DA:57,0
DA:62,0
DA:63,1
DA:64,0
DA:65,0
DA:66,1
DA:67,0
DA:68,0
DA:69,0
DA:73,1
DA:74,0
DA:78,1
DA:79,1
DA:83,1
DA:84,0
DA:85,1
DA:86,0
DA:89,1
DA:94,9
DA:99,3
DA:102,3
DA:105,3
DA:106,2
DA:107,1
DA:108,1
DA:109,1
DA:111,1
DA:112,1
DA:113,1
DA:117,1
DA:122,9
DA:127,2
DA:128,2
DA:130,2
DA:132,2
DA:133,2
DA:134,2
DA:136,2
DA:137,0
DA:143,2
DA:144,2
DA:147,9
DA:152,1
DA:153,1
DA:155,1
DA:157,1
DA:158,1
DA:160,1
DA:161,0
DA:167,1
DA:168,1
DA:171,9
DA:176,1
DA:177,1
DA:179,1
DA:181,1
DA:182,1
DA:184,1
DA:185,0
DA:191,1
DA:192,1
LF:74
LH:60
BRDA:32,0,0,0
BRDA:32,0,1,1
BRDA:32,1,0,1
BRDA:32,1,1,0
BRDA:32,1,2,0
BRDA:37,2,0,1
BRDA:37,2,1,1
BRDA:37,3,0,1
BRDA:37,3,1,1
BRDA:37,4,0,1
BRDA:37,4,1,1
BRDA:38,5,0,1
BRDA:38,5,1,1
BRDA:38,6,0,1
BRDA:38,6,1,1
BRDA:45,7,0,1
BRDA:45,7,1,1
BRDA:45,7,2,0
BRDA:45,7,3,0
BRDA:47,8,0,0
BRDA:47,8,1,1
BRDA:56,9,0,0
BRDA:56,9,1,1
BRDA:56,10,0,1
BRDA:56,10,1,1
BRDA:56,10,2,1
BRDA:58,11,0,0
BRDA:58,11,1,0
BRDA:59,12,0,0
BRDA:59,12,1,0
BRDA:63,13,0,0
BRDA:63,13,1,1
BRDA:63,14,0,1
BRDA:63,14,1,0
BRDA:63,14,2,0
BRDA:66,15,0,0
BRDA:66,15,1,1
BRDA:66,16,0,1
BRDA:66,16,1,0
BRDA:67,17,0,0
BRDA:67,17,1,0
BRDA:68,18,0,0
BRDA:68,18,1,0
BRDA:73,19,0,0
BRDA:73,19,1,1
BRDA:73,20,0,1
BRDA:73,20,1,1
BRDA:78,21,0,1
BRDA:78,21,1,0
BRDA:83,22,0,0
BRDA:83,22,1,1
BRDA:85,23,0,0
BRDA:85,23,1,1
BRDA:105,24,0,2
BRDA:105,24,1,1
BRDA:106,25,0,1
BRDA:106,25,1,1
BRDA:132,26,0,0
BRDA:132,26,1,2
BRDA:133,27,0,2
BRDA:133,27,1,0
BRDA:134,28,0,0
BRDA:134,28,1,2
BRDA:136,29,0,0
BRDA:136,29,1,2
BRDA:157,30,0,0
BRDA:157,30,1,1
BRDA:158,31,0,1
BRDA:158,31,1,0
BRDA:160,32,0,0
BRDA:160,32,1,1
BRDA:181,33,0,0
BRDA:181,33,1,1
BRDA:182,34,0,1
BRDA:182,34,1,0
BRDA:184,35,0,0
BRDA:184,35,1,1
BRF:77
BRH:43
end_of_record
TN:
SF:src\migrations\20250214_00_initialize_pictures_and_texts.ts
FN:3,up
FN:105,down
FNF:2
FNH:1
FNDA:2,up
FNDA:0,down
DA:8,2
DA:45,2
DA:71,2
DA:76,1
DA:88,1
DA:92,1
DA:110,0
DA:111,0
DA:113,0
DA:114,0
DA:116,0
DA:117,0
LF:12
LH:6
BRF:0
BRH:0
end_of_record
TN:
SF:src\migrations\20250307_00_initialize_ratings.ts
FN:3,up
FN:69,down
FNF:2
FNH:1
FNDA:1,up
FNDA:0,down
DA:8,1
DA:34,1
DA:39,1
DA:51,1
DA:56,1
DA:74,0
DA:75,0
DA:76,0
DA:77,0
DA:78,0
DA:79,0
DA:80,0
LF:12
LH:5
BRF:0
BRH:0
end_of_record
TN:
SF:src\migrations\20250313_00_initialize_comments.ts
FN:3,up
FN:73,down
FNF:2
FNH:1
FNDA:10,up
FNDA:0,down
DA:8,10
DA:38,10
DA:43,1
DA:55,1
DA:60,1
DA:78,0
DA:79,0
DA:80,0
DA:81,0
DA:82,0
LF:10
LH:5
BRF:0
BRH:0
end_of_record
TN:
SF:src\migrations\20250314_00_initialize_replies.ts
FN:3,up
FN:77,down
FNF:2
FNH:1
FNDA:1,up
FNDA:0,down
DA:8,1
DA:42,1
DA:47,1
DA:59,1
DA:64,1
DA:82,0
DA:83,0
DA:84,0
DA:85,0
DA:86,0
LF:10
LH:5
BRF:0
BRH:0
end_of_record
TN:
SF:src\migrations\20250315_00_modify_replies.ts
FN:3,up
FN:26,down
FNF:2
FNH:1
FNDA:1,up
FNDA:0,down
DA:8,1
DA:13,1
DA:31,0
DA:32,0
LF:4
LH:2
BRF:0
BRH:0
end_of_record
TN:
SF:src\migrations\20250318_00_modify_texts.ts
FN:3,up
FN:22,down
FNF:2
FNH:1
FNDA:1,up
FNDA:0,down
DA:8,1
DA:9,1
DA:11,1
DA:16,1
DA:27,0
DA:28,0
DA:30,0
DA:35,0
LF:8
LH:4
BRF:0
BRH:0
end_of_record
TN:
SF:src\migrations\20250322_01_initialize_keywords.ts
FN:3,up
FN:44,down
FNF:2
FNH:1
FNDA:1,up
FNDA:0,down
DA:8,1
DA:20,1
DA:49,0
DA:50,0
LF:4
LH:2
BRF:0
BRH:0
end_of_record
TN:
SF:src\migrations\20250326_00_modify_replies.ts
FN:3,up
FN:14,down
FNF:2
FNH:1
FNDA:1,up
FNDA:0,down
DA:8,1
DA:19,0
LF:2
LH:1
BRF:0
BRH:0
end_of_record
TN:
SF:src\migrations\20250331_00_initialize_users.ts
FN:3,up
FN:54,down
FNF:2
FNH:1
FNDA:1,up
FNDA:0,down
DA:8,1
DA:36,1
DA:59,0
DA:60,0
LF:4
LH:2
BRF:0
BRH:0
end_of_record
TN:
SF:src\migrations\20250331_01_modify_users.ts
FN:3,up
FN:15,down
FNF:2
FNH:1
FNDA:1,up
FNDA:0,down
DA:8,1
DA:20,0
LF:2
LH:1
BRF:0
BRH:0
end_of_record
TN:
SF:src\migrations\20250402_01_modify_pictures.ts
FN:3,up
FN:15,down
FNF:2
FNH:1
FNDA:2,up
FNDA:0,down
DA:8,2
DA:20,0
LF:2
LH:1
BRF:0
BRH:0
end_of_record
TN:
SF:src\migrations\20250408_00_modify_pictures.ts
FN:3,up
FN:14,down
FNF:2
FNH:1
FNDA:1,up
FNDA:0,down
DA:8,1
DA:19,0
LF:2
LH:1
BRF:0
BRH:0
end_of_record
TN:
SF:src\migrations\20250507_00_modify_users.ts
FN:3,up
FN:15,down
FNF:2
FNH:1
FNDA:1,up
FNDA:0,down
DA:8,1
DA:20,0
LF:2
LH:1
BRF:0
BRH:0
end_of_record
TN:
SF:src\migrations\20250507_01_modify_pictures_&_texts_relations.ts
FN:3,up
FN:23,down
FNF:2
FNH:1
FNDA:1,up
FNDA:0,down
DA:8,1
DA:10,1
DA:28,0
DA:30,0
LF:4
LH:2
BRF:0
BRH:0
end_of_record
TN:
SF:src\models\PictureKeyword.ts
FNF:0
FNH:0
DA:18,9
LF:1
LH:1
BRF:0
BRH:0
end_of_record
TN:
SF:src\models\comment.ts
FNF:0
FNH:0
DA:22,9
LF:1
LH:1
BRF:0
BRH:0
end_of_record
TN:
SF:src\models\index.ts
FNF:0
FNH:0
DA:11,9
DA:12,9
DA:14,9
DA:15,9
DA:17,9
DA:18,9
DA:20,9
DA:24,9
DA:26,9
DA:31,9
DA:37,9
DA:38,9
LF:12
LH:12
BRF:0
BRH:0
end_of_record
TN:
SF:src\models\keyword.ts
FNF:0
FNH:0
DA:19,9
LF:1
LH:1
BRF:0
BRH:0
end_of_record
TN:
SF:src\models\picture.ts
FNF:0
FNH:0
DA:41,9
LF:1
LH:1
BRF:0
BRH:0
end_of_record
TN:
SF:src\models\rating.ts
FNF:0
FNH:0
DA:21,9
LF:1
LH:1
BRF:0
BRH:0
end_of_record
TN:
SF:src\models\reply.ts
FNF:0
FNH:0
DA:25,9
LF:1
LH:1
BRF:0
BRH:0
end_of_record
TN:
SF:src\models\session.ts
FNF:0
FNH:0
DA:19,9
LF:1
LH:1
BRF:0
BRH:0
end_of_record
TN:
SF:src\models\text.ts
FNF:0
FNH:0
DA:18,9
LF:1
LH:1
BRF:0
BRH:0
end_of_record
TN:
SF:src\models\user.ts
FNF:0
FNH:0
DA:22,11
LF:1
LH:1
BRF:0
BRH:0
end_of_record
TN:
SF:src\schemas\commentSchema.ts
FNF:0
FNH:0
DA:3,9
DA:10,9
DA:16,9
DA:26,9
LF:4
LH:4
BRF:0
BRH:0
end_of_record
TN:
SF:src\schemas\contactFormSchema.ts
FNF:0
FNH:0
DA:3,9
LF:1
LH:1
BRF:0
BRH:0
end_of_record
TN:
SF:src\schemas\loginSchema.ts
FNF:0
FNH:0
DA:3,9
LF:1
LH:1
BRF:0
BRH:0
end_of_record
TN:
SF:src\schemas\pictureSchema.ts
FNF:0
FNH:0
DA:3,9
DA:15,9
LF:2
LH:2
BRF:0
BRH:0
end_of_record
TN:
SF:src\schemas\ratingSchema.ts
FNF:0
FNH:0
DA:3,9
LF:1
LH:1
BRF:0
BRH:0
end_of_record
TN:
SF:src\schemas\userSchema.ts
FN:16,(anonymous_0)
FN:20,(anonymous_1)
FN:37,(anonymous_2)
FN:58,(anonymous_3)
FNF:4
FNH:1
FNDA:0,(anonymous_0)
FNDA:0,(anonymous_1)
FNDA:0,(anonymous_2)
FNDA:2,(anonymous_3)
DA:3,9
DA:16,0
DA:20,0
DA:25,9
DA:37,0
DA:42,9
DA:58,2
DA:63,9
LF:8
LH:5
BRF:0
BRH:0
end_of_record
TN:
SF:src\services\authService.ts
FN:12,(anonymous_0)
FN:25,(anonymous_1)
FNF:2
FNH:2
FNDA:13,(anonymous_0)
FNDA:10,(anonymous_1)
DA:12,9
DA:13,13
DA:14,13
DA:18,13
DA:19,3
DA:22,10
DA:25,9
DA:26,10
LF:8
LH:8
BRDA:14,0,0,11
BRDA:14,0,1,2
BRDA:18,1,0,3
BRDA:18,1,1,10
BRDA:18,2,0,13
BRDA:18,2,1,11
BRF:6
BRH:6
end_of_record
TN:
SF:src\services\emailService.ts
FN:21,(anonymous_0)
FN:23,(anonymous_1)
FN:28,(anonymous_2)
FN:60,(anonymous_3)
FN:81,(anonymous_4)
FNF:5
FNH:5
FNDA:3,(anonymous_0)
FNDA:3,(anonymous_1)
FNDA:2,(anonymous_2)
FNDA:1,(anonymous_3)
FNDA:1,(anonymous_4)
DA:8,9
DA:11,9
DA:21,9
DA:22,3
DA:23,3
DA:24,3
DA:28,9
DA:33,2
DA:35,2
DA:42,2
DA:43,2
DA:47,0
DA:49,2
DA:51,0
DA:52,0
DA:54,0
DA:60,9
DA:66,1
DA:68,1
DA:75,1
DA:76,0
DA:81,9
DA:88,1
DA:96,1
DA:104,1
DA:105,0
LF:26
LH:20
BRDA:43,0,0,0
BRDA:43,0,1,2
BRDA:44,1,0,2
BRDA:44,1,1,2
BRDA:51,2,0,0
BRDA:51,2,1,0
BRDA:72,3,0,0
BRDA:72,3,1,1
BRDA:75,4,0,0
BRDA:75,4,1,1
BRDA:75,5,0,1
BRDA:75,5,1,1
BRDA:85,6,0,1
BRDA:88,7,0,1
BRDA:88,7,1,0
BRDA:89,8,0,0
BRDA:89,8,1,1
BRDA:92,9,0,0
BRDA:92,9,1,0
BRDA:100,10,0,1
BRDA:100,10,1,0
BRDA:104,11,0,0
BRDA:104,11,1,1
BRDA:104,12,0,1
BRDA:104,12,1,1
BRF:25
BRH:14
end_of_record
TN:
SF:src\services\imageService.ts
FN:10,(anonymous_0)
FNF:1
FNH:1
FNDA:1,(anonymous_0)
DA:10,9
DA:14,1
DA:15,1
DA:16,1
DA:19,1
DA:21,1
LF:6
LH:6
BRF:0
BRH:0
end_of_record
TN:
SF:src\services\keywordService.ts
FN:9,(anonymous_0)
FN:13,(anonymous_1)
FN:19,(anonymous_2)
FN:26,(anonymous_3)
FN:35,(anonymous_4)
FN:45,(anonymous_5)
FN:49,(anonymous_6)
FN:56,(anonymous_7)
FN:68,(anonymous_8)
FN:74,(anonymous_9)
FNF:10
FNH:5
FNDA:0,(anonymous_0)
FNDA:1,(anonymous_1)
FNDA:1,(anonymous_2)
FNDA:1,(anonymous_3)
FNDA:0,(anonymous_4)
FNDA:0,(anonymous_5)
FNDA:3,(anonymous_6)
FNDA:3,(anonymous_7)
FNDA:0,(anonymous_8)
FNDA:0,(anonymous_9)
DA:4,9
DA:9,9
DA:10,0
DA:13,9
DA:14,1
DA:19,9
DA:20,1
DA:26,9
DA:31,1
DA:34,1
DA:35,0
DA:39,1
DA:44,1
DA:45,0
DA:49,3
DA:51,1
DA:54,1
DA:55,1
DA:56,3
DA:61,1
DA:64,1
DA:67,1
DA:68,0
DA:72,1
DA:73,0
DA:74,0
DA:79,1
LF:27
LH:21
BRDA:31,0,0,0
BRDA:31,0,1,1
BRDA:34,1,0,0
BRDA:34,1,1,1
BRDA:54,2,0,1
BRDA:54,2,1,0
BRDA:72,3,0,0
BRDA:72,3,1,1
BRF:8
BRH:4
end_of_record
TN:
SF:src\services\pictureService.ts
FN:10,(anonymous_0)
FN:16,(anonymous_1)
FN:23,(anonymous_2)
FN:38,(anonymous_3)
FNF:4
FNH:4
FNDA:3,(anonymous_0)
FNDA:1,(anonymous_1)
FNDA:1,(anonymous_2)
FNDA:1,(anonymous_3)
DA:10,9
DA:11,3
DA:16,9
DA:17,1
DA:18,1
DA:20,0
DA:23,9
DA:28,1
DA:29,1
DA:31,1
DA:38,9
DA:46,1
DA:48,1
LF:13
LH:12
BRDA:17,0,0,1
BRDA:17,0,1,0
BRDA:28,1,0,1
BRDA:28,1,1,0
BRDA:29,2,0,0
BRDA:29,2,1,1
BRF:6
BRH:3
end_of_record
TN:
SF:src\services\replyService.ts
FN:6,(anonymous_0)
FNF:1
FNH:1
FNDA:1,(anonymous_0)
DA:4,9
DA:6,9
DA:7,1
LF:3
LH:3
BRF:0
BRH:0
end_of_record
TN:
SF:src\services\sessionService.ts
FN:3,(anonymous_0)
FN:13,(anonymous_1)
FN:17,(anonymous_2)
FN:21,(anonymous_3)
FNF:4
FNH:3
FNDA:11,(anonymous_0)
FNDA:0,(anonymous_1)
FNDA:19,(anonymous_2)
FNDA:5,(anonymous_3)
DA:3,9
DA:4,11
DA:6,11
DA:7,5
DA:9,6
DA:13,9
DA:14,0
DA:17,9
DA:18,19
DA:21,9
DA:22,5
DA:23,5
DA:24,5
LF:13
LH:12
BRDA:6,0,0,5
BRDA:6,0,1,6
BRDA:23,1,0,5
BRDA:23,1,1,0
BRF:4
BRH:3
end_of_record
TN:
SF:src\services\userService.ts
FN:4,(anonymous_0)
FN:8,(anonymous_1)
FNF:2
FNH:2
FNDA:7,(anonymous_0)
FNDA:13,(anonymous_1)
DA:2,9
DA:4,9
DA:5,7
DA:8,9
DA:9,13
LF:5
LH:5
BRF:0
BRH:0
end_of_record
TN:
SF:src\types\types.ts
FN:1,(anonymous_0)
FNF:1
FNH:1
FNDA:9,(anonymous_0)
DA:1,9
DA:2,9
DA:3,9
DA:4,9
DA:5,9
DA:6,9
LF:6
LH:6
BRDA:1,0,0,9
BRDA:1,0,1,9
BRF:2
BRH:2
end_of_record
TN:
SF:src\utils\config.ts
FNF:0
FNH:0
DA:5,11
DA:7,11
DA:10,11
DA:11,11
DA:12,11
DA:13,11
DA:14,11
DA:15,11
DA:16,11
DA:17,11
LF:10
LH:10
BRDA:5,0,0,11
BRDA:5,0,1,0
BRDA:10,1,0,11
BRDA:10,1,1,0
BRF:4
BRH:2
end_of_record
TN:
SF:src\utils\createDefaultUser.ts
FN:7,(anonymous_0)
FNF:1
FNH:1
FNDA:20,(anonymous_0)
DA:7,11
DA:8,20
DA:9,20
DA:10,1
DA:11,1
DA:18,1
DA:20,19
LF:7
LH:7
BRDA:9,0,0,1
BRDA:9,0,1,19
BRF:2
BRH:2
end_of_record
TN:
SF:src\utils\db.ts
FN:46,(anonymous_0)
FN:60,(anonymous_1)
FN:61,(anonymous_2)
FN:70,(anonymous_3)
FN:79,(anonymous_4)
FN:91,(anonymous_5)
FN:103,(anonymous_6)
FN:114,(anonymous_7)
FN:114,(anonymous_8)
FN:116,(anonymous_9)
FNF:10
FNH:7
FNDA:434,(anonymous_0)
FNDA:25,(anonymous_1)
FNDA:0,(anonymous_2)
FNDA:31,(anonymous_3)
FNDA:14,(anonymous_4)
FNDA:0,(anonymous_5)
FNDA:0,(anonymous_6)
FNDA:55,(anonymous_7)
FNDA:55,(anonymous_8)
FNDA:20,(anonymous_9)
DA:13,11
DA:14,11
DA:15,11
DA:26,11
DA:38,11
DA:39,11
DA:43,11
DA:53,434
DA:54,0
DA:57,434
DA:58,434
DA:60,25
DA:61,0
DA:70,11
DA:71,31
DA:72,31
DA:73,31
DA:75,20
DA:76,19
DA:78,1
DA:79,14
DA:83,11
DA:87,11
DA:91,11
DA:92,0
DA:93,0
DA:94,0
DA:95,0
DA:97,0
DA:98,0
DA:101,0
DA:102,0
DA:103,0
DA:107,0
DA:114,55
DA:116,11
DA:120,20
DA:122,20
DA:123,75
DA:124,75
DA:125,31
DA:126,20
DA:127,20
DA:129,55
DA:130,55
DA:131,55
DA:132,0
DA:133,0
DA:134,0
DA:136,0
DA:139,55
LF:51
LH:35
BRDA:14,0,0,11
BRDA:14,0,1,0
BRDA:39,1,0,11
BRDA:39,1,1,0
BRDA:39,2,0,11
BRDA:39,2,1,0
BRDA:53,3,0,0
BRDA:53,3,1,434
BRDA:75,4,0,19
BRDA:75,4,1,1
BRDA:85,5,0,11
BRDA:85,5,1,0
BRDA:97,6,0,0
BRDA:97,6,1,0
BRDA:101,7,0,0
BRDA:101,7,1,0
BRDA:109,8,0,0
BRDA:109,8,1,0
BRDA:117,9,0,20
BRDA:118,10,0,20
BRDA:131,11,0,0
BRDA:131,11,1,55
BRDA:133,12,0,0
BRDA:133,12,1,0
BRF:24
BRH:10
end_of_record
TN:
SF:src\utils\fileUtils.ts
FN:3,(anonymous_0)
FNF:1
FNH:1
FNDA:2,(anonymous_0)
DA:3,9
DA:4,2
DA:5,2
DA:7,0
LF:4
LH:3
BRDA:4,0,0,2
BRDA:4,0,1,0
BRF:2
BRH:1
end_of_record
TN:
SF:src\utils\formatMonthYear.ts
FN:5,(anonymous_0)
FNF:1
FNH:0
FNDA:0,(anonymous_0)
DA:3,9
DA:5,9
DA:6,0
DA:7,0
DA:9,0
DA:10,0
DA:12,0
LF:7
LH:2
BRDA:6,0,0,0
BRDA:6,0,1,0
BRDA:6,1,0,0
BRDA:6,1,1,0
BRDA:9,2,0,0
BRDA:9,2,1,0
BRDA:9,3,0,0
BRDA:9,3,1,0
BRDA:9,3,2,0
BRDA:9,3,3,0
BRF:10
BRH:0
end_of_record
TN:
SF:src\utils\includeOptions.ts
FNF:0
FNH:0
DA:3,9
DA:5,9
DA:14,9
DA:40,9
DA:56,9
DA:80,9
LF:6
LH:6
BRF:0
BRH:0
end_of_record
TN:
SF:src\utils\logger.ts
FN:4,(anonymous_0)
FN:11,(anonymous_1)
FNF:2
FNH:2
FNDA:74,(anonymous_0)
FNDA:66,(anonymous_1)
DA:4,11
DA:5,74
DA:6,0
DA:11,11
DA:12,66
DA:13,0
LF:6
LH:4
BRDA:5,0,0,0
BRDA:5,0,1,74
BRDA:12,1,0,0
BRDA:12,1,1,66
BRF:4
BRH:2
end_of_record
TN:
SF:src\utils\multerConfig.ts
FN:15,(anonymous_0)
FN:23,(anonymous_1)
FN:26,(anonymous_2)
FN:33,(anonymous_3)
FNF:4
FNH:4
FNDA:18,(anonymous_0)
FNDA:1,(anonymous_1)
FNDA:1,(anonymous_2)
FNDA:1,(anonymous_3)
DA:9,9
DA:10,9
DA:11,9
DA:12,9
DA:15,9
DA:16,18
DA:17,0
DA:22,9
DA:24,1
DA:27,1
DA:31,9
DA:34,1
DA:35,1
DA:36,1
DA:37,1
DA:39,0
LF:16
LH:14
BRDA:10,0,0,9
BRDA:10,0,1,0
BRDA:16,1,0,0
BRDA:16,1,1,18
BRDA:35,2,0,1
BRDA:35,2,1,0
BRF:6
BRH:3
end_of_record
TN:
SF:src\utils\pathUtils.ts
FN:13,(anonymous_0)
FNF:1
FNH:1
FNDA:20,(anonymous_0)
DA:5,9
DA:8,9
DA:9,9
DA:13,9
DA:14,20
LF:5
LH:5
BRDA:9,0,0,9
BRDA:9,0,1,0
BRF:2
BRH:1
end_of_record
TN:
SF:src\utils\queryHelpers.ts
FN:5,(anonymous_0)
FN:28,(anonymous_1)
FNF:2
FNH:2
FNDA:3,(anonymous_0)
FNDA:2,(anonymous_1)
DA:5,9
DA:11,3
DA:16,3
DA:17,0
DA:19,3
DA:25,3
DA:28,9
DA:29,2
DA:30,2
DA:32,0
LF:10
LH:8
BRDA:11,0,0,0
BRDA:11,0,1,3
BRDA:16,1,0,0
BRDA:16,1,1,3
BRDA:29,2,0,2
BRDA:29,2,1,0
BRDA:29,3,0,2
BRDA:29,3,1,2
BRDA:29,3,2,2
BRF:9
BRH:6
end_of_record
